I0324 04:39:12.395011       1 request.go:655] Throttling request took 1.037615944s, request: GET:https://10.96.0.1:443/apis/extensions/v1beta1?timeout=32s
time="2021-03-24T04:39:12Z" level=info msg="initializing common tests package"
{"component":"Manager","file":"internal/helpers/olm.go:16","func":"github.com/trilioData/k8s-triliovault/internal/helpers.SetAppScopeIfNotPresent","level":"info","msg":"Setting up the APP_SCOPE environment","time":"2021-03-24T04:39:14Z"}
2021-03-24T04:39:15.942Z	INFO	controller-runtime.injectors-warning	Injectors are deprecated, and will be removed in v0.10.x
2021-03-24T04:39:15.943Z	INFO	controller-runtime.injectors-warning	Injectors are deprecated, and will be removed in v0.10.x
2021-03-24T04:39:15.943Z	INFO	controller-runtime.injectors-warning	Injectors are deprecated, and will be removed in v0.10.x
2021-03-24T04:39:15.943Z	INFO	controller-runtime.injectors-warning	Injectors are deprecated, and will be removed in v0.10.x
2021-03-24T04:39:15.943Z	INFO	controller-runtime.injectors-warning	Injectors are deprecated, and will be removed in v0.10.x
2021-03-24T04:39:15.943Z	INFO	controller-runtime.injectors-warning	Injectors are deprecated, and will be removed in v0.10.x
2021-03-24T04:39:15.943Z	INFO	controller-runtime.injectors-warning	Injectors are deprecated, and will be removed in v0.10.x
2021-03-24T04:39:15.943Z	INFO	controller-runtime.injectors-warning	Injectors are deprecated, and will be removed in v0.10.x
2021-03-24T04:39:15.943Z	INFO	controller-runtime.injectors-warning	Injectors are deprecated, and will be removed in v0.10.x
2021-03-24T04:39:15.943Z	INFO	controller-runtime.injectors-warning	Injectors are deprecated, and will be removed in v0.10.x
2021-03-24T04:39:15.943Z	INFO	controller-runtime.injectors-warning	Injectors are deprecated, and will be removed in v0.10.x
2021-03-24T04:39:15.943Z	INFO	controller-runtime.injectors-warning	Injectors are deprecated, and will be removed in v0.10.x
2021-03-24T04:39:15.943Z	INFO	controller-runtime.injectors-warning	Injectors are deprecated, and will be removed in v0.10.x
2021-03-24T04:39:15.943Z	INFO	controller-runtime.injectors-warning	Injectors are deprecated, and will be removed in v0.10.x
2021-03-24T04:39:15.943Z	INFO	controller-runtime.injectors-warning	Injectors are deprecated, and will be removed in v0.10.x
2021-03-24T04:39:15.943Z	INFO	controller-runtime.injectors-warning	Injectors are deprecated, and will be removed in v0.10.x
2021-03-24T04:39:15.943Z	INFO	controller-runtime.injectors-warning	Injectors are deprecated, and will be removed in v0.10.x
2021-03-24T04:39:15.943Z	INFO	controller-runtime.injectors-warning	Injectors are deprecated, and will be removed in v0.10.x
2021-03-24T04:39:15.943Z	INFO	setup	starting manager
2021-03-24T04:39:16.244Z	INFO	controller-runtime.manager.controller.backupplan	Starting EventSource	{"reconciler group": "triliovault.trilio.io", "reconciler kind": "BackupPlan", "source": "kind source: /, Kind="}
2021-03-24T04:39:16.244Z	INFO	controller-runtime.manager.controller.target	Starting EventSource	{"reconciler group": "triliovault.trilio.io", "reconciler kind": "Target", "source": "kind source: /, Kind="}
2021-03-24T04:39:16.244Z	INFO	controller-runtime.manager.controller.backupplan	Starting EventSource	{"reconciler group": "triliovault.trilio.io", "reconciler kind": "BackupPlan", "source": "kind source: /, Kind="}
2021-03-24T04:39:16.244Z	INFO	controller-runtime.manager.controller.backup	Starting EventSource	{"reconciler group": "triliovault.trilio.io", "reconciler kind": "Backup", "source": "kind source: /, Kind="}
2021-03-24T04:39:16.244Z	INFO	controller-runtime.manager.controller.backupplan	Starting EventSource	{"reconciler group": "triliovault.trilio.io", "reconciler kind": "BackupPlan", "source": "kind source: /, Kind="}
2021-03-24T04:39:16.244Z	INFO	controller-runtime.manager.controller.backupplan	Starting Controller	{"reconciler group": "triliovault.trilio.io", "reconciler kind": "BackupPlan"}
2021-03-24T04:39:16.244Z	INFO	controller-runtime.manager.controller.backup	Starting EventSource	{"reconciler group": "triliovault.trilio.io", "reconciler kind": "Backup", "source": "kind source: /, Kind="}
2021-03-24T04:39:16.244Z	INFO	controller-runtime.manager.controller.backup	Starting Controller	{"reconciler group": "triliovault.trilio.io", "reconciler kind": "Backup"}
2021-03-24T04:39:16.245Z	INFO	controller-runtime.manager.controller.restore	Starting EventSource	{"reconciler group": "triliovault.trilio.io", "reconciler kind": "Restore", "source": "kind source: /, Kind="}
2021-03-24T04:39:16.245Z	INFO	controller-runtime.manager.controller.restore	Starting Controller	{"reconciler group": "triliovault.trilio.io", "reconciler kind": "Restore"}
2021-03-24T04:39:16.344Z	INFO	controller-runtime.manager.controller.target	Starting EventSource	{"reconciler group": "triliovault.trilio.io", "reconciler kind": "Target", "source": "kind source: /, Kind="}
2021-03-24T04:39:16.345Z	INFO	controller-runtime.manager.controller.target	Starting EventSource	{"reconciler group": "triliovault.trilio.io", "reconciler kind": "Target", "source": "kind source: /, Kind="}
2021-03-24T04:39:16.345Z	INFO	controller-runtime.manager.controller.backupplan	Starting workers	{"reconciler group": "triliovault.trilio.io", "reconciler kind": "BackupPlan", "worker count": 1}
2021-03-24T04:39:16.345Z	INFO	controller-runtime.manager.controller.backup	Starting workers	{"reconciler group": "triliovault.trilio.io", "reconciler kind": "Backup", "worker count": 1}
2021-03-24T04:39:16.345Z	INFO	controller-runtime.manager.controller.target	Starting Controller	{"reconciler group": "triliovault.trilio.io", "reconciler kind": "Target"}
2021-03-24T04:39:16.345Z	INFO	controller-runtime.manager.controller.target	Starting workers	{"reconciler group": "triliovault.trilio.io", "reconciler kind": "Target", "worker count": 1}
2021-03-24T04:39:16.345Z	INFO	analyzer.Backup	Reconciling backup	{"backup": "pmath/sample-backup-custom-operator"}
2021-03-24T04:39:16.345Z	INFO	controller-runtime.manager.controller.restore	Starting workers	{"reconciler group": "triliovault.trilio.io", "reconciler kind": "Restore", "worker count": 1}
2021-03-24T04:39:16.345Z	INFO	analyzer.Backup	Performing replace Patch operation	{"backup": "pmath/sample-backup-custom-operator"}
2021-03-24T04:39:16.346Z	INFO	analyzer.Target	Reconciling target	{"target": "pmath/sample-targetlkpxqs"}
2021-03-24T04:39:16.346Z	INFO	analyzer.Backupplan	Reconciling backupplan	{"backupPlan": "pmath/sample-application-custom-operator"}
2021-03-24T04:39:16.347Z	INFO	analyzer.Backupplan	Performing replace Patch operation	{"backupPlan": "pmath/sample-application-custom-operator"}
2021-03-24T04:39:16.356Z	INFO	analyzer.Backupplan	Reconciling backupplan	{"backupPlan": "pmath/sample-application-custom"}
2021-03-24T04:39:16.356Z	INFO	analyzer.Backupplan	Performing replace Patch operation	{"backupPlan": "pmath/sample-application-custom"}
2021-03-24T04:39:16.359Z	INFO	analyzer.Backup	Reconciling backup	{"backup": "pmath/sample-backup-custom"}
2021-03-24T04:39:16.359Z	INFO	analyzer.Backup	Performing replace Patch operation	{"backup": "pmath/sample-backup-custom"}
2021-03-24T04:39:16.371Z	INFO	analyzer.Backup	Reconciling backup	{"backup": "pmath/sample-backup"}
2021-03-24T04:39:16.371Z	INFO	analyzer.Backup	Performing replace Patch operation	{"backup": "pmath/sample-backup"}
2021-03-24T04:39:16.447Z	INFO	analyzer.Target	Reconciling target	{"target": "pmath/sample-target"}
2021-03-24T04:39:16.448Z	INFO	analyzer.Target	Performing replace Patch operation	{"target": "pmath/sample-target"}
2021-03-24T04:39:16.458Z	INFO	analyzer.Target	Reconciling target	{"target": "pmath/sample-target"}
2021-03-24T04:39:16.458Z	INFO	analyzer.Target	Performing replace Patch operation	{"target": "pmath/sample-target"}
2021-03-24T04:39:16.541Z	INFO	analyzer.Target	Reconciling target	{"target": "pmath/sample-target"}
2021-03-24T04:39:16.541Z	INFO	analyzer.Backupplan	Reconciling backupplan	{"backupPlan": "pmath/sample-application-custom-operator"}
2021-03-24T04:39:16.541Z	INFO	analyzer.Backupplan	Performing replace Patch operation	{"backupPlan": "pmath/sample-application-custom-operator"}
2021-03-24T04:39:16.542Z	INFO	analyzer.Target	Performing replace Patch operation	{"target": "pmath/sample-target"}
2021-03-24T04:39:16.555Z	INFO	analyzer.Target	Reconciling target	{"target": "pmath/sample-target"}
2021-03-24T04:39:16.555Z	INFO	analyzer.Target	Performing replace Patch operation	{"target": "pmath/sample-target"}
2021-03-24T04:39:16.556Z	INFO	analyzer.Backupplan	Reconciling backupplan	{"backupPlan": "pmath/sample-application-custom-operator"}
2021-03-24T04:39:16.556Z	INFO	analyzer.Backupplan	Performing replace Patch operation	{"backupPlan": "pmath/sample-application-custom-operator"}
2021-03-24T04:39:17.691Z	INFO	analyzer.Target	Reconciling target	{"target": "pmath/sample-target"}
2021-03-24T04:39:17.691Z	INFO	analyzer.Backupplan	Reconciling backupplan	{"backupPlan": "pmath/sample-application-custom"}
2021-03-24T04:39:17.691Z	INFO	analyzer.Target	Performing replace Patch operation	{"target": "pmath/sample-target"}
2021-03-24T04:39:17.691Z	INFO	analyzer.Backupplan	Performing replace Patch operation	{"backupPlan": "pmath/sample-application-custom"}
2021-03-24T04:39:17.713Z	INFO	analyzer.Target	Reconciling target	{"target": "pmath/sample-target"}
2021-03-24T04:39:17.714Z	INFO	analyzer.Backupplan	Reconciling backupplan	{"backupPlan": "pmath/sample-application-custom"}
2021-03-24T04:39:17.714Z	INFO	analyzer.Backupplan	Performing replace Patch operation	{"backupPlan": "pmath/sample-application-custom"}
2021-03-24T04:39:17.715Z	INFO	analyzer.Target	Performing replace Patch operation	{"target": "pmath/sample-target"}
2021-03-24T04:39:17.734Z	INFO	analyzer.Target	Reconciling target	{"target": "pmath/sample-target"}
2021-03-24T04:39:17.740Z	INFO	analyzer.Target	Performing replace Patch operation	{"target": "pmath/sample-target"}
2021-03-24T04:39:17.756Z	INFO	analyzer.Target	Reconciling target	{"target": "pmath/sample-target"}
2021-03-24T04:39:17.757Z	INFO	analyzer.Target	Performing replace Patch operation	{"target": "pmath/sample-target"}
2021-03-24T04:39:26.210Z	INFO	analyzer.Target	Reconciling target	{"target": "pmath/sample-targetlkpxqs"}
2021-03-24T06:11:18.129Z	INFO	analyzer.Target	Reconciling target	{"target": "pmath/sample-target"}
2021-03-24T06:11:18.130Z	INFO	analyzer.Target	Performing replace Patch operation	{"target": "pmath/sample-target"}
2021-03-24T06:11:18.158Z	INFO	analyzer.Target	Reconciling target	{"target": "pmath/sample-target"}
2021-03-24T06:11:18.158Z	INFO	analyzer.Target	Performing replace Patch operation	{"target": "pmath/sample-target"}
2021-03-24T06:11:30.863Z	INFO	analyzer.Target	Reconciling target	{"target": "pmath/sample-target"}
2021-03-24T06:11:30.863Z	INFO	analyzer.Target	Performing replace Patch operation	{"target": "pmath/sample-target"}
2021-03-24T06:11:30.863Z	INFO	analyzer.Backupplan	Reconciling backupplan	{"backupPlan": "pmath/sample-application-custom"}
2021-03-24T06:11:30.863Z	INFO	analyzer.Backupplan	Performing replace Patch operation	{"backupPlan": "pmath/sample-application-custom"}
2021-03-24T06:11:30.864Z	INFO	analyzer.Backup	Reconciling backup	{"backup": "pmath/sample-backup"}
2021-03-24T06:11:30.864Z	INFO	analyzer.Backup	Performing replace Patch operation	{"backup": "pmath/sample-backup"}
2021-03-24T06:11:30.876Z	INFO	analyzer.Target	Reconciling target	{"target": "pmath/sample-target"}
2021-03-24T06:11:30.876Z	INFO	analyzer.Target	Performing replace Patch operation	{"target": "pmath/sample-target"}
2021-03-25T00:14:36.082Z	INFO	analyzer.Target	Reconciling target	{"target": "pmath/sample-targetlkpxqs"}
2021-03-25T00:14:36.082Z	INFO	analyzer.Target	Reconciling target	{"target": "pmath/sample-target"}
2021-03-25T00:14:36.082Z	INFO	analyzer.Target	Performing replace Patch operation	{"target": "pmath/sample-target"}
2021-03-25T01:38:38.559Z	INFO	analyzer.Target	Reconciling target	{"target": "pmath/sample-target"}
2021-03-25T01:38:38.560Z	INFO	analyzer.Target	Performing replace Patch operation	{"target": "pmath/sample-target"}
2021-03-25T01:38:38.662Z	INFO	analyzer.Target	Reconciling target	{"target": "pmath/sample-target"}
2021-03-25T01:38:38.662Z	INFO	analyzer.Target	Performing replace Patch operation	{"target": "pmath/sample-target"}
2021-03-25T03:30:29.295Z	INFO	analyzer.Target	Reconciling target	{"target": "pmath/sample-target"}
2021-03-25T03:30:29.295Z	INFO	analyzer.Target	Performing replace Patch operation	{"target": "pmath/sample-target"}
2021-03-25T03:30:29.408Z	INFO	analyzer.Backupplan	Reconciling backupplan	{"backupPlan": "pmath/sample-application-custom"}
2021-03-25T03:30:29.408Z	INFO	analyzer.Backupplan	Performing replace Patch operation	{"backupPlan": "pmath/sample-application-custom"}
2021-03-25T03:30:29.408Z	INFO	analyzer.Backup	Reconciling backup	{"backup": "pmath/sample-backup"}
2021-03-25T03:30:29.408Z	INFO	analyzer.Target	Reconciling target	{"target": "pmath/sample-target"}
2021-03-25T03:30:29.408Z	INFO	analyzer.Target	Performing replace Patch operation	{"target": "pmath/sample-target"}
2021-03-25T03:30:29.434Z	INFO	analyzer.Target	Reconciling target	{"target": "pmath/sample-target"}
2021-03-25T03:30:29.435Z	INFO	analyzer.Target	Performing replace Patch operation	{"target": "pmath/sample-target"}
2021-03-25T10:02:15.993Z	INFO	analyzer.Target	Reconciling target	{"target": "pmath/sample-targetlkpxqs"}
2021-03-25T10:02:15.994Z	INFO	analyzer.Target	Reconciling target	{"target": "pmath/sample-target"}
2021-03-25T10:02:15.994Z	INFO	analyzer.Target	Performing replace Patch operation	{"target": "pmath/sample-target"}
2021-03-25T12:08:19.769Z	INFO	analyzer.Target	Reconciling target	{"target": "pmath/sample-target"}
2021-03-25T12:08:19.769Z	INFO	analyzer.Target	Performing replace Patch operation	{"target": "pmath/sample-target"}
2021-03-25T12:08:19.776Z	INFO	analyzer.Target	Reconciling target	{"target": "pmath/sample-target"}
2021-03-25T12:08:19.776Z	INFO	analyzer.Target	Performing replace Patch operation	{"target": "pmath/sample-target"}
2021-03-25T19:49:55.905Z	INFO	analyzer.Target	Reconciling target	{"target": "pmath/sample-targetlkpxqs"}
2021-03-25T19:49:55.906Z	INFO	analyzer.Target	Reconciling target	{"target": "pmath/sample-target"}
2021-03-25T19:49:55.906Z	INFO	analyzer.Target	Performing replace Patch operation	{"target": "pmath/sample-target"}
2021-03-25T22:38:00.976Z	INFO	analyzer.Target	Reconciling target	{"target": "pmath/sample-target"}
2021-03-25T22:38:00.978Z	INFO	analyzer.Target	Performing replace Patch operation	{"target": "pmath/sample-target"}
2021-03-26T05:37:35.818Z	INFO	analyzer.Target	Reconciling target	{"target": "pmath/sample-targetlkpxqs"}
2021-03-26T05:37:35.818Z	INFO	analyzer.Target	Reconciling target	{"target": "pmath/sample-target"}
2021-03-26T05:37:35.818Z	INFO	analyzer.Target	Performing replace Patch operation	{"target": "pmath/sample-target"}
2021-03-26T09:07:42.185Z	INFO	analyzer.Target	Reconciling target	{"target": "pmath/sample-target"}
2021-03-26T09:07:42.186Z	INFO	analyzer.Target	Performing replace Patch operation	{"target": "pmath/sample-target"}
2021-03-26T11:26:19.356Z	INFO	analyzer.Target	Reconciling target	{"target": "pmath/sample-target"}
2021-03-26T11:26:19.358Z	INFO	analyzer.Target	Performing replace Patch operation	{"target": "pmath/sample-target"}
2021-03-26T11:26:19.393Z	INFO	analyzer.Target	Reconciling target	{"target": "pmath/sample-target"}
2021-03-26T11:26:19.394Z	INFO	analyzer.Target	Performing replace Patch operation	{"target": "pmath/sample-target"}
2021-03-26T11:26:24.366Z	INFO	analyzer.Target	Reconciling target	{"target": "pmath/sample-target"}
2021-03-26T11:26:24.366Z	INFO	analyzer.Target	Performing replace Patch operation	{"target": "pmath/sample-target"}
2021-03-26T11:26:24.372Z	INFO	analyzer.Target	Reconciling target	{"target": "pmath/sample-targetlkpxqs"}
2021-03-26T13:56:21.318Z	INFO	analyzer.Target	Reconciling target	{"target": "pmath/sample-target"}
2021-03-26T13:56:21.318Z	INFO	analyzer.Target	Performing replace Patch operation	{"target": "pmath/sample-target"}
2021-03-26T13:56:21.340Z	INFO	analyzer.Target	Reconciling target	{"target": "pmath/sample-targetlkpxqs"}
2021-03-26T13:56:21.873Z	INFO	analyzer.Target	Reconciling target	{"target": "pmath/sample-target"}
2021-03-26T13:56:21.938Z	INFO	analyzer.Target	Reconciling target	{"target": "pmath/sample-targetlkpxqs"}
2021-03-26T21:56:00.565Z	INFO	analyzer.Target	Reconciling target	{"target": "pmath/sample-target"}
2021-03-26T21:56:00.565Z	INFO	analyzer.Target	Reconciling target	{"target": "pmath/sample-target"}
2021-03-27T08:25:41.774Z	INFO	analyzer.Target	Reconciling target	{"target": "pmath/sample-target"}
2021-03-27T08:25:41.774Z	INFO	analyzer.Target	Reconciling target	{"target": "pmath/sample-target"}
E0327 16:19:34.385179       1 reflector.go:138] pkg/cache/internal/informers_map.go:229: Failed to watch *v1.Target: the server could not find the requested resource (get targets.triliovault.trilio.io)
E0327 16:19:35.953239       1 reflector.go:138] pkg/cache/internal/informers_map.go:229: Failed to watch *v1.Target: failed to list *v1.Target: the server could not find the requested resource (get targets.triliovault.trilio.io)
E0327 16:19:38.679307       1 reflector.go:138] pkg/cache/internal/informers_map.go:229: Failed to watch *v1.Target: failed to list *v1.Target: the server could not find the requested resource (get targets.triliovault.trilio.io)
E0327 16:19:44.867791       1 reflector.go:138] pkg/cache/internal/informers_map.go:229: Failed to watch *v1.Target: failed to list *v1.Target: the server could not find the requested resource (get targets.triliovault.trilio.io)
E0327 16:19:51.711292       1 reflector.go:138] pkg/cache/internal/informers_map.go:229: Failed to watch *v1.Target: failed to list *v1.Target: the server could not find the requested resource (get targets.triliovault.trilio.io)
2021-03-27T18:55:22.985Z	INFO	analyzer.Target	Reconciling target	{"target": "pmath/sample-target"}
2021-03-28T05:25:04.195Z	INFO	analyzer.Target	Reconciling target	{"target": "pmath/sample-target"}
E0328 13:26:43.197726       1 reflector.go:138] pkg/cache/internal/informers_map.go:229: Failed to watch *v1.Target: the server could not find the requested resource (get targets.triliovault.trilio.io)
E0328 13:26:44.195850       1 reflector.go:138] pkg/cache/internal/informers_map.go:229: Failed to watch *v1.Target: failed to list *v1.Target: the server could not find the requested resource (get targets.triliovault.trilio.io)
E0328 13:26:45.829145       1 reflector.go:138] pkg/cache/internal/informers_map.go:229: Failed to watch *v1.Target: failed to list *v1.Target: the server could not find the requested resource (get targets.triliovault.trilio.io)
E0328 13:26:50.797876       1 reflector.go:138] pkg/cache/internal/informers_map.go:229: Failed to watch *v1.Target: failed to list *v1.Target: the server could not find the requested resource (get targets.triliovault.trilio.io)
E0328 13:26:57.401933       1 reflector.go:138] pkg/cache/internal/informers_map.go:229: Failed to watch *v1.Target: failed to list *v1.Target: the server could not find the requested resource (get targets.triliovault.trilio.io)
2021-03-28T15:54:45.402Z	INFO	analyzer.Target	Reconciling target	{"target": "pmath/sample-target"}
2021-03-28T15:54:45.402Z	INFO	analyzer.Target	Reconciling target	{"target": "pmath/sample-target"}
2021-03-29T02:24:26.610Z	INFO	analyzer.Target	Reconciling target	{"target": "pmath/sample-target"}
2021-03-29T02:24:26.610Z	INFO	analyzer.Target	Reconciling target	{"target": "pmath/sample-target"}
2021-03-29T12:07:32.300Z	INFO	analyzer.Target	Reconciling target	{"target": "pmath/sample-target"}
2021-03-29T12:07:32.300Z	INFO	analyzer.Target	Reconciling target	{"target": "pmath/sample-target"}
2021-03-29T12:07:32.302Z	INFO	analyzer.Target	Reconciling target	{"target": "pmath/sample-target"}
2021-03-29T12:24:17.646Z	INFO	analyzer.Target	Reconciling target	{"target": "pmath/sample-target"}
2021-03-29T12:24:17.647Z	INFO	analyzer.Target	Reconciling target	{"target": "pmath/sample-target"}
2021-03-29T12:24:30.635Z	INFO	analyzer.Target	Reconciling target	{"target": "pmath/sample-target"}
2021-03-29T12:25:11.184Z	INFO	analyzer.Target	Reconciling target	{"target": "pmath/sample-target"}
2021-03-29T12:45:37.913Z	INFO	analyzer.Target	Reconciling target	{"target": "pmath/sample-target"}
2021-03-29T12:45:37.914Z	INFO	analyzer.Target	Reconciling target	{"target": "pmath/sample-target"}
2021-03-29T13:17:58.015Z	INFO	analyzer.Target	Reconciling target	{"target": "pmath/sample-target"}
2021-03-29T13:19:43.373Z	INFO	analyzer.Target	Reconciling target	{"target": "pmath/sample-target"}
2021-03-29T13:19:43.373Z	INFO	analyzer.Target	Reconciling target	{"target": "pmath/sample-target"}
2021-03-29T13:22:04.470Z	INFO	analyzer.Target	Reconciling target	{"target": "pmath/sample-target"}
2021-03-29T13:22:04.471Z	INFO	analyzer.Target	Reconciling target	{"target": "pmath/sample-target"}
2021-03-29T13:22:08.809Z	INFO	analyzer.Target	Reconciling target	{"target": "pmath/sample-target"}
2021-03-29T13:22:08.809Z	INFO	analyzer.Target	Reconciling target	{"target": "pmath/sample-target"}
2021-03-29T13:22:33.429Z	INFO	analyzer.Target	Reconciling target	{"target": "pmath/sample-target"}
2021-03-29T13:22:33.429Z	INFO	analyzer.Target	Reconciling target	{"target": "pmath/sample-target"}
2021-03-29T13:24:47.457Z	INFO	analyzer.Target	Reconciling target	{"target": "pmath/sample-target"}
2021-03-29T13:24:47.461Z	INFO	analyzer.Target	Reconciling target	{"target": "pmath/sample-target"}
2021-03-29T13:25:01.132Z	INFO	analyzer.Target	Reconciling target	{"target": "pmath/sample-target"}
2021-03-29T13:26:25.059Z	INFO	analyzer.Target	Reconciling target	{"target": "pmath/sample-target"}
2021-03-29T13:26:25.060Z	INFO	analyzer.Target	Reconciling target	{"target": "pmath/sample-target"}
2021-03-29T13:28:04.937Z	INFO	analyzer.Target	Reconciling target	{"target": "pmath/sample-target"}
2021-03-29T13:28:04.939Z	INFO	analyzer.Target	Reconciling target	{"target": "pmath/sample-target"}
2021-03-29T13:28:35.234Z	INFO	analyzer.Target	Reconciling target	{"target": "pmath/sample-target"}
2021-03-29T13:30:22.431Z	INFO	analyzer.Target	Reconciling target	{"target": "pmath/sample-target"}
2021-03-29T13:30:22.433Z	INFO	analyzer.Target	Reconciling target	{"target": "pmath/sample-target"}
2021-03-29T13:32:59.360Z	INFO	analyzer.Target	Reconciling target	{"target": "pmath/sample-target"}
2021-03-29T13:32:59.361Z	INFO	analyzer.Target	Reconciling target	{"target": "pmath/sample-target"}
2021-03-29T13:34:55.156Z	INFO	analyzer.Target	Reconciling target	{"target": "pmath/sample-target"}
2021-03-29T13:34:55.157Z	INFO	analyzer.Target	Reconciling target	{"target": "pmath/sample-target"}
2021-03-29T13:35:08.168Z	INFO	analyzer.Target	Reconciling target	{"target": "pmath/sample-target"}
2021-03-29T13:35:08.170Z	INFO	analyzer.Target	Reconciling target	{"target": "pmath/sample-target"}
2021-03-29T13:35:17.233Z	INFO	analyzer.Target	Reconciling target	{"target": "pmath/sample-target"}
2021-03-29T13:35:17.235Z	INFO	analyzer.Target	Reconciling target	{"target": "pmath/sample-target"}
2021-03-29T13:35:35.721Z	INFO	analyzer.Target	Reconciling target	{"target": "pmath/sample-target"}
2021-03-29T13:35:35.726Z	INFO	analyzer.Target	Reconciling target	{"target": "pmath/sample-target"}
2021-03-29T13:36:15.144Z	INFO	analyzer.Target	Reconciling target	{"target": "pmath/sample-target"}
2021-03-29T13:36:15.146Z	INFO	analyzer.Target	Reconciling target	{"target": "pmath/sample-target"}
2021-03-29T13:36:53.103Z	INFO	analyzer.Target	Reconciling target	{"target": "pmath/sample-target"}
2021-03-29T13:37:39.155Z	INFO	analyzer.Target	Reconciling target	{"target": "pmath/sample-target"}
2021-03-29T13:37:39.155Z	INFO	analyzer.Target	Reconciling target	{"target": "pmath/sample-target"}
2021-03-29T13:38:21.843Z	INFO	analyzer.Target	Reconciling target	{"target": "pmath/sample-target"}
2021-03-29T13:38:21.844Z	INFO	analyzer.Target	Reconciling target	{"target": "pmath/sample-target"}
2021-03-29T13:39:21.623Z	INFO	analyzer.Target	Reconciling target	{"target": "pmath/sample-target"}
2021-03-29T13:40:13.947Z	INFO	analyzer.Target	Reconciling target	{"target": "pmath/sample-target"}
2021-03-29T13:40:14.025Z	INFO	analyzer.Target	Reconciling target	{"target": "pmath/sample-target"}
2021-03-29T13:41:52.830Z	INFO	analyzer.Target	Reconciling target	{"target": "pmath/sample-target"}
2021-03-29T13:41:52.830Z	INFO	analyzer.Target	Reconciling target	{"target": "pmath/sample-target"}
2021-03-29T13:43:22.922Z	INFO	analyzer.Target	Reconciling target	{"target": "pmath/sample-target"}
2021-03-29T13:43:22.922Z	INFO	analyzer.Target	Reconciling target	{"target": "pmath/sample-target"}
2021-03-30T00:13:04.130Z	INFO	analyzer.Target	Reconciling target	{"target": "pmath/sample-target"}
2021-03-30T04:42:07.678Z	INFO	analyzer.Target	Reconciling target	{"target": "pmath/sample-target"}
2021-03-30T15:11:48.885Z	INFO	analyzer.Target	Reconciling target	{"target": "pmath/sample-target"}
2021-03-30T15:11:48.886Z	INFO	analyzer.Target	Reconciling target	{"target": "pmath/sample-target"}
2021-03-31T01:41:30.092Z	INFO	analyzer.Target	Reconciling target	{"target": "pmath/sample-target"}
2021-03-31T12:11:11.304Z	INFO	analyzer.Target	Reconciling target	{"target": "pmath/sample-target"}
2021-03-31T16:43:51.177Z	INFO	analyzer.Target	Reconciling target	{"target": "pmath/sample-target"}
2021-03-31T16:43:51.177Z	INFO	analyzer.Target	Reconciling target	{"target": "pmath/sample-target"}
2021-03-31T16:44:36.567Z	INFO	analyzer.Target	Reconciling target	{"target": "pmath/sample-target"}
2021-03-31T16:44:36.569Z	INFO	analyzer.Target	Reconciling target	{"target": "pmath/sample-target"}
2021-04-01T03:14:17.777Z	INFO	analyzer.Target	Reconciling target	{"target": "pmath/sample-target"}
2021-04-01T13:43:58.986Z	INFO	analyzer.Target	Reconciling target	{"target": "pmath/sample-target"}
2021-04-01T13:43:58.987Z	INFO	analyzer.Target	Reconciling target	{"target": "pmath/sample-target"}
2021-04-02T00:13:40.193Z	INFO	analyzer.Target	Reconciling target	{"target": "pmath/sample-target"}
2021-04-02T00:13:40.194Z	INFO	analyzer.Target	Reconciling target	{"target": "pmath/sample-target"}
2021-04-02T10:43:21.402Z	INFO	analyzer.Target	Reconciling target	{"target": "pmath/sample-target"}
2021-04-02T10:43:21.402Z	INFO	analyzer.Target	Reconciling target	{"target": "pmath/sample-target"}
2021-04-02T10:57:06.992Z	INFO	analyzer.Target	Reconciling target	{"target": "pmath/sample-target"}
2021-04-02T10:57:07.023Z	INFO	analyzer.Target	Reconciling target	{"target": "pmath/sample-target"}
2021-04-02T21:26:48.203Z	INFO	analyzer.Target	Reconciling target	{"target": "pmath/sample-target"}
2021-04-03T07:56:29.410Z	INFO	analyzer.Target	Reconciling target	{"target": "pmath/sample-target"}
2021-04-03T18:26:10.617Z	INFO	analyzer.Target	Reconciling target	{"target": "pmath/sample-target"}
2021-04-04T04:55:51.829Z	INFO	analyzer.Target	Reconciling target	{"target": "pmath/sample-target"}
2021-04-04T04:55:51.829Z	INFO	analyzer.Target	Reconciling target	{"target": "pmath/sample-target"}
2021-04-04T15:25:33.036Z	INFO	analyzer.Target	Reconciling target	{"target": "pmath/sample-target"}
2021-04-05T01:55:14.244Z	INFO	analyzer.Target	Reconciling target	{"target": "pmath/sample-target"}
2021-04-05T01:55:14.246Z	INFO	analyzer.Target	Reconciling target	{"target": "pmath/sample-target"}
2021-04-05T09:31:40.299Z	INFO	analyzer.Target	Reconciling target	{"target": "pmath/sample-target"}
2021-04-05T09:31:40.301Z	INFO	analyzer.Target	Reconciling target	{"target": "pmath/sample-target"}
2021-04-05T09:31:40.301Z	INFO	analyzer.Target	Reconciling target	{"target": "pmath/sample-target"}
2021-04-05T20:01:21.509Z	INFO	analyzer.Target	Reconciling target	{"target": "pmath/sample-target"}
2021-04-06T05:45:26.232Z	INFO	analyzer.Target	Reconciling target	{"target": "pmath/sample-target"}
2021-04-06T05:48:02.484Z	INFO	analyzer.Target	Reconciling target	{"target": "pmath/sample-target"}
2021-04-06T06:36:17.255Z	INFO	analyzer.Target	Reconciling target	{"target": "pmath/sample-target"}
2021-04-06T06:36:21.387Z	INFO	analyzer.Target	Reconciling target	{"target": "pmath/sample-target"}
2021-04-06T06:36:21.388Z	INFO	analyzer.Target	Reconciling target	{"target": "pmath/sample-target"}
2021-04-06T06:36:44.560Z	INFO	analyzer.Target	Reconciling target	{"target": "pmath/sample-target"}
2021-04-06T06:36:44.561Z	INFO	analyzer.Target	Reconciling target	{"target": "pmath/sample-target"}
2021-04-06T06:36:56.320Z	INFO	analyzer.Target	Reconciling target	{"target": "pmath/sample-target"}
2021-04-06T06:36:56.514Z	INFO	analyzer.Target	Reconciling target	{"target": "pmath/sample-target"}
2021-04-06T06:37:15.493Z	INFO	analyzer.Target	Reconciling target	{"target": "pmath/sample-target"}
2021-04-06T06:37:15.499Z	INFO	analyzer.Target	Reconciling target	{"target": "pmath/sample-target"}
2021-04-06T06:37:53.736Z	INFO	analyzer.Target	Reconciling target	{"target": "pmath/sample-target"}
2021-04-06T06:38:31.794Z	INFO	analyzer.Target	Reconciling target	{"target": "pmath/sample-target"}
2021-04-06T06:38:31.796Z	INFO	analyzer.Target	Reconciling target	{"target": "pmath/sample-target"}
2021-04-06T17:08:13.010Z	INFO	analyzer.Target	Reconciling target	{"target": "pmath/sample-target"}
2021-04-06T17:08:13.027Z	INFO	analyzer.Target	Reconciling target	{"target": "pmath/sample-target"}
2021-04-07T03:37:54.212Z	INFO	analyzer.Target	Reconciling target	{"target": "pmath/sample-target"}
2021-04-07T03:37:54.214Z	INFO	analyzer.Target	Reconciling target	{"target": "pmath/sample-target"}
2021-04-07T14:07:35.423Z	INFO	analyzer.Target	Reconciling target	{"target": "pmath/sample-target"}
2021-04-07T14:07:35.426Z	INFO	analyzer.Target	Reconciling target	{"target": "pmath/sample-target"}
2021-04-08T00:37:16.633Z	INFO	analyzer.Target	Reconciling target	{"target": "pmath/sample-target"}
2021-04-08T00:37:16.635Z	INFO	analyzer.Target	Reconciling target	{"target": "pmath/sample-target"}
2021-04-08T00:37:16.635Z	INFO	analyzer.Target	Reconciling target	{"target": "pmath/sample-target"}
2021-04-08T11:06:57.852Z	INFO	analyzer.Target	Reconciling target	{"target": "pmath/sample-target"}
2021-04-08T21:36:39.061Z	INFO	analyzer.Target	Reconciling target	{"target": "pmath/sample-target"}
2021-04-08T21:36:39.061Z	INFO	analyzer.Target	Reconciling target	{"target": "pmath/sample-target"}
