I0324 02:27:09.374227       1 request.go:655] Throttling request took 1.040083833s, request: GET:https://10.96.0.1:443/apis/migration.k8s.io/v1alpha1?timeout=32s
time="2021-03-24T02:27:10Z" level=info msg="Setting up the APP_SCOPE environment"
time="2021-03-24T02:27:10Z" level=info msg="Deleting the existing resources"
time="2021-03-24T02:27:10Z" level=info msg="Mutation Configuration Name: k8s-triliovault-mutating-webhook-pmath"
time="2021-03-24T02:27:10Z" level=info msg="Validation Configuration Name: k8s-triliovault-validating-webhook-pmath"
time="2021-03-24T02:27:10Z" level=info msg="Webhook Service Name: k8s-triliovault-admission-webhook"
time="2021-03-24T02:27:10Z" level=info msg="Webhook Namespace: pmath"
time="2021-03-24T02:27:10Z" level=info msg="Webhook Secret Name: k8s-triliovault-webhook-certs"
time="2021-03-24T02:27:35Z" level=info msg="Conversion resource of kind apps/v1, Kind=Deployment with name trilio-conversion-server not found"
time="2021-03-24T02:27:35Z" level=info msg="No IngressClass kind found in cluster, ingress controller should work without ingressClass."
time="2021-03-24T02:27:35Z" level=info msg="Conversion resource of kind /v1, Kind=Secret with name conversion-secret not found"
time="2021-03-24T02:27:35Z" level=info msg="Creating Webhook secret or updating empty secret"
time="2021-03-24T02:27:35Z" level=info msg="Conversion resource of kind /v1, Kind=Service with name trilio-conversion-service not found"
time="2021-03-24T02:27:35Z" level=info msg="Conversion resource of kind rbac.authorization.k8s.io/v1, Kind=ClusterRole with name conversion-clusterrole not found"
time="2021-03-24T02:27:35Z" level=info msg="Patching CA Bundle for webhooks"
time="2021-03-24T02:27:35Z" level=info msg="Conversion resource of kind rbac.authorization.k8s.io/v1, Kind=ClusterRoleBinding with name conversion-clusterrole-binding not found"
time="2021-03-24T02:27:35Z" level=info msg="Conversion resource of kind /v1, Kind=ServiceAccount with name conversion-serviceaccount not found"
time="2021-03-24T02:27:35Z" level=info msg="Conversion resource of kind /v1, Kind=Namespace with name trilio-conversion not found"
time="2021-03-24T02:27:35Z" level=info msg="CA Bundle successfully patched"
time="2021-03-24T02:27:35Z" level=info msg="Checking if resource cleaner cron job is already present"
time="2021-03-24T02:27:35Z" level=info msg="Creating new resource cleaner cron job"
time="2021-03-24T02:27:35Z" level=info msg="Creating the CronJobk8s-triliovault-resource-cleaner"
time="2021-03-24T02:27:35Z" level=info msg="Successfully created resource cleaner cron job"
time="2021-03-24T02:27:35Z" level=info msg="Webhook init has completed successfully"
