I0324 02:27:08.473909       6 request.go:655] Throttling request took 1.034021546s, request: GET:https://10.96.0.1:443/apis/networking.k8s.io/v1beta1?timeout=32s
I0324 02:28:25.729393       1 main.go:258] Starting NGINX Ingress controller Version=edge GitCommit=177af78c
2021/03/24 02:28:25 [notice] 21#21: using the "epoll" event method
2021/03/24 02:28:25 [notice] 21#21: nginx/1.19.8
2021/03/24 02:28:25 [notice] 21#21: built by gcc 8.3.1 20191121 (Red Hat 8.3.1-5) (GCC) 
2021/03/24 02:28:25 [notice] 21#21: OS: Linux 4.19.150+
2021/03/24 02:28:25 [notice] 21#21: getrlimit(RLIMIT_NOFILE): 1048576:1048576
2021/03/24 02:28:25 [notice] 21#21: start worker processes
2021/03/24 02:28:25 [notice] 21#21: start worker process 22
2021/03/24 02:28:25 [notice] 21#21: start worker process 23
2021/03/24 02:28:25 [notice] 21#21: start worker process 24
2021/03/24 02:28:25 [notice] 21#21: start worker process 25
W0324 02:28:26.124731       1 controller.go:3055] Using the DEPRECATED annotation 'kubernetes.io/ingress.class'. The 'ingressClassName' field will be ignored.
W0324 02:28:26.124900       1 controller.go:2174] Error retrieving endpoints for the service k8s-triliovault-web-backend: service pmath/k8s-triliovault-web-backend doesn't exist
W0324 02:28:26.124923       1 controller.go:2174] Error retrieving endpoints for the service k8s-triliovault-web: service pmath/k8s-triliovault-web doesn't exist
2021/03/24 02:28:26 [notice] 21#21: signal 1 (SIGHUP) received from 29, reconfiguring
2021/03/24 02:28:26 [notice] 21#21: reconfiguring
2021/03/24 02:28:26 [notice] 21#21: using the "epoll" event method
2021/03/24 02:28:26 [notice] 21#21: start worker processes
2021/03/24 02:28:26 [notice] 21#21: start worker process 31
2021/03/24 02:28:26 [notice] 21#21: start worker process 32
2021/03/24 02:28:26 [notice] 21#21: start worker process 33
2021/03/24 02:28:26 [notice] 21#21: start worker process 34
2021/03/24 02:28:26 [notice] 23#23: gracefully shutting down
2021/03/24 02:28:26 [notice] 23#23: exiting
2021/03/24 02:28:26 [notice] 23#23: exit
2021/03/24 02:28:26 [notice] 24#24: gracefully shutting down
2021/03/24 02:28:26 [notice] 24#24: exiting
2021/03/24 02:28:26 [notice] 24#24: exit
2021/03/24 02:28:26 [notice] 25#25: gracefully shutting down
2021/03/24 02:28:26 [notice] 25#25: exiting
2021/03/24 02:28:26 [notice] 25#25: exit
2021/03/24 02:28:26 [notice] 22#22: gracefully shutting down
2021/03/24 02:28:26 [notice] 22#22: exiting
2021/03/24 02:28:26 [notice] 22#22: exit
2021/03/24 02:28:26 [notice] 21#21: signal 17 (SIGCHLD) received from 23
2021/03/24 02:28:26 [notice] 21#21: worker process 23 exited with code 0
2021/03/24 02:28:26 [notice] 21#21: signal 29 (SIGIO) received
I0324 02:28:26.548151       1 event.go:282] Event(v1.ObjectReference{Kind:"Ingress", Namespace:"pmath", Name:"k8s-triliovault-ingress", UID:"d5041a52-29f2-4a3a-bfff-42a1b0475b6b", APIVersion:"networking.k8s.io/v1beta1", ResourceVersion:"67596465", FieldPath:""}): type: 'Normal' reason: 'AddedOrUpdated' Configuration for pmath/k8s-triliovault-ingress was added or updated 
2021/03/24 02:28:26 [notice] 21#21: signal 17 (SIGCHLD) received from 24
2021/03/24 02:28:26 [notice] 21#21: worker process 22 exited with code 0
2021/03/24 02:28:26 [notice] 21#21: worker process 24 exited with code 0
2021/03/24 02:28:26 [notice] 21#21: signal 29 (SIGIO) received
2021/03/24 02:28:26 [notice] 21#21: signal 17 (SIGCHLD) received from 25
2021/03/24 02:28:26 [notice] 21#21: worker process 25 exited with code 0
2021/03/24 02:28:26 [notice] 21#21: signal 29 (SIGIO) received
2021/03/24 02:28:26 [notice] 21#21: signal 1 (SIGHUP) received from 35, reconfiguring
2021/03/24 02:28:26 [notice] 21#21: reconfiguring
2021/03/24 02:28:26 [notice] 21#21: using the "epoll" event method
2021/03/24 02:28:26 [notice] 21#21: start worker processes
2021/03/24 02:28:26 [notice] 21#21: start worker process 36
2021/03/24 02:28:26 [notice] 21#21: start worker process 37
2021/03/24 02:28:26 [notice] 21#21: start worker process 38
2021/03/24 02:28:26 [notice] 21#21: start worker process 39
2021/03/24 02:28:26 [notice] 31#31: gracefully shutting down
2021/03/24 02:28:26 [notice] 31#31: exiting
2021/03/24 02:28:26 [notice] 31#31: exit
2021/03/24 02:28:26 [notice] 34#34: gracefully shutting down
2021/03/24 02:28:26 [notice] 34#34: exiting
2021/03/24 02:28:26 [notice] 32#32: gracefully shutting down
2021/03/24 02:28:26 [notice] 32#32: exiting
2021/03/24 02:28:26 [notice] 33#33: gracefully shutting down
2021/03/24 02:28:26 [notice] 33#33: exiting
2021/03/24 02:28:26 [notice] 34#34: exit
2021/03/24 02:28:26 [notice] 33#33: exit
2021/03/24 02:28:26 [notice] 32#32: exit
I0324 02:28:26.748833       1 event.go:282] Event(v1.ObjectReference{Kind:"Ingress", Namespace:"pmath", Name:"k8s-triliovault-ingress", UID:"d5041a52-29f2-4a3a-bfff-42a1b0475b6b", APIVersion:"networking.k8s.io/v1beta1", ResourceVersion:"67596465", FieldPath:""}): type: 'Normal' reason: 'AddedOrUpdated' Configuration for pmath/k8s-triliovault-ingress was added or updated 
2021/03/24 02:28:26 [notice] 21#21: signal 17 (SIGCHLD) received from 34
2021/03/24 02:28:26 [notice] 21#21: worker process 34 exited with code 0
2021/03/24 02:28:26 [notice] 21#21: signal 29 (SIGIO) received
2021/03/24 02:28:26 [notice] 21#21: signal 17 (SIGCHLD) received from 31
2021/03/24 02:28:26 [notice] 21#21: worker process 31 exited with code 0
2021/03/24 02:28:26 [notice] 21#21: signal 29 (SIGIO) received
2021/03/24 02:28:26 [notice] 21#21: signal 17 (SIGCHLD) received from 32
2021/03/24 02:28:26 [notice] 21#21: worker process 32 exited with code 0
2021/03/24 02:28:26 [notice] 21#21: signal 29 (SIGIO) received
2021/03/24 02:28:26 [notice] 21#21: signal 17 (SIGCHLD) received from 33
2021/03/24 02:28:26 [notice] 21#21: worker process 33 exited with code 0
2021/03/24 02:28:26 [notice] 21#21: signal 29 (SIGIO) received
2021/03/24 02:28:26 [notice] 21#21: signal 1 (SIGHUP) received from 40, reconfiguring
2021/03/24 02:28:26 [notice] 21#21: reconfiguring
2021/03/24 02:28:26 [notice] 21#21: using the "epoll" event method
2021/03/24 02:28:26 [notice] 21#21: start worker processes
2021/03/24 02:28:26 [notice] 21#21: start worker process 41
2021/03/24 02:28:26 [notice] 21#21: start worker process 42
2021/03/24 02:28:26 [notice] 21#21: start worker process 43
2021/03/24 02:28:26 [notice] 21#21: start worker process 44
2021/03/24 02:28:26 [notice] 37#37: gracefully shutting down
2021/03/24 02:28:26 [notice] 39#39: gracefully shutting down
2021/03/24 02:28:26 [notice] 39#39: exiting
2021/03/24 02:28:26 [notice] 37#37: exiting
2021/03/24 02:28:26 [notice] 38#38: gracefully shutting down
2021/03/24 02:28:26 [notice] 38#38: exiting
2021/03/24 02:28:26 [notice] 37#37: exit
2021/03/24 02:28:26 [notice] 39#39: exit
2021/03/24 02:28:26 [notice] 38#38: exit
2021/03/24 02:28:26 [notice] 36#36: gracefully shutting down
2021/03/24 02:28:26 [notice] 36#36: exiting
2021/03/24 02:28:26 [notice] 36#36: exit
I0324 02:28:26.948880       1 event.go:282] Event(v1.ObjectReference{Kind:"Ingress", Namespace:"pmath", Name:"k8s-triliovault-ingress", UID:"d5041a52-29f2-4a3a-bfff-42a1b0475b6b", APIVersion:"networking.k8s.io/v1beta1", ResourceVersion:"67596465", FieldPath:""}): type: 'Normal' reason: 'AddedOrUpdated' Configuration for pmath/k8s-triliovault-ingress was added or updated 
2021/03/24 02:28:26 [notice] 21#21: signal 17 (SIGCHLD) received from 38
2021/03/24 02:28:26 [notice] 21#21: worker process 38 exited with code 0
2021/03/24 02:28:26 [notice] 21#21: signal 29 (SIGIO) received
2021/03/24 02:28:26 [notice] 21#21: signal 17 (SIGCHLD) received from 37
2021/03/24 02:28:26 [notice] 21#21: worker process 37 exited with code 0
2021/03/24 02:28:26 [notice] 21#21: signal 29 (SIGIO) received
2021/03/24 02:28:27 [notice] 21#21: signal 17 (SIGCHLD) received from 36
2021/03/24 02:28:27 [notice] 21#21: worker process 36 exited with code 0
2021/03/24 02:28:27 [notice] 21#21: worker process 39 exited with code 0
2021/03/24 02:28:27 [notice] 21#21: signal 29 (SIGIO) received
2021/03/24 02:28:27 [notice] 21#21: signal 1 (SIGHUP) received from 45, reconfiguring
2021/03/24 02:28:27 [notice] 21#21: reconfiguring
2021/03/24 02:28:27 [notice] 21#21: using the "epoll" event method
2021/03/24 02:28:27 [notice] 21#21: start worker processes
2021/03/24 02:28:27 [notice] 21#21: start worker process 46
2021/03/24 02:28:27 [notice] 21#21: start worker process 47
2021/03/24 02:28:27 [notice] 21#21: start worker process 48
2021/03/24 02:28:27 [notice] 21#21: start worker process 49
2021/03/24 02:28:27 [notice] 42#42: gracefully shutting down
2021/03/24 02:28:27 [notice] 41#41: gracefully shutting down
2021/03/24 02:28:27 [notice] 41#41: exiting
2021/03/24 02:28:27 [notice] 42#42: exiting
2021/03/24 02:28:27 [notice] 42#42: exit
2021/03/24 02:28:27 [notice] 43#43: gracefully shutting down
2021/03/24 02:28:27 [notice] 43#43: exiting
2021/03/24 02:28:27 [notice] 44#44: gracefully shutting down
2021/03/24 02:28:27 [notice] 44#44: exiting
2021/03/24 02:28:27 [notice] 43#43: exit
2021/03/24 02:28:27 [notice] 44#44: exit
2021/03/24 02:28:27 [notice] 41#41: exit
I0324 02:28:27.226040       1 event.go:282] Event(v1.ObjectReference{Kind:"Secret", Namespace:"pmath", Name:"k8s-triliovault-ingress-tls-certs", UID:"24bba988-5d1a-4c61-8868-b8b7ebe0056c", APIVersion:"v1", ResourceVersion:"70543861", FieldPath:""}): type: 'Normal' reason: 'Updated' the special Secret pmath/k8s-triliovault-ingress-tls-certs was updated
2021/03/24 02:28:27 [notice] 21#21: signal 17 (SIGCHLD) received from 42
2021/03/24 02:28:27 [notice] 21#21: worker process 42 exited with code 0
2021/03/24 02:28:27 [notice] 21#21: signal 29 (SIGIO) received
2021/03/24 02:28:27 [notice] 21#21: signal 17 (SIGCHLD) received from 41
2021/03/24 02:28:27 [notice] 21#21: worker process 41 exited with code 0
2021/03/24 02:28:27 [notice] 21#21: worker process 43 exited with code 0
2021/03/24 02:28:27 [notice] 21#21: worker process 44 exited with code 0
2021/03/24 02:28:27 [notice] 21#21: signal 29 (SIGIO) received
2021/03/24 02:28:27 [notice] 21#21: signal 17 (SIGCHLD) received from 43
W0324 02:37:34.741573       1 controller.go:3055] Using the DEPRECATED annotation 'kubernetes.io/ingress.class'. The 'ingressClassName' field will be ignored.
W0324 02:37:34.741774       1 controller.go:2174] Error retrieving endpoints for the service sample-target-browser-zu0tgi: No endpoints for target port 9090 in service sample-target-browser-zu0tgi
2021/03/24 02:37:34 [notice] 21#21: signal 1 (SIGHUP) received from 50, reconfiguring
2021/03/24 02:37:34 [notice] 21#21: reconfiguring
2021/03/24 02:37:34 [notice] 21#21: using the "epoll" event method
2021/03/24 02:37:34 [notice] 21#21: start worker processes
2021/03/24 02:37:34 [notice] 21#21: start worker process 51
2021/03/24 02:37:34 [notice] 21#21: start worker process 52
2021/03/24 02:37:34 [notice] 21#21: start worker process 53
2021/03/24 02:37:34 [notice] 21#21: start worker process 54
2021/03/24 02:37:34 [notice] 46#46: gracefully shutting down
2021/03/24 02:37:34 [notice] 46#46: exiting
2021/03/24 02:37:34 [notice] 46#46: exit
2021/03/24 02:37:34 [notice] 47#47: gracefully shutting down
2021/03/24 02:37:34 [notice] 47#47: exiting
2021/03/24 02:37:34 [notice] 47#47: exit
2021/03/24 02:37:34 [notice] 48#48: gracefully shutting down
2021/03/24 02:37:34 [notice] 48#48: exiting
2021/03/24 02:37:34 [notice] 48#48: exit
2021/03/24 02:37:34 [notice] 49#49: gracefully shutting down
2021/03/24 02:37:34 [notice] 49#49: exiting
2021/03/24 02:37:34 [notice] 49#49: exit
I0324 02:37:34.951485       1 event.go:282] Event(v1.ObjectReference{Kind:"Ingress", Namespace:"pmath", Name:"k8s-triliovault-ingress", UID:"d5041a52-29f2-4a3a-bfff-42a1b0475b6b", APIVersion:"networking.k8s.io/v1beta1", ResourceVersion:"70552588", FieldPath:""}): type: 'Normal' reason: 'AddedOrUpdated' Configuration for pmath/k8s-triliovault-ingress was added or updated 
2021/03/24 02:37:34 [notice] 21#21: signal 17 (SIGCHLD) received from 46
2021/03/24 02:37:34 [notice] 21#21: worker process 46 exited with code 0
2021/03/24 02:37:34 [notice] 21#21: signal 29 (SIGIO) received
2021/03/24 02:37:34 [notice] 21#21: signal 17 (SIGCHLD) received from 47
2021/03/24 02:37:34 [notice] 21#21: worker process 47 exited with code 0
2021/03/24 02:37:34 [notice] 21#21: signal 29 (SIGIO) received
2021/03/24 02:37:34 [notice] 21#21: signal 17 (SIGCHLD) received from 49
2021/03/24 02:37:34 [notice] 21#21: worker process 49 exited with code 0
2021/03/24 02:37:34 [notice] 21#21: signal 29 (SIGIO) received
2021/03/24 02:37:34 [notice] 21#21: signal 17 (SIGCHLD) received from 48
2021/03/24 02:37:34 [notice] 21#21: worker process 48 exited with code 0
2021/03/24 02:37:34 [notice] 21#21: signal 29 (SIGIO) received
2021/03/24 02:37:37 [notice] 21#21: signal 1 (SIGHUP) received from 55, reconfiguring
2021/03/24 02:37:37 [notice] 21#21: reconfiguring
2021/03/24 02:37:37 [notice] 21#21: using the "epoll" event method
2021/03/24 02:37:37 [notice] 21#21: start worker processes
2021/03/24 02:37:37 [notice] 21#21: start worker process 56
2021/03/24 02:37:37 [notice] 21#21: start worker process 57
2021/03/24 02:37:37 [notice] 21#21: start worker process 58
2021/03/24 02:37:37 [notice] 21#21: start worker process 59
2021/03/24 02:37:37 [notice] 52#52: gracefully shutting down
2021/03/24 02:37:37 [notice] 51#51: gracefully shutting down
2021/03/24 02:37:37 [notice] 51#51: exiting
2021/03/24 02:37:37 [notice] 52#52: exiting
2021/03/24 02:37:37 [notice] 52#52: exit
2021/03/24 02:37:37 [notice] 51#51: exit
2021/03/24 02:37:37 [notice] 53#53: gracefully shutting down
2021/03/24 02:37:37 [notice] 53#53: exiting
2021/03/24 02:37:37 [notice] 53#53: exit
2021/03/24 02:37:37 [notice] 54#54: gracefully shutting down
2021/03/24 02:37:37 [notice] 54#54: exiting
2021/03/24 02:37:37 [notice] 54#54: exit
2021/03/24 02:37:37 [notice] 21#21: signal 17 (SIGCHLD) received from 51
2021/03/24 02:37:37 [notice] 21#21: worker process 51 exited with code 0
2021/03/24 02:37:37 [notice] 21#21: worker process 53 exited with code 0
2021/03/24 02:37:37 [notice] 21#21: worker process 52 exited with code 0
2021/03/24 02:37:37 [notice] 21#21: signal 29 (SIGIO) received
2021/03/24 02:37:37 [notice] 21#21: signal 17 (SIGCHLD) received from 52
2021/03/24 02:37:37 [notice] 21#21: signal 17 (SIGCHLD) received from 54
2021/03/24 02:37:37 [notice] 21#21: worker process 54 exited with code 0
2021/03/24 02:37:37 [notice] 21#21: signal 29 (SIGIO) received
2021/03/24 02:41:42 [notice] 21#21: signal 1 (SIGHUP) received from 60, reconfiguring
2021/03/24 02:41:42 [notice] 21#21: reconfiguring
2021/03/24 02:41:42 [notice] 21#21: using the "epoll" event method
2021/03/24 02:41:42 [notice] 21#21: start worker processes
2021/03/24 02:41:42 [notice] 21#21: start worker process 61
2021/03/24 02:41:42 [notice] 21#21: start worker process 62
2021/03/24 02:41:42 [notice] 21#21: start worker process 63
2021/03/24 02:41:42 [notice] 21#21: start worker process 64
2021/03/24 02:41:42 [notice] 57#57: gracefully shutting down
2021/03/24 02:41:42 [notice] 56#56: gracefully shutting down
2021/03/24 02:41:42 [notice] 56#56: exiting
2021/03/24 02:41:42 [notice] 57#57: exiting
2021/03/24 02:41:42 [notice] 56#56: exit
2021/03/24 02:41:42 [notice] 57#57: exit
2021/03/24 02:41:42 [notice] 59#59: gracefully shutting down
2021/03/24 02:41:42 [notice] 59#59: exiting
2021/03/24 02:41:42 [notice] 58#58: gracefully shutting down
2021/03/24 02:41:42 [notice] 58#58: exiting
2021/03/24 02:41:42 [notice] 59#59: exit
2021/03/24 02:41:42 [notice] 58#58: exit
2021/03/24 02:41:42 [notice] 21#21: signal 17 (SIGCHLD) received from 57
2021/03/24 02:41:42 [notice] 21#21: worker process 57 exited with code 0
2021/03/24 02:41:42 [notice] 21#21: signal 29 (SIGIO) received
2021/03/24 02:41:42 [notice] 21#21: signal 17 (SIGCHLD) received from 59
2021/03/24 02:41:42 [notice] 21#21: worker process 58 exited with code 0
2021/03/24 02:41:42 [notice] 21#21: worker process 59 exited with code 0
2021/03/24 02:41:42 [notice] 21#21: signal 29 (SIGIO) received
2021/03/24 02:41:42 [notice] 21#21: signal 17 (SIGCHLD) received from 58
2021/03/24 02:41:42 [notice] 21#21: signal 17 (SIGCHLD) received from 56
2021/03/24 02:41:42 [notice] 21#21: worker process 56 exited with code 0
2021/03/24 02:41:42 [notice] 21#21: signal 29 (SIGIO) received
W0326 13:56:21.449989       1 controller.go:3055] Using the DEPRECATED annotation 'kubernetes.io/ingress.class'. The 'ingressClassName' field will be ignored.
2021/03/26 13:56:21 [notice] 21#21: signal 1 (SIGHUP) received from 65, reconfiguring
2021/03/26 13:56:21 [notice] 21#21: reconfiguring
2021/03/26 13:56:21 [notice] 21#21: using the "epoll" event method
2021/03/26 13:56:21 [notice] 21#21: start worker processes
2021/03/26 13:56:21 [notice] 21#21: start worker process 66
2021/03/26 13:56:21 [notice] 21#21: start worker process 67
2021/03/26 13:56:21 [notice] 21#21: start worker process 68
2021/03/26 13:56:21 [notice] 21#21: start worker process 69
2021/03/26 13:56:21 [notice] 62#62: gracefully shutting down
2021/03/26 13:56:21 [notice] 64#64: gracefully shutting down
2021/03/26 13:56:21 [notice] 64#64: exiting
2021/03/26 13:56:21 [notice] 61#61: gracefully shutting down
2021/03/26 13:56:21 [notice] 61#61: exiting
2021/03/26 13:56:21 [notice] 64#64: exit
2021/03/26 13:56:21 [notice] 62#62: exiting
2021/03/26 13:56:21 [notice] 61#61: exit
2021/03/26 13:56:21 [notice] 62#62: exit
2021/03/26 13:56:21 [notice] 63#63: gracefully shutting down
2021/03/26 13:56:21 [notice] 63#63: exiting
2021/03/26 13:56:21 [notice] 63#63: exit
2021/03/26 13:56:21 [notice] 21#21: signal 17 (SIGCHLD) received from 61
2021/03/26 13:56:21 [notice] 21#21: worker process 61 exited with code 0
2021/03/26 13:56:21 [notice] 21#21: worker process 64 exited with code 0
2021/03/26 13:56:21 [notice] 21#21: signal 29 (SIGIO) received
2021/03/26 13:56:21 [notice] 21#21: signal 17 (SIGCHLD) received from 64
2021/03/26 13:56:21 [notice] 21#21: signal 17 (SIGCHLD) received from 62
2021/03/26 13:56:21 [notice] 21#21: worker process 62 exited with code 0
2021/03/26 13:56:21 [notice] 21#21: signal 29 (SIGIO) received
2021/03/26 13:56:21 [notice] 21#21: signal 17 (SIGCHLD) received from 63
2021/03/26 13:56:21 [notice] 21#21: worker process 63 exited with code 0
2021/03/26 13:56:21 [notice] 21#21: signal 29 (SIGIO) received
I0326 13:56:21.851138       1 event.go:282] Event(v1.ObjectReference{Kind:"Ingress", Namespace:"pmath", Name:"k8s-triliovault-ingress", UID:"d5041a52-29f2-4a3a-bfff-42a1b0475b6b", APIVersion:"networking.k8s.io/v1beta1", ResourceVersion:"74471734", FieldPath:""}): type: 'Normal' reason: 'AddedOrUpdated' Configuration for pmath/k8s-triliovault-ingress was added or updated 
