INFO:root:Calling crd-parser to get the datastore
INFO:root:Parsing the target-crd to get the list of datastores
INFO:root:Fetched the list of datastores to be mounted
INFO:root:mounting datastore of type s3
INFO:root:mounting the S3 datastore by the name clone-aws-target-ns
INFO:root:writing the conf data to the conf file: clone-aws-target-ns_vault.conf

INFO:root:command: /usr/bin/python /opt/tvk/datastore-attacher/mount_utility/run_fuse_in_background.py --conf=./trilio-tmp/clone-aws-target-ns_vault.conf &
INFO:root:Executing command /usr/bin/python /opt/tvk/datastore-attacher/mount_utility/run_fuse_in_background.py --conf=./trilio-tmp/clone-aws-target-ns_vault.conf &
INFO:root:/usr/bin/python /opt/tvk/datastore-attacher/mount_utility/run_fuse_in_background.py --conf=./trilio-tmp/clone-aws-target-ns_vault.conf & command execution starting time: 2021-04-06 10:15:23.809336
INFO:root:waiting for command to complete...
INFO:root:/usr/bin/python /opt/tvk/datastore-attacher/mount_utility/run_fuse_in_background.py --conf=./trilio-tmp/clone-aws-target-ns_vault.conf & command execution completion time: 2021-04-06 10:15:25.825664
INFO:root:Command:/usr/bin/python /opt/tvk/datastore-attacher/mount_utility/run_fuse_in_background.py --conf=./trilio-tmp/clone-aws-target-ns_vault.conf &, ExitCode:0

INFO:root:2021-04-06 10:15:25.826097: waiting for mount operation to complete.
INFO:root:2021-04-06 10:15:27.829475: waiting for mount operation to complete.
INFO:root:2021-04-06 10:15:27.840754: target mounted successfully.
INFO:root:Removing all the vault files from the ./tmp directory


I0406 10:15:29.293870      30 request.go:655] Throttling request took 1.004140003s, request: GET:https://10.96.0.1:443/apis/rbacmanager.reactiveops.io/v1beta1?timeout=32s
{"component":"Target-Browser","file":"cmd/target-browser/main.go:38","func":"main.main","level":"info","msg":"Creating manager client","time":"2021-04-06T10:15:29Z"}
{"component":"Target-Browser","file":"cmd/target-browser/main.go:47","func":"main.main","level":"info","msg":"Initializing cache for target browser","time":"2021-04-06T10:15:30Z"}
{"component":"Target-Browser","file":"pkg/target-browser/cache/cache.go:46","func":"github.com/trilioData/k8s-triliovault/pkg/target-browser/cache.InitializeBrowserCache","level":"info","msg":"Target type: [ObjectStore]","time":"2021-04-06T10:15:30Z"}
{"component":"Target-Browser","file":"pkg/target-browser/cache/cache.go:47","func":"github.com/trilioData/k8s-triliovault/pkg/target-browser/cache.InitializeBrowserCache","level":"info","msg":"Maximum GoRoutines to be used 75","time":"2021-04-06T10:15:30Z"}
{"component":"Target-Browser","file":"pkg/target-browser/cache/cache.go:245","func":"github.com/trilioData/k8s-triliovault/pkg/target-browser/cache.startTargetWatch","level":"info","msg":"Starting target watcher on dir [/triliodata]","time":"2021-04-06T10:15:30Z"}
{"component":"Target-Browser","file":"pkg/target-browser/cache/cache.go:53","func":"github.com/trilioData/k8s-triliovault/pkg/target-browser/cache.InitializeBrowserCache","level":"info","msg":"Successfully set up watchers over target locations","time":"2021-04-06T10:15:30Z"}
{"component":"Target-Browser","file":"pkg/target-browser/cache/cache.go:55","func":"github.com/trilioData/k8s-triliovault/pkg/target-browser/cache.InitializeBrowserCache","level":"info","msg":"Starting background sync for all current data in target location","time":"2021-04-06T10:15:30Z"}
{"component":"Target-Browser","file":"pkg/target-browser/cache/cache.go:92","func":"github.com/trilioData/k8s-triliovault/pkg/target-browser/cache.syncOnce","level":"info","msg":"Read all backupplans from target location","time":"2021-04-06T10:15:30Z"}
{"component":"Target-Browser","file":"pkg/target-browser/cache/cache.go:60","func":"github.com/trilioData/k8s-triliovault/pkg/target-browser/cache.InitializeBrowserCache","level":"info","msg":"Initiating watcher for target","time":"2021-04-06T10:15:30Z"}
{"component":"Target-Browser","file":"pkg/target-browser/cache/cache.go:70","func":"github.com/trilioData/k8s-triliovault/pkg/target-browser/cache.InitializeBrowserCache","level":"info","msg":"Successfully created watcher instance for target","time":"2021-04-06T10:15:30Z"}
{"component":"Target-Browser","file":"pkg/target-browser/cache/cache.go:72","func":"github.com/trilioData/k8s-triliovault/pkg/target-browser/cache.InitializeBrowserCache","level":"info","msg":"Successfully completed background sync-up of data in target location at startup","time":"2021-04-06T10:15:30Z"}
{"component":"Target-Browser","file":"pkg/target-browser/cache/cache.go:73","func":"github.com/trilioData/k8s-triliovault/pkg/target-browser/cache.InitializeBrowserCache","level":"info","msg":"cache is now ready","time":"2021-04-06T10:15:30Z"}
{"component":"Target-Browser","file":"cmd/target-browser/main.go:61","func":"main.main","level":"info","msg":"Starting manager","time":"2021-04-06T10:15:30Z"}
{"component":"Target-Browser","file":"pkg/target-browser/cache/cache.go:283","func":"github.com/trilioData/k8s-triliovault/pkg/target-browser/cache.startTargetWatch.func1","level":"info","msg":"Target watcher event op: [CREATE] path: [/triliodata/df9924b2-c7f0-4e8f-b64a-e967f3d00629]","time":"2021-04-06T10:16:41Z"}
{"component":"Target-Browser","file":"pkg/target-browser/cache/cache.go:307","func":"github.com/trilioData/k8s-triliovault/pkg/target-browser/cache.startTargetWatch.func1","level":"info","msg":"Target watcher event op: [CREATE] path: [/triliodata/df9924b2-c7f0-4e8f-b64a-e967f3d00629/5c181f61-9afe-4042-82e3-5a14aadb2b3c/backup.json]","time":"2021-04-06T10:16:57Z"}
2021-04-06 10:16:57.435 12 INFO s3 [-] Starting worker thread[7fe82a7fc700].[00m
2021-04-06 10:16:57.447 12 INFO s3 [-] Starting worker thread[7fe829ffb700].[00m
2021-04-06 10:16:57.456 12 INFO s3 [-] Starting worker thread[7fe8297fa700].[00m
2021-04-06 10:16:57.523 12 INFO s3 [-] Starting worker thread[7fe828ff9700].[00m
2021-04-06 10:16:57.533 12 INFO s3 [-] Starting worker thread[7fe807fff700].[00m
2021-04-06 10:16:58.145 12 INFO s3 [-] Starting worker thread[7fe806ffd700].[00m
2021-04-06 10:16:58.154 12 INFO s3 [-] Starting worker thread[7fe8077fe700].[00m
2021-04-06 10:16:58.172 12 INFO s3 [-] Starting worker thread[7fe8067fc700].[00m
2021-04-06 10:16:58.238 12 INFO s3 [-] Starting worker thread[7fe805ffb700].[00m
2021-04-06 10:16:58.241 12 INFO s3 [-] Starting worker thread[7fe8057fa700].[00m
{"component":"Target-Browser","file":"pkg/target-browser/resources/common/helper.go:84","func":"github.com/trilioData/k8s-triliovault/pkg/target-browser/resources/common.ReadBackupPlanFromTarget","level":"error","msg":"TVKMeta file NotFound at target location, /triliodata/df9924b2-c7f0-4e8f-b64a-e967f3d00629/5c181f61-9afe-4042-82e3-5a14aadb2b3c/tvk-meta.json","time":"2021-04-06T10:16:58Z"}
{"component":"Target-Browser","file":"pkg/target-browser/cache/cache.go:207","func":"github.com/trilioData/k8s-triliovault/pkg/target-browser/cache.syncBackup","level":"info","msg":"BackupPlan not found in cache, adding new entry df9924b2-c7f0-4e8f-b64a-e967f3d00629","time":"2021-04-06T10:16:58Z"}
{"component":"Target-Browser","file":"pkg/target-browser/cache/cache.go:283","func":"github.com/trilioData/k8s-triliovault/pkg/target-browser/cache.startTargetWatch.func1","level":"info","msg":"Target watcher event op: [CREATE] path: [/triliodata/122f91ee-a761-4d88-baee-c52a50e0828e]","time":"2021-04-06T10:17:49Z"}
{"component":"Target-Browser","file":"pkg/target-browser/cache/cache.go:307","func":"github.com/trilioData/k8s-triliovault/pkg/target-browser/cache.startTargetWatch.func1","level":"info","msg":"Target watcher event op: [CREATE] path: [/triliodata/122f91ee-a761-4d88-baee-c52a50e0828e/74038319-1b08-47d0-90a0-a4beefa4b413/backup.json]","time":"2021-04-06T10:18:16Z"}
2021-04-06 10:18:16.814 12 INFO s3 [-] Starting worker thread[7fe8057fa700].[00m
2021-04-06 10:18:16.875 12 INFO s3 [-] Starting worker thread[7fe805ffb700].[00m
2021-04-06 10:18:16.888 12 INFO s3 [-] Starting worker thread[7fe8067fc700].[00m
2021-04-06 10:18:16.901 12 INFO s3 [-] Starting worker thread[7fe8077fe700].[00m
2021-04-06 10:18:16.917 12 INFO s3 [-] Starting worker thread[7fe82a7fc700].[00m
{"component":"Target-Browser","file":"pkg/target-browser/resources/common/helper.go:36","func":"github.com/trilioData/k8s-triliovault/pkg/target-browser/resources/common.ReadBackupFromTarget","level":"error","msg":"Error while unmarshalling backupinvalid character '\\x00' looking for beginning of value","time":"2021-04-06T10:18:17Z"}
{"component":"Target-Browser","file":"pkg/target-browser/cache/cache.go:175","func":"github.com/trilioData/k8s-triliovault/pkg/target-browser/cache.syncBackup.func1","level":"error","msg":"Error reading backup 74038319-1b08-47d0-90a0-a4beefa4b413 for backupplan 122f91ee-a761-4d88-baee-c52a50e0828e, invalid character '\\x00' looking for beginning of value","time":"2021-04-06T10:18:17Z"}
2021-04-06 10:18:19.463 12 INFO s3 [-] Starting worker thread[7fe82a7fc700].[00m
2021-04-06 10:18:19.476 12 INFO s3 [-] Starting worker thread[7fe8077fe700].[00m
2021-04-06 10:18:19.500 12 INFO s3 [-] Starting worker thread[7fe8067fc700].[00m
2021-04-06 10:18:19.558 12 INFO s3 [-] Starting worker thread[7fe805ffb700].[00m
2021-04-06 10:18:19.604 12 INFO s3 [-] Starting worker thread[7fe829ffb700].[00m
2021-04-06 10:18:20.403 12 INFO s3 [-] Starting worker thread[7fe828ff9700].[00m
2021-04-06 10:18:20.452 12 INFO s3 [-] Starting worker thread[7fe8297fa700].[00m
2021-04-06 10:18:20.469 12 INFO s3 [-] Starting worker thread[7fe82a7fc700].[00m
2021-04-06 10:18:20.482 12 INFO s3 [-] Starting worker thread[7fe8077fe700].[00m
2021-04-06 10:18:20.493 12 INFO s3 [-] Starting worker thread[7fe807fff700].[00m
2021-04-06 10:18:21.185 12 INFO s3 [-] Starting worker thread[7fe829ffb700].[00m
2021-04-06 10:18:21.196 12 INFO s3 [-] Starting worker thread[7fe805ffb700].[00m
2021-04-06 10:18:21.208 12 INFO s3 [-] Starting worker thread[7fe8067fc700].[00m
2021-04-06 10:18:21.233 12 INFO s3 [-] Starting worker thread[7fe806ffd700].[00m
2021-04-06 10:18:21.264 12 INFO s3 [-] Starting worker thread[7fe8057fa700].[00m
{"component":"Target-Browser","file":"pkg/target-browser/cache/cache.go:207","func":"github.com/trilioData/k8s-triliovault/pkg/target-browser/cache.syncBackup","level":"info","msg":"BackupPlan not found in cache, adding new entry 122f91ee-a761-4d88-baee-c52a50e0828e","time":"2021-04-06T10:18:21Z"}
{"component":"Target-Browser","file":"pkg/target-browser/cache/cache.go:283","func":"github.com/trilioData/k8s-triliovault/pkg/target-browser/cache.startTargetWatch.func1","level":"info","msg":"Target watcher event op: [CREATE] path: [/triliodata/497ed961-4a58-4618-ba17-62441d8c4c09]","time":"2021-04-06T10:19:21Z"}
{"component":"Target-Browser","file":"pkg/target-browser/cache/cache.go:307","func":"github.com/trilioData/k8s-triliovault/pkg/target-browser/cache.startTargetWatch.func1","level":"info","msg":"Target watcher event op: [CREATE] path: [/triliodata/497ed961-4a58-4618-ba17-62441d8c4c09/017a96a7-9e1a-409f-8fe8-f8a80d7248af/backup.json]","time":"2021-04-06T10:19:32Z"}
2021-04-06 10:19:32.882 12 INFO s3 [-] Starting worker thread[7fe8057fa700].[00m
2021-04-06 10:19:32.895 12 INFO s3 [-] Starting worker thread[7fe806ffd700].[00m
2021-04-06 10:19:32.908 12 INFO s3 [-] Starting worker thread[7fe8067fc700].[00m
2021-04-06 10:19:32.930 12 INFO s3 [-] Starting worker thread[7fe805ffb700].[00m
2021-04-06 10:19:32.946 12 INFO s3 [-] Starting worker thread[7fe82a7fc700].[00m
{"component":"Target-Browser","file":"pkg/target-browser/resources/common/helper.go:36","func":"github.com/trilioData/k8s-triliovault/pkg/target-browser/resources/common.ReadBackupFromTarget","level":"error","msg":"Error while unmarshalling backupunexpected end of JSON input","time":"2021-04-06T10:19:33Z"}
{"component":"Target-Browser","file":"pkg/target-browser/cache/cache.go:175","func":"github.com/trilioData/k8s-triliovault/pkg/target-browser/cache.syncBackup.func1","level":"error","msg":"Error reading backup 017a96a7-9e1a-409f-8fe8-f8a80d7248af for backupplan 497ed961-4a58-4618-ba17-62441d8c4c09, unexpected end of JSON input","time":"2021-04-06T10:19:33Z"}
2021-04-06 10:19:35.362 12 INFO s3 [-] Starting worker thread[7fe82a7fc700].[00m
2021-04-06 10:19:35.373 12 INFO s3 [-] Starting worker thread[7fe805ffb700].[00m
2021-04-06 10:19:35.431 12 INFO s3 [-] Starting worker thread[7fe8067fc700].[00m
2021-04-06 10:19:35.443 12 INFO s3 [-] Starting worker thread[7fe806ffd700].[00m
2021-04-06 10:19:35.459 12 INFO s3 [-] Starting worker thread[7fe829ffb700].[00m
2021-04-06 10:19:36.016 12 INFO s3 [-] Starting worker thread[7fe828ff9700].[00m
2021-04-06 10:19:36.033 12 INFO s3 [-] Starting worker thread[7fe8297fa700].[00m
2021-04-06 10:19:36.045 12 INFO s3 [-] Starting worker thread[7fe8077fe700].[00m
2021-04-06 10:19:36.060 12 INFO s3 [-] Starting worker thread[7fe8057fa700].[00m
2021-04-06 10:19:36.072 12 INFO s3 [-] Starting worker thread[7fe804ff9700].[00m
{"component":"Target-Browser","file":"pkg/target-browser/resources/common/helper.go:84","func":"github.com/trilioData/k8s-triliovault/pkg/target-browser/resources/common.ReadBackupPlanFromTarget","level":"error","msg":"TVKMeta file NotFound at target location, /triliodata/497ed961-4a58-4618-ba17-62441d8c4c09/017a96a7-9e1a-409f-8fe8-f8a80d7248af/tvk-meta.json","time":"2021-04-06T10:19:36Z"}
{"component":"Target-Browser","file":"pkg/target-browser/cache/cache.go:207","func":"github.com/trilioData/k8s-triliovault/pkg/target-browser/cache.syncBackup","level":"info","msg":"BackupPlan not found in cache, adding new entry 497ed961-4a58-4618-ba17-62441d8c4c09","time":"2021-04-06T10:19:36Z"}
{"component":"Target-Browser","file":"pkg/target-browser/cache/cache.go:283","func":"github.com/trilioData/k8s-triliovault/pkg/target-browser/cache.startTargetWatch.func1","level":"info","msg":"Target watcher event op: [CREATE] path: [/triliodata/922e35f5-4d99-4d37-a03b-e369e8a0abdb]","time":"2021-04-06T10:20:16Z"}
{"component":"Target-Browser","file":"pkg/target-browser/cache/cache.go:283","func":"github.com/trilioData/k8s-triliovault/pkg/target-browser/cache.startTargetWatch.func1","level":"info","msg":"Target watcher event op: [CREATE] path: [/triliodata/976ccb93-233d-4290-ac36-44d32bf848e2]","time":"2021-04-06T10:22:02Z"}
{"component":"Target-Browser","file":"pkg/target-browser/cache/cache.go:283","func":"github.com/trilioData/k8s-triliovault/pkg/target-browser/cache.startTargetWatch.func1","level":"info","msg":"Target watcher event op: [CREATE] path: [/triliodata/da6de442-66fd-4cc0-bf32-ecdf4073d53b]","time":"2021-04-06T10:22:08Z"}
{"component":"Target-Browser","file":"pkg/target-browser/cache/cache.go:307","func":"github.com/trilioData/k8s-triliovault/pkg/target-browser/cache.startTargetWatch.func1","level":"info","msg":"Target watcher event op: [CREATE] path: [/triliodata/da6de442-66fd-4cc0-bf32-ecdf4073d53b/c4263da0-cb5a-40df-a140-7c5883673095/backup.json]","time":"2021-04-06T10:22:21Z"}
2021-04-06 10:22:21.178 12 INFO s3 [-] Starting worker thread[7fe804ff9700].[00m
2021-04-06 10:22:21.190 12 INFO s3 [-] Starting worker thread[7fe8057fa700].[00m
2021-04-06 10:22:21.204 12 INFO s3 [-] Starting worker thread[7fe8077fe700].[00m
2021-04-06 10:22:21.221 12 INFO s3 [-] Starting worker thread[7fe8297fa700].[00m
2021-04-06 10:22:21.242 12 INFO s3 [-] Starting worker thread[7fe82a7fc700].[00m
2021-04-06 10:22:21.790 12 INFO s3 [-] Starting worker thread[7fe828ff9700].[00m
2021-04-06 10:22:21.800 12 INFO s3 [-] Starting worker thread[7fe829ffb700].[00m
2021-04-06 10:22:21.811 12 INFO s3 [-] Starting worker thread[7fe806ffd700].[00m
2021-04-06 10:22:21.831 12 INFO s3 [-] Starting worker thread[7fe8067fc700].[00m
2021-04-06 10:22:21.844 12 INFO s3 [-] Starting worker thread[7fe805ffb700].[00m
{"component":"Target-Browser","file":"pkg/target-browser/resources/common/helper.go:84","func":"github.com/trilioData/k8s-triliovault/pkg/target-browser/resources/common.ReadBackupPlanFromTarget","level":"error","msg":"TVKMeta file NotFound at target location, /triliodata/da6de442-66fd-4cc0-bf32-ecdf4073d53b/c4263da0-cb5a-40df-a140-7c5883673095/tvk-meta.json","time":"2021-04-06T10:22:22Z"}
{"component":"Target-Browser","file":"pkg/target-browser/cache/cache.go:207","func":"github.com/trilioData/k8s-triliovault/pkg/target-browser/cache.syncBackup","level":"info","msg":"BackupPlan not found in cache, adding new entry da6de442-66fd-4cc0-bf32-ecdf4073d53b","time":"2021-04-06T10:22:22Z"}
{"component":"Target-Browser","file":"pkg/target-browser/cache/cache.go:307","func":"github.com/trilioData/k8s-triliovault/pkg/target-browser/cache.startTargetWatch.func1","level":"info","msg":"Target watcher event op: [CREATE] path: [/triliodata/976ccb93-233d-4290-ac36-44d32bf848e2/470a4cf6-b4e5-48de-a87d-b1e498e8ae57/backup.json]","time":"2021-04-06T10:22:32Z"}
2021-04-06 10:22:33.064 12 INFO s3 [-] Starting worker thread[7fe805ffb700].[00m
2021-04-06 10:22:33.075 12 INFO s3 [-] Starting worker thread[7fe8067fc700].[00m
2021-04-06 10:22:33.085 12 INFO s3 [-] Starting worker thread[7fe806ffd700].[00m
2021-04-06 10:22:33.125 12 INFO s3 [-] Starting worker thread[7fe829ffb700].[00m
2021-04-06 10:22:33.138 12 INFO s3 [-] Starting worker thread[7fe82a7fc700].[00m
2021-04-06 10:22:33.666 12 INFO s3 [-] Starting worker thread[7fe828ff9700].[00m
2021-04-06 10:22:33.682 12 INFO s3 [-] Starting worker thread[7fe8297fa700].[00m
2021-04-06 10:22:33.704 12 INFO s3 [-] Starting worker thread[7fe8077fe700].[00m
2021-04-06 10:22:33.738 12 INFO s3 [-] Starting worker thread[7fe8057fa700].[00m
2021-04-06 10:22:33.744 12 INFO s3 [-] Starting worker thread[7fe804ff9700].[00m
2021-04-06 10:22:34.407 12 INFO s3 [-] Starting worker thread[7fe82a7fc700].[00m
2021-04-06 10:22:34.428 12 INFO s3 [-] Starting worker thread[7fe829ffb700].[00m
2021-04-06 10:22:34.457 12 INFO s3 [-] Starting worker thread[7fe806ffd700].[00m
2021-04-06 10:22:34.473 12 INFO s3 [-] Starting worker thread[7fe8067fc700].[00m
2021-04-06 10:22:34.521 12 INFO s3 [-] Starting worker thread[7fe805ffb700].[00m
{"component":"Target-Browser","file":"pkg/target-browser/cache/cache.go:207","func":"github.com/trilioData/k8s-triliovault/pkg/target-browser/cache.syncBackup","level":"info","msg":"BackupPlan not found in cache, adding new entry 976ccb93-233d-4290-ac36-44d32bf848e2","time":"2021-04-06T10:22:34Z"}
{"component":"Target-Browser","file":"pkg/target-browser/cache/cache.go:307","func":"github.com/trilioData/k8s-triliovault/pkg/target-browser/cache.startTargetWatch.func1","level":"info","msg":"Target watcher event op: [CREATE] path: [/triliodata/922e35f5-4d99-4d37-a03b-e369e8a0abdb/9c2b8eb8-5e6d-4312-b67f-fc0d04746053/backup.json]","time":"2021-04-06T10:29:59Z"}
2021-04-06 10:29:59.242 12 INFO s3 [-] Starting worker thread[7fe805ffb700].[00m
2021-04-06 10:29:59.264 12 INFO s3 [-] Starting worker thread[7fe8067fc700].[00m
2021-04-06 10:29:59.271 12 INFO s3 [-] Starting worker thread[7fe806ffd700].[00m
2021-04-06 10:29:59.327 12 INFO s3 [-] Starting worker thread[7fe829ffb700].[00m
2021-04-06 10:29:59.340 12 INFO s3 [-] Starting worker thread[7fe82a7fc700].[00m
2021-04-06 10:30:00.042 12 INFO s3 [-] Starting worker thread[7fe828ff9700].[00m
2021-04-06 10:30:00.070 12 INFO s3 [-] Starting worker thread[7fe8297fa700].[00m
2021-04-06 10:30:00.085 12 INFO s3 [-] Starting worker thread[7fe8077fe700].[00m
2021-04-06 10:30:00.096 12 INFO s3 [-] Starting worker thread[7fe8057fa700].[00m
2021-04-06 10:30:00.126 12 INFO s3 [-] Starting worker thread[7fe804ff9700].[00m
2021-04-06 10:30:00.901 12 INFO s3 [-] Starting worker thread[7fe806ffd700].[00m
2021-04-06 10:30:00.916 12 INFO s3 [-] Starting worker thread[7fe7e7fff700].[00m
2021-04-06 10:30:00.941 12 INFO s3 [-] Starting worker thread[7fe82a7fc700].[00m
2021-04-06 10:30:00.966 12 INFO s3 [-] Starting worker thread[7fe829ffb700].[00m
2021-04-06 10:30:00.979 12 INFO s3 [-] Starting worker thread[7fe8067fc700].[00m
{"component":"Target-Browser","file":"pkg/target-browser/cache/cache.go:207","func":"github.com/trilioData/k8s-triliovault/pkg/target-browser/cache.syncBackup","level":"info","msg":"BackupPlan not found in cache, adding new entry 922e35f5-4d99-4d37-a03b-e369e8a0abdb","time":"2021-04-06T10:30:01Z"}
{"component":"Target-Browser","file":"pkg/target-browser/cache/cache.go:283","func":"github.com/trilioData/k8s-triliovault/pkg/target-browser/cache.startTargetWatch.func1","level":"info","msg":"Target watcher event op: [CREATE] path: [/triliodata/82a7e900-5f3f-4049-acf8-06b9acf233e3-EqdgeC]","time":"2021-04-06T10:33:59Z"}
{"component":"Target-Browser","file":"pkg/target-browser/cache/cache.go:283","func":"github.com/trilioData/k8s-triliovault/pkg/target-browser/cache.startTargetWatch.func1","level":"info","msg":"Target watcher event op: [CREATE] path: [/triliodata/c3f5159c-3cff-4fd6-b459-955649587107-HnTdaD]","time":"2021-04-06T10:37:03Z"}
{"component":"Target-Browser","file":"pkg/target-browser/cache/cache.go:283","func":"github.com/trilioData/k8s-triliovault/pkg/target-browser/cache.startTargetWatch.func1","level":"info","msg":"Target watcher event op: [CREATE] path: [/triliodata/2380c0af-8d50-4cb5-b2ba-eea438998c9a-cd4wjO]","time":"2021-04-06T10:38:10Z"}
{"component":"Target-Browser","file":"pkg/target-browser/cache/cache.go:283","func":"github.com/trilioData/k8s-triliovault/pkg/target-browser/cache.startTargetWatch.func1","level":"info","msg":"Target watcher event op: [CREATE] path: [/triliodata/541da0d3-a32f-4982-9b44-904a4771de14]","time":"2021-04-06T10:44:12Z"}
{"component":"Target-Browser","file":"pkg/target-browser/cache/cache.go:307","func":"github.com/trilioData/k8s-triliovault/pkg/target-browser/cache.startTargetWatch.func1","level":"info","msg":"Target watcher event op: [CREATE] path: [/triliodata/541da0d3-a32f-4982-9b44-904a4771de14/bdd9d4b4-2570-46e2-9316-462493033125/backup.json]","time":"2021-04-06T10:44:18Z"}
2021-04-06 10:44:18.712 12 INFO s3 [-] Starting worker thread[7fe8067fc700].[00m
2021-04-06 10:44:18.730 12 INFO s3 [-] Starting worker thread[7fe829ffb700].[00m
2021-04-06 10:44:18.743 12 INFO s3 [-] Starting worker thread[7fe82a7fc700].[00m
2021-04-06 10:44:18.759 12 INFO s3 [-] Starting worker thread[7fe7e7fff700].[00m
2021-04-06 10:44:18.773 12 INFO s3 [-] Starting worker thread[7fe8297fa700].[00m
2021-04-06 10:44:19.332 12 INFO s3 [-] Starting worker thread[7fe8077fe700].[00m
2021-04-06 10:44:19.344 12 INFO s3 [-] Starting worker thread[7fe828ff9700].[00m
2021-04-06 10:44:19.362 12 INFO s3 [-] Starting worker thread[7fe806ffd700].[00m
2021-04-06 10:44:19.422 12 INFO s3 [-] Starting worker thread[7fe805ffb700].[00m
{"component":"Target-Browser","file":"pkg/target-browser/resources/common/helper.go:84","func":"github.com/trilioData/k8s-triliovault/pkg/target-browser/resources/common.ReadBackupPlanFromTarget","level":"error","msg":"TVKMeta file NotFound at target location, /triliodata/541da0d3-a32f-4982-9b44-904a4771de14/bdd9d4b4-2570-46e2-9316-462493033125/tvk-meta.json","time":"2021-04-06T10:44:19Z"}
{"component":"Target-Browser","file":"pkg/target-browser/cache/cache.go:207","func":"github.com/trilioData/k8s-triliovault/pkg/target-browser/cache.syncBackup","level":"info","msg":"BackupPlan not found in cache, adding new entry 541da0d3-a32f-4982-9b44-904a4771de14","time":"2021-04-06T10:44:19Z"}
{"component":"Target-Browser","file":"pkg/target-browser/cache/cache.go:283","func":"github.com/trilioData/k8s-triliovault/pkg/target-browser/cache.startTargetWatch.func1","level":"info","msg":"Target watcher event op: [CREATE] path: [/triliodata/49f93024-739f-4a1f-b6e1-9c1882845194]","time":"2021-04-06T10:44:51Z"}
{"component":"Target-Browser","file":"pkg/target-browser/cache/cache.go:307","func":"github.com/trilioData/k8s-triliovault/pkg/target-browser/cache.startTargetWatch.func1","level":"info","msg":"Target watcher event op: [CREATE] path: [/triliodata/49f93024-739f-4a1f-b6e1-9c1882845194/47a0607e-2f2d-4504-b27b-dee1f62dcc76/backup.json]","time":"2021-04-06T10:44:57Z"}
2021-04-06 10:44:57.983 12 INFO s3 [-] Starting worker thread[7fe8057fa700].[00m
2021-04-06 10:44:57.995 12 INFO s3 [-] Starting worker thread[7fe805ffb700].[00m
2021-04-06 10:44:58.008 12 INFO s3 [-] Starting worker thread[7fe806ffd700].[00m
2021-04-06 10:44:58.020 12 INFO s3 [-] Starting worker thread[7fe828ff9700].[00m
2021-04-06 10:44:58.039 12 INFO s3 [-] Starting worker thread[7fe82a7fc700].[00m
2021-04-06 10:44:58.653 12 INFO s3 [-] Starting worker thread[7fe8297fa700].[00m
2021-04-06 10:44:58.666 12 INFO s3 [-] Starting worker thread[7fe829ffb700].[00m
2021-04-06 10:44:58.680 12 INFO s3 [-] Starting worker thread[7fe8077fe700].[00m
2021-04-06 10:44:58.685 12 INFO s3 [-] Starting worker thread[7fe8067fc700].[00m
2021-04-06 10:44:58.767 12 INFO s3 [-] Starting worker thread[7fe804ff9700].[00m
{"component":"Target-Browser","file":"pkg/target-browser/resources/common/helper.go:84","func":"github.com/trilioData/k8s-triliovault/pkg/target-browser/resources/common.ReadBackupPlanFromTarget","level":"error","msg":"TVKMeta file NotFound at target location, /triliodata/49f93024-739f-4a1f-b6e1-9c1882845194/47a0607e-2f2d-4504-b27b-dee1f62dcc76/tvk-meta.json","time":"2021-04-06T10:44:59Z"}
{"component":"Target-Browser","file":"pkg/target-browser/cache/cache.go:207","func":"github.com/trilioData/k8s-triliovault/pkg/target-browser/cache.syncBackup","level":"info","msg":"BackupPlan not found in cache, adding new entry 49f93024-739f-4a1f-b6e1-9c1882845194","time":"2021-04-06T10:44:59Z"}
{"component":"Target-Browser","file":"pkg/target-browser/cache/cache.go:283","func":"github.com/trilioData/k8s-triliovault/pkg/target-browser/cache.startTargetWatch.func1","level":"info","msg":"Target watcher event op: [CREATE] path: [/triliodata/9b1c2fdb-82f1-4d2f-a61e-51017a83adfb]","time":"2021-04-06T10:45:04Z"}
{"component":"Target-Browser","file":"pkg/target-browser/cache/cache.go:307","func":"github.com/trilioData/k8s-triliovault/pkg/target-browser/cache.startTargetWatch.func1","level":"info","msg":"Target watcher event op: [CREATE] path: [/triliodata/9b1c2fdb-82f1-4d2f-a61e-51017a83adfb/c7732178-9a8e-4d29-8224-08eaccd67623/backup.json]","time":"2021-04-06T10:45:25Z"}
2021-04-06 10:45:26.063 12 INFO s3 [-] Starting worker thread[7fe804ff9700].[00m
2021-04-06 10:45:26.073 12 INFO s3 [-] Starting worker thread[7fe8067fc700].[00m
2021-04-06 10:45:26.086 12 INFO s3 [-] Starting worker thread[7fe8077fe700].[00m
2021-04-06 10:45:26.098 12 INFO s3 [-] Starting worker thread[7fe829ffb700].[00m
2021-04-06 10:45:26.146 12 INFO s3 [-] Starting worker thread[7fe82a7fc700].[00m
{"component":"Target-Browser","file":"pkg/target-browser/resources/common/helper.go:36","func":"github.com/trilioData/k8s-triliovault/pkg/target-browser/resources/common.ReadBackupFromTarget","level":"error","msg":"Error while unmarshalling backupunexpected end of JSON input","time":"2021-04-06T10:45:26Z"}
{"component":"Target-Browser","file":"pkg/target-browser/cache/cache.go:175","func":"github.com/trilioData/k8s-triliovault/pkg/target-browser/cache.syncBackup.func1","level":"error","msg":"Error reading backup c7732178-9a8e-4d29-8224-08eaccd67623 for backupplan 9b1c2fdb-82f1-4d2f-a61e-51017a83adfb, unexpected end of JSON input","time":"2021-04-06T10:45:26Z"}
2021-04-06 10:45:28.559 12 INFO s3 [-] Starting worker thread[7fe82a7fc700].[00m
2021-04-06 10:45:28.683 12 INFO s3 [-] Starting worker thread[7fe829ffb700].[00m
2021-04-06 10:45:28.692 12 INFO s3 [-] Starting worker thread[7fe8077fe700].[00m
2021-04-06 10:45:28.703 12 INFO s3 [-] Starting worker thread[7fe8067fc700].[00m
2021-04-06 10:45:28.769 12 INFO s3 [-] Starting worker thread[7fe8297fa700].[00m
2021-04-06 10:45:29.413 12 INFO s3 [-] Starting worker thread[7fe806ffd700].[00m
2021-04-06 10:45:29.420 12 INFO s3 [-] Starting worker thread[7fe828ff9700].[00m
2021-04-06 10:45:29.469 12 INFO s3 [-] Starting worker thread[7fe805ffb700].[00m
2021-04-06 10:45:29.487 12 INFO s3 [-] Starting worker thread[7fe8057fa700].[00m
2021-04-06 10:45:29.497 12 INFO s3 [-] Starting worker thread[7fe804ff9700].[00m
2021-04-06 10:45:30.172 12 INFO s3 [-] Starting worker thread[7fe8297fa700].[00m
2021-04-06 10:45:30.191 12 INFO s3 [-] Starting worker thread[7fe7e7fff700].[00m
2021-04-06 10:45:30.199 12 INFO s3 [-] Starting worker thread[7fe82a7fc700].[00m
2021-04-06 10:45:30.239 12 INFO s3 [-] Starting worker thread[7fe8067fc700].[00m
2021-04-06 10:45:30.273 12 INFO s3 [-] Starting worker thread[7fe829ffb700].[00m
{"component":"Target-Browser","file":"pkg/target-browser/cache/cache.go:207","func":"github.com/trilioData/k8s-triliovault/pkg/target-browser/cache.syncBackup","level":"info","msg":"BackupPlan not found in cache, adding new entry 9b1c2fdb-82f1-4d2f-a61e-51017a83adfb","time":"2021-04-06T10:45:30Z"}
{"component":"Target-Browser","file":"pkg/target-browser/cache/cache.go:283","func":"github.com/trilioData/k8s-triliovault/pkg/target-browser/cache.startTargetWatch.func1","level":"info","msg":"Target watcher event op: [CREATE] path: [/triliodata/66c753d2-1a2c-436b-87e0-9bcae0b082f1]","time":"2021-04-06T10:45:46Z"}
{"component":"Target-Browser","file":"pkg/target-browser/cache/cache.go:307","func":"github.com/trilioData/k8s-triliovault/pkg/target-browser/cache.startTargetWatch.func1","level":"info","msg":"Target watcher event op: [CREATE] path: [/triliodata/66c753d2-1a2c-436b-87e0-9bcae0b082f1/c4f6f8e3-58a1-4bd7-b30b-240cb2274396/backup.json]","time":"2021-04-06T10:45:54Z"}
2021-04-06 10:45:54.525 12 INFO s3 [-] Starting worker thread[7fe829ffb700].[00m
2021-04-06 10:45:54.551 12 INFO s3 [-] Starting worker thread[7fe8067fc700].[00m
2021-04-06 10:45:54.570 12 INFO s3 [-] Starting worker thread[7fe82a7fc700].[00m
2021-04-06 10:45:54.581 12 INFO s3 [-] Starting worker thread[7fe7e7fff700].[00m
2021-04-06 10:45:54.595 12 INFO s3 [-] Starting worker thread[7fe8297fa700].[00m
2021-04-06 10:45:55.205 12 INFO s3 [-] Starting worker thread[7fe8077fe700].[00m
2021-04-06 10:45:55.212 12 INFO s3 [-] Starting worker thread[7fe828ff9700].[00m
2021-04-06 10:45:55.244 12 INFO s3 [-] Starting worker thread[7fe806ffd700].[00m
2021-04-06 10:45:55.262 12 INFO s3 [-] Starting worker thread[7fe805ffb700].[00m
2021-04-06 10:45:55.273 12 INFO s3 [-] Starting worker thread[7fe8057fa700].[00m
{"component":"Target-Browser","file":"pkg/target-browser/resources/common/helper.go:84","func":"github.com/trilioData/k8s-triliovault/pkg/target-browser/resources/common.ReadBackupPlanFromTarget","level":"error","msg":"TVKMeta file NotFound at target location, /triliodata/66c753d2-1a2c-436b-87e0-9bcae0b082f1/c4f6f8e3-58a1-4bd7-b30b-240cb2274396/tvk-meta.json","time":"2021-04-06T10:45:55Z"}
{"component":"Target-Browser","file":"pkg/target-browser/cache/cache.go:207","func":"github.com/trilioData/k8s-triliovault/pkg/target-browser/cache.syncBackup","level":"info","msg":"BackupPlan not found in cache, adding new entry 66c753d2-1a2c-436b-87e0-9bcae0b082f1","time":"2021-04-06T10:45:55Z"}
{"component":"Target-Browser","file":"pkg/target-browser/cache/cache.go:283","func":"github.com/trilioData/k8s-triliovault/pkg/target-browser/cache.startTargetWatch.func1","level":"info","msg":"Target watcher event op: [CREATE] path: [/triliodata/71a519d9-bbca-47a9-9e41-9eb541915bae]","time":"2021-04-06T10:46:14Z"}
{"component":"Target-Browser","file":"pkg/target-browser/cache/cache.go:307","func":"github.com/trilioData/k8s-triliovault/pkg/target-browser/cache.startTargetWatch.func1","level":"info","msg":"Target watcher event op: [CREATE] path: [/triliodata/71a519d9-bbca-47a9-9e41-9eb541915bae/0102b8a2-f588-4748-b24e-d3e20334df01/backup.json]","time":"2021-04-06T10:46:28Z"}
2021-04-06 10:46:29.243 12 INFO s3 [-] Starting worker thread[7fe8057fa700].[00m
2021-04-06 10:46:29.370 12 INFO s3 [-] Starting worker thread[7fe805ffb700].[00m
2021-04-06 10:46:29.464 12 INFO s3 [-] Starting worker thread[7fe806ffd700].[00m
2021-04-06 10:46:29.573 12 INFO s3 [-] Starting worker thread[7fe828ff9700].[00m
2021-04-06 10:46:29.617 12 INFO s3 [-] Starting worker thread[7fe82a7fc700].[00m
2021-04-06 10:46:30.289 12 INFO s3 [-] Starting worker thread[7fe8057fa700].[00m
2021-04-06 10:46:30.302 12 INFO s3 [-] Starting worker thread[7fe8297fa700].[00m
2021-04-06 10:46:30.315 12 INFO s3 [-] Starting worker thread[7fe829ffb700].[00m
2021-04-06 10:46:30.328 12 INFO s3 [-] Starting worker thread[7fe8077fe700].[00m
2021-04-06 10:46:30.344 12 INFO s3 [-] Starting worker thread[7fe8067fc700].[00m
{"component":"Target-Browser","file":"pkg/target-browser/resources/common/helper.go:84","func":"github.com/trilioData/k8s-triliovault/pkg/target-browser/resources/common.ReadBackupPlanFromTarget","level":"error","msg":"TVKMeta file NotFound at target location, /triliodata/71a519d9-bbca-47a9-9e41-9eb541915bae/0102b8a2-f588-4748-b24e-d3e20334df01/tvk-meta.json","time":"2021-04-06T10:46:30Z"}
{"component":"Target-Browser","file":"pkg/target-browser/cache/cache.go:207","func":"github.com/trilioData/k8s-triliovault/pkg/target-browser/cache.syncBackup","level":"info","msg":"BackupPlan not found in cache, adding new entry 71a519d9-bbca-47a9-9e41-9eb541915bae","time":"2021-04-06T10:46:30Z"}
{"component":"Target-Browser","file":"pkg/target-browser/cache/cache.go:283","func":"github.com/trilioData/k8s-triliovault/pkg/target-browser/cache.startTargetWatch.func1","level":"info","msg":"Target watcher event op: [CREATE] path: [/triliodata/4256bcea-26e9-4de0-9741-d9c5afb619e1]","time":"2021-04-06T11:20:21Z"}
{"component":"Target-Browser","file":"pkg/target-browser/cache/cache.go:307","func":"github.com/trilioData/k8s-triliovault/pkg/target-browser/cache.startTargetWatch.func1","level":"info","msg":"Target watcher event op: [CREATE] path: [/triliodata/4256bcea-26e9-4de0-9741-d9c5afb619e1/7ef2daa4-3d57-4ad4-9406-e3f5d0e41923/backup.json]","time":"2021-04-06T11:20:28Z"}
2021-04-06 11:20:28.952 12 INFO s3 [-] Starting worker thread[7fe8067fc700].[00m
2021-04-06 11:20:28.968 12 INFO s3 [-] Starting worker thread[7fe8077fe700].[00m
2021-04-06 11:20:28.985 12 INFO s3 [-] Starting worker thread[7fe829ffb700].[00m
2021-04-06 11:20:29.030 12 INFO s3 [-] Starting worker thread[7fe8297fa700].[00m
2021-04-06 11:20:29.046 12 INFO s3 [-] Starting worker thread[7fe82a7fc700].[00m
2021-04-06 11:20:29.535 12 INFO s3 [-] Starting worker thread[7fe806ffd700].[00m
2021-04-06 11:20:29.550 12 INFO s3 [-] Starting worker thread[7fe828ff9700].[00m
2021-04-06 11:20:29.562 12 INFO s3 [-] Starting worker thread[7fe805ffb700].[00m
2021-04-06 11:20:29.575 12 INFO s3 [-] Starting worker thread[7fe8057fa700].[00m
2021-04-06 11:20:29.767 12 INFO s3 [-] Starting worker thread[7fe804ff9700].[00m
{"component":"Target-Browser","file":"pkg/target-browser/resources/common/helper.go:84","func":"github.com/trilioData/k8s-triliovault/pkg/target-browser/resources/common.ReadBackupPlanFromTarget","level":"error","msg":"TVKMeta file NotFound at target location, /triliodata/4256bcea-26e9-4de0-9741-d9c5afb619e1/7ef2daa4-3d57-4ad4-9406-e3f5d0e41923/tvk-meta.json","time":"2021-04-06T11:20:30Z"}
{"component":"Target-Browser","file":"pkg/target-browser/cache/cache.go:207","func":"github.com/trilioData/k8s-triliovault/pkg/target-browser/cache.syncBackup","level":"info","msg":"BackupPlan not found in cache, adding new entry 4256bcea-26e9-4de0-9741-d9c5afb619e1","time":"2021-04-06T11:20:30Z"}
{"component":"Target-Browser","file":"pkg/target-browser/cache/cache.go:283","func":"github.com/trilioData/k8s-triliovault/pkg/target-browser/cache.startTargetWatch.func1","level":"info","msg":"Target watcher event op: [CREATE] path: [/triliodata/9d367792-b8ed-4cda-aa04-0c7060ddb544]","time":"2021-04-06T11:21:13Z"}
{"component":"Target-Browser","file":"pkg/target-browser/cache/cache.go:307","func":"github.com/trilioData/k8s-triliovault/pkg/target-browser/cache.startTargetWatch.func1","level":"info","msg":"Target watcher event op: [CREATE] path: [/triliodata/9d367792-b8ed-4cda-aa04-0c7060ddb544/9bc8e5a1-8fb8-4658-870f-e41761f8cdf4/backup.json]","time":"2021-04-06T11:21:53Z"}
2021-04-06 11:21:53.693 12 INFO s3 [-] Starting worker thread[7fe804ff9700].[00m
2021-04-06 11:21:53.708 12 INFO s3 [-] Starting worker thread[7fe8057fa700].[00m
2021-04-06 11:21:53.754 12 INFO s3 [-] Starting worker thread[7fe805ffb700].[00m
2021-04-06 11:21:53.768 12 INFO s3 [-] Starting worker thread[7fe828ff9700].[00m
2021-04-06 11:21:53.780 12 INFO s3 [-] Starting worker thread[7fe82a7fc700].[00m
2021-04-06 11:21:54.536 12 INFO s3 [-] Starting worker thread[7fe8297fa700].[00m
2021-04-06 11:21:54.562 12 INFO s3 [-] Starting worker thread[7fe829ffb700].[00m
2021-04-06 11:21:54.577 12 INFO s3 [-] Starting worker thread[7fe8077fe700].[00m
2021-04-06 11:21:54.586 12 INFO s3 [-] Starting worker thread[7fe806ffd700].[00m
2021-04-06 11:21:54.601 12 INFO s3 [-] Starting worker thread[7fe8067fc700].[00m
2021-04-06 11:21:55.218 12 INFO s3 [-] Starting worker thread[7fe8057fa700].[00m
2021-04-06 11:21:55.252 12 INFO s3 [-] Starting worker thread[7fe804ff9700].[00m
2021-04-06 11:21:55.260 12 INFO s3 [-] Starting worker thread[7fe82a7fc700].[00m
2021-04-06 11:21:55.267 12 INFO s3 [-] Starting worker thread[7fe828ff9700].[00m
2021-04-06 11:21:55.278 12 INFO s3 [-] Starting worker thread[7fe805ffb700].[00m
{"component":"Target-Browser","file":"pkg/target-browser/cache/cache.go:207","func":"github.com/trilioData/k8s-triliovault/pkg/target-browser/cache.syncBackup","level":"info","msg":"BackupPlan not found in cache, adding new entry 9d367792-b8ed-4cda-aa04-0c7060ddb544","time":"2021-04-06T11:21:55Z"}
{"component":"Target-Browser","file":"pkg/target-browser/cache/cache.go:283","func":"github.com/trilioData/k8s-triliovault/pkg/target-browser/cache.startTargetWatch.func1","level":"info","msg":"Target watcher event op: [CREATE] path: [/triliodata/de7d6499-8308-424f-a2ac-88b869758bf4]","time":"2021-04-06T11:22:51Z"}
{"component":"Target-Browser","file":"pkg/target-browser/cache/cache.go:307","func":"github.com/trilioData/k8s-triliovault/pkg/target-browser/cache.startTargetWatch.func1","level":"info","msg":"Target watcher event op: [CREATE] path: [/triliodata/de7d6499-8308-424f-a2ac-88b869758bf4/db50406e-be06-4d95-9f98-4711c5470dc5/backup.json]","time":"2021-04-06T11:22:59Z"}
2021-04-06 11:22:59.477 12 INFO s3 [-] Starting worker thread[7fe805ffb700].[00m
2021-04-06 11:22:59.490 12 INFO s3 [-] Starting worker thread[7fe828ff9700].[00m
2021-04-06 11:22:59.502 12 INFO s3 [-] Starting worker thread[7fe82a7fc700].[00m
2021-04-06 11:22:59.547 12 INFO s3 [-] Starting worker thread[7fe804ff9700].[00m
{"component":"Target-Browser","file":"pkg/target-browser/resources/common/helper.go:36","func":"github.com/trilioData/k8s-triliovault/pkg/target-browser/resources/common.ReadBackupFromTarget","level":"error","msg":"Error while unmarshalling backupinvalid character '\\x00' looking for beginning of value","time":"2021-04-06T11:22:59Z"}
{"component":"Target-Browser","file":"pkg/target-browser/cache/cache.go:175","func":"github.com/trilioData/k8s-triliovault/pkg/target-browser/cache.syncBackup.func1","level":"error","msg":"Error reading backup db50406e-be06-4d95-9f98-4711c5470dc5 for backupplan de7d6499-8308-424f-a2ac-88b869758bf4, invalid character '\\x00' looking for beginning of value","time":"2021-04-06T11:22:59Z"}
2021-04-06 11:23:02.039 12 INFO s3 [-] Starting worker thread[7fe829ffb700].[00m
2021-04-06 11:23:02.057 12 INFO s3 [-] Starting worker thread[7fe804ff9700].[00m
2021-04-06 11:23:02.068 12 INFO s3 [-] Starting worker thread[7fe82a7fc700].[00m
2021-04-06 11:23:02.125 12 INFO s3 [-] Starting worker thread[7fe828ff9700].[00m
2021-04-06 11:23:02.149 12 INFO s3 [-] Starting worker thread[7fe8297fa700].[00m
2021-04-06 11:23:02.638 12 INFO s3 [-] Starting worker thread[7fe806ffd700].[00m
2021-04-06 11:23:02.649 12 INFO s3 [-] Starting worker thread[7fe8077fe700].[00m
2021-04-06 11:23:02.661 12 INFO s3 [-] Starting worker thread[7fe8067fc700].[00m
2021-04-06 11:23:02.674 12 INFO s3 [-] Starting worker thread[7fe805ffb700].[00m
2021-04-06 11:23:02.731 12 INFO s3 [-] Starting worker thread[7fe8057fa700].[00m
{"component":"Target-Browser","file":"pkg/target-browser/resources/common/helper.go:84","func":"github.com/trilioData/k8s-triliovault/pkg/target-browser/resources/common.ReadBackupPlanFromTarget","level":"error","msg":"TVKMeta file NotFound at target location, /triliodata/de7d6499-8308-424f-a2ac-88b869758bf4/db50406e-be06-4d95-9f98-4711c5470dc5/tvk-meta.json","time":"2021-04-06T11:23:03Z"}
{"component":"Target-Browser","file":"pkg/target-browser/cache/cache.go:207","func":"github.com/trilioData/k8s-triliovault/pkg/target-browser/cache.syncBackup","level":"info","msg":"BackupPlan not found in cache, adding new entry de7d6499-8308-424f-a2ac-88b869758bf4","time":"2021-04-06T11:23:03Z"}
{"component":"Target-Browser","file":"pkg/target-browser/cache/cache.go:283","func":"github.com/trilioData/k8s-triliovault/pkg/target-browser/cache.startTargetWatch.func1","level":"info","msg":"Target watcher event op: [CREATE] path: [/triliodata/86043f5b-c1bc-4ff6-9a14-789e6d0bdaf7]","time":"2021-04-06T11:26:09Z"}
{"component":"Target-Browser","file":"pkg/target-browser/cache/cache.go:307","func":"github.com/trilioData/k8s-triliovault/pkg/target-browser/cache.startTargetWatch.func1","level":"info","msg":"Target watcher event op: [CREATE] path: [/triliodata/86043f5b-c1bc-4ff6-9a14-789e6d0bdaf7/a5ddc632-310c-47b2-b452-d400792cd2ad/backup.json]","time":"2021-04-06T11:26:38Z"}
2021-04-06 11:26:38.966 12 INFO s3 [-] Starting worker thread[7fe8057fa700].[00m
2021-04-06 11:26:38.988 12 INFO s3 [-] Starting worker thread[7fe805ffb700].[00m
2021-04-06 11:26:39.005 12 INFO s3 [-] Starting worker thread[7fe8067fc700].[00m
2021-04-06 11:26:39.039 12 INFO s3 [-] Starting worker thread[7fe8077fe700].[00m
2021-04-06 11:26:39.049 12 INFO s3 [-] Starting worker thread[7fe82a7fc700].[00m
2021-04-06 11:26:39.543 12 INFO s3 [-] Starting worker thread[7fe8297fa700].[00m
2021-04-06 11:26:39.560 12 INFO s3 [-] Starting worker thread[7fe829ffb700].[00m
2021-04-06 11:26:39.581 12 INFO s3 [-] Starting worker thread[7fe828ff9700].[00m
2021-04-06 11:26:39.626 12 INFO s3 [-] Starting worker thread[7fe806ffd700].[00m
2021-04-06 11:26:39.639 12 INFO s3 [-] Starting worker thread[7fe804ff9700].[00m
2021-04-06 11:26:40.187 12 INFO s3 [-] Starting worker thread[7fe82a7fc700].[00m
2021-04-06 11:26:40.194 12 INFO s3 [-] Starting worker thread[7fe8077fe700].[00m
2021-04-06 11:26:40.207 12 INFO s3 [-] Starting worker thread[7fe8067fc700].[00m
2021-04-06 11:26:40.223 12 INFO s3 [-] Starting worker thread[7fe805ffb700].[00m
2021-04-06 11:26:40.234 12 INFO s3 [-] Starting worker thread[7fe8057fa700].[00m
{"component":"Target-Browser","file":"pkg/target-browser/cache/cache.go:207","func":"github.com/trilioData/k8s-triliovault/pkg/target-browser/cache.syncBackup","level":"info","msg":"BackupPlan not found in cache, adding new entry 86043f5b-c1bc-4ff6-9a14-789e6d0bdaf7","time":"2021-04-06T11:26:40Z"}
{"component":"Target-Browser","file":"pkg/target-browser/cache/cache.go:283","func":"github.com/trilioData/k8s-triliovault/pkg/target-browser/cache.startTargetWatch.func1","level":"info","msg":"Target watcher event op: [CREATE] path: [/triliodata/1feaa5f2-a61b-4405-8724-828e361893e8]","time":"2021-04-06T11:29:45Z"}
{"component":"Target-Browser","file":"pkg/target-browser/cache/cache.go:307","func":"github.com/trilioData/k8s-triliovault/pkg/target-browser/cache.startTargetWatch.func1","level":"info","msg":"Target watcher event op: [CREATE] path: [/triliodata/1feaa5f2-a61b-4405-8724-828e361893e8/331c6343-d186-4fe3-ad14-80ca7faf8566/backup.json]","time":"2021-04-06T11:30:10Z"}
2021-04-06 11:30:10.572 12 INFO s3 [-] Starting worker thread[7fe805ffb700].[00m
2021-04-06 11:30:10.594 12 INFO s3 [-] Starting worker thread[7fe8057fa700].[00m
2021-04-06 11:30:10.607 12 INFO s3 [-] Starting worker thread[7fe8067fc700].[00m
2021-04-06 11:30:10.904 12 INFO s3 [-] Starting worker thread[7fe8077fe700].[00m
2021-04-06 11:30:10.945 12 INFO s3 [-] Starting worker thread[7fe82a7fc700].[00m
2021-04-06 11:30:12.112 12 INFO s3 [-] Starting worker thread[7fe82a7fc700].[00m
2021-04-06 11:30:12.184 12 INFO s3 [-] Starting worker thread[7fe8077fe700].[00m
2021-04-06 11:30:12.606 12 INFO s3 [-] Starting worker thread[7fe8067fc700].[00m
2021-04-06 11:30:12.618 12 INFO s3 [-] Starting worker thread[7fe8057fa700].[00m
2021-04-06 11:30:12.638 12 INFO s3 [-] Starting worker thread[7fe829ffb700].[00m
2021-04-06 11:30:13.766 12 INFO s3 [-] Starting worker thread[7fe829ffb700].[00m
2021-04-06 11:30:13.792 12 INFO s3 [-] Starting worker thread[7fe8057fa700].[00m
2021-04-06 11:30:13.861 12 INFO s3 [-] Starting worker thread[7fe8067fc700].[00m
2021-04-06 11:30:13.881 12 INFO s3 [-] Starting worker thread[7fe828ff9700].[00m
2021-04-06 11:30:13.903 12 INFO s3 [-] Starting worker thread[7fe8297fa700].[00m
{"component":"Target-Browser","file":"pkg/target-browser/cache/cache.go:207","func":"github.com/trilioData/k8s-triliovault/pkg/target-browser/cache.syncBackup","level":"info","msg":"BackupPlan not found in cache, adding new entry 1feaa5f2-a61b-4405-8724-828e361893e8","time":"2021-04-06T11:30:14Z"}
{"component":"Target-Browser","file":"pkg/target-browser/cache/cache.go:283","func":"github.com/trilioData/k8s-triliovault/pkg/target-browser/cache.startTargetWatch.func1","level":"info","msg":"Target watcher event op: [CREATE] path: [/triliodata/5b18286c-e864-4bea-9b32-f0dc444b78a1]","time":"2021-04-06T11:31:00Z"}
{"component":"Target-Browser","file":"pkg/target-browser/cache/cache.go:307","func":"github.com/trilioData/k8s-triliovault/pkg/target-browser/cache.startTargetWatch.func1","level":"info","msg":"Target watcher event op: [CREATE] path: [/triliodata/5b18286c-e864-4bea-9b32-f0dc444b78a1/74c4c092-29f6-4412-a83f-b832bdfe853e/backup.json]","time":"2021-04-06T11:31:08Z"}
2021-04-06 11:31:09.055 12 INFO s3 [-] Starting worker thread[7fe8297fa700].[00m
2021-04-06 11:31:09.071 12 INFO s3 [-] Starting worker thread[7fe828ff9700].[00m
2021-04-06 11:31:09.092 12 INFO s3 [-] Starting worker thread[7fe8067fc700].[00m
2021-04-06 11:31:09.133 12 INFO s3 [-] Starting worker thread[7fe8057fa700].[00m
2021-04-06 11:31:09.149 12 INFO s3 [-] Starting worker thread[7fe82a7fc700].[00m
2021-04-06 11:31:09.746 12 INFO s3 [-] Starting worker thread[7fe8077fe700].[00m
2021-04-06 11:31:09.766 12 INFO s3 [-] Starting worker thread[7fe829ffb700].[00m
2021-04-06 11:31:09.778 12 INFO s3 [-] Starting worker thread[7fe806ffd700].[00m
2021-04-06 11:31:09.823 12 INFO s3 [-] Starting worker thread[7fe805ffb700].[00m
{"component":"Target-Browser","file":"pkg/target-browser/resources/common/helper.go:84","func":"github.com/trilioData/k8s-triliovault/pkg/target-browser/resources/common.ReadBackupPlanFromTarget","level":"error","msg":"TVKMeta file NotFound at target location, /triliodata/5b18286c-e864-4bea-9b32-f0dc444b78a1/74c4c092-29f6-4412-a83f-b832bdfe853e/tvk-meta.json","time":"2021-04-06T11:31:10Z"}
{"component":"Target-Browser","file":"pkg/target-browser/cache/cache.go:207","func":"github.com/trilioData/k8s-triliovault/pkg/target-browser/cache.syncBackup","level":"info","msg":"BackupPlan not found in cache, adding new entry 5b18286c-e864-4bea-9b32-f0dc444b78a1","time":"2021-04-06T11:31:10Z"}
{"component":"Target-Browser","file":"pkg/target-browser/cache/cache.go:300","func":"github.com/trilioData/k8s-triliovault/pkg/target-browser/cache.startTargetWatch.func1","level":"info","msg":"Target watcher event op: [REMOVE] path: [/triliodata/4256bcea-26e9-4de0-9741-d9c5afb619e1/7ef2daa4-3d57-4ad4-9406-e3f5d0e41923/backup.json]","time":"2021-04-07T11:30:26Z"}
{"component":"Target-Browser","file":"pkg/target-browser/cache/cache.go:301","func":"github.com/trilioData/k8s-triliovault/pkg/target-browser/cache.startTargetWatch.func1","level":"info","msg":"Removing backup 7ef2daa4-3d57-4ad4-9406-e3f5d0e41923 for backupPlan 4256bcea-26e9-4de0-9741-d9c5afb619e1 from cache","time":"2021-04-07T11:30:26Z"}
{"component":"Target-Browser","file":"pkg/target-browser/cache/cache.go:300","func":"github.com/trilioData/k8s-triliovault/pkg/target-browser/cache.startTargetWatch.func1","level":"info","msg":"Target watcher event op: [REMOVE] path: [/triliodata/5b18286c-e864-4bea-9b32-f0dc444b78a1/74c4c092-29f6-4412-a83f-b832bdfe853e/backup.json]","time":"2021-04-07T11:30:34Z"}
{"component":"Target-Browser","file":"pkg/target-browser/cache/cache.go:301","func":"github.com/trilioData/k8s-triliovault/pkg/target-browser/cache.startTargetWatch.func1","level":"info","msg":"Removing backup 74c4c092-29f6-4412-a83f-b832bdfe853e for backupPlan 5b18286c-e864-4bea-9b32-f0dc444b78a1 from cache","time":"2021-04-07T11:30:34Z"}
{"component":"Target-Browser","file":"pkg/target-browser/cache/cache.go:300","func":"github.com/trilioData/k8s-triliovault/pkg/target-browser/cache.startTargetWatch.func1","level":"info","msg":"Target watcher event op: [REMOVE] path: [/triliodata/de7d6499-8308-424f-a2ac-88b869758bf4/db50406e-be06-4d95-9f98-4711c5470dc5/backup.json]","time":"2021-04-07T11:30:34Z"}
{"component":"Target-Browser","file":"pkg/target-browser/cache/cache.go:301","func":"github.com/trilioData/k8s-triliovault/pkg/target-browser/cache.startTargetWatch.func1","level":"info","msg":"Removing backup db50406e-be06-4d95-9f98-4711c5470dc5 for backupPlan de7d6499-8308-424f-a2ac-88b869758bf4 from cache","time":"2021-04-07T11:30:34Z"}
