INFO:root:Calling crd-parser to get the datastore
INFO:root:Parsing the target-crd to get the list of datastores
INFO:root:Fetched the list of datastores to be mounted
INFO:root:mounting datastore of type nfs
INFO:root:mounting the NFS datastore by the name nfs-target-ns
INFO:root:Executing command rpc.statd &
INFO:root:rpc.statd & command execution starting time: 2021-04-06 12:56:26.800854
INFO:root:rpc.statd & command execution completion time: 2021-04-06 12:56:26.833380
INFO:root:Command:rpc.statd &, ExitCode:0

INFO:root:Executing command rpcbind -f &
INFO:root:rpcbind -f & command execution starting time: 2021-04-06 12:56:26.834026
INFO:root:rpcbind -f & command execution completion time: 2021-04-06 12:56:26.845233
INFO:root:Command:rpcbind -f &, ExitCode:0

INFO:root:Executing command mount -t nfs -o nfsvers=4 34.66.17.160:/src/nfs/targetbrowser /triliodata -v
INFO:root:mount -t nfs -o nfsvers=4 34.66.17.160:/src/nfs/targetbrowser /triliodata -v command execution starting time: 2021-04-06 12:56:26.846167
INFO:root:waiting for command to complete...
mount.nfs: timeout set for Tue Apr  6 12:58:26 2021
mount.nfs: trying text-based options 'vers=4.1,addr=34.66.17.160,clientaddr=10.92.1.248'
INFO:root:mount -t nfs -o nfsvers=4 34.66.17.160:/src/nfs/targetbrowser /triliodata -v command execution completion time: 2021-04-06 12:56:28.860330
INFO:root:Command:mount -t nfs -o nfsvers=4 34.66.17.160:/src/nfs/targetbrowser /triliodata -v, ExitCode:0

INFO:root:2021-04-06 12:56:28.861222: waiting for mount operation to complete.
INFO:root:2021-04-06 12:56:28.894095: target mounted successfully.






I0406 12:56:30.256931      19 request.go:655] Throttling request took 1.027586296s, request: GET:https://10.96.0.1:443/apis/admissionregistration.k8s.io/v1beta1?timeout=32s
{"component":"meta-mover","file":"cmd/metamover/metamover.go:10","func":"main.main","level":"info","msg":"Starting the Metadata Processing","time":"2021-04-06T12:56:31Z"}
{"component":"meta-mover","file":"cmd/metamover/app/validation.go:51","func":"github.com/trilioData/k8s-triliovault/cmd/metamover/app.runValidateE","level":"info","msg":"Validating the resources from target before the restore operation","time":"2021-04-06T12:56:31Z"}
{"component":"meta-mover","file":"pkg/metamover/validation/validation.go:35","func":"github.com/trilioData/k8s-triliovault/pkg/metamover/validation.Do","level":"info","msg":"Starting the Validation before restore operation with restoreName: res2, trilio resource namespace: pushkar","time":"2021-04-06T12:56:31Z"}
{"component":"meta-mover","file":"pkg/metamover/validation/utils.go:538","func":"github.com/trilioData/k8s-triliovault/pkg/metamover/validation.updateRestoreScopeAppType","level":"info","msg":"Restore scope [Namespace] extracted from target location - backup.json","time":"2021-04-06T12:56:31Z"}
{"component":"meta-mover","file":"pkg/metamover/validation/utils.go:548","func":"github.com/trilioData/k8s-triliovault/pkg/metamover/validation.updateRestoreScopeAppType","level":"info","msg":"Setting Restore scope [Namespace] and app [] extracted from target location - backup.json","time":"2021-04-06T12:56:31Z"}
{"component":"meta-mover","file":"internal/helpers/commons.go:103","func":"github.com/trilioData/k8s-triliovault/internal/helpers.ValidateBackupLocation","level":"info","msg":"Checking if location present: /triliodata/4d94fd39-4da2-419f-89b3-fcf444fcda1d/dd784fed-e711-4498-ade9-eea7605f79c4","time":"2021-04-06T12:56:31Z"}
{"component":"meta-mover","file":"internal/helpers/commons.go:108","func":"github.com/trilioData/k8s-triliovault/internal/helpers.ValidateBackupLocation","level":"info","msg":"Location /triliodata/4d94fd39-4da2-419f-89b3-fcf444fcda1d/dd784fed-e711-4498-ade9-eea7605f79c4 present","time":"2021-04-06T12:56:31Z"}
{"component":"meta-mover","file":"internal/apis/snapshot_manager.go:226","func":"github.com/trilioData/k8s-triliovault/internal/apis.(*FullSnapshot).PullFromTarget","level":"info","msg":"Reading custom snapshot from /triliodata/4d94fd39-4da2-419f-89b3-fcf444fcda1d/dd784fed-e711-4498-ade9-eea7605f79c4/custom","time":"2021-04-06T12:56:31Z"}
{"component":"meta-mover","file":"internal/apis/custom.go:288","func":"github.com/trilioData/k8s-triliovault/internal/apis.transformMetaSnapshots","level":"info","msg":"Transforming resource [snapshot-controller] with GVK [apps/v1, Kind=StatefulSet]","time":"2021-04-06T12:56:32Z"}
{"component":"meta-mover","file":"internal/decorator/decorator.go:406","func":"github.com/trilioData/k8s-triliovault/internal/decorator.(*UnstructResource).Transform","level":"error","msg":"add operation does not apply: doc is missing path: \"test12\": missing valueError while applying patches: add operation does not apply: doc is missing path: \"test12\": missing value","time":"2021-04-06T12:56:32Z"}
{"component":"meta-mover","file":"internal/helpers/restore.go:263","func":"github.com/trilioData/k8s-triliovault/internal/helpers.UpdateRestoreStatus","level":"info","msg":"Updated restore status: InProgress name: res2 namespace: pushkar","time":"2021-04-06T12:56:32Z"}
{"component":"meta-mover","file":"pkg/metamover/validation/validation.go:41","func":"github.com/trilioData/k8s-triliovault/pkg/metamover/validation.Do","level":"fatal","msg":"restore validations failed : error while performing transformations transformation failed","time":"2021-04-06T12:56:32Z"}
