INFO:root:Calling crd-parser to get the datastore
INFO:root:Parsing the target-crd to get the list of datastores
INFO:root:Fetched the list of datastores to be mounted
INFO:root:mounting datastore of type nfs
INFO:root:mounting the NFS datastore by the name nfs-target-ns
INFO:root:Executing command rpc.statd &
INFO:root:rpc.statd & command execution starting time: 2021-04-06 12:56:27.373359
INFO:root:waiting for command to complete...
INFO:root:rpc.statd & command execution completion time: 2021-04-06 12:56:29.381725
INFO:root:Command:rpc.statd &, ExitCode:0

INFO:root:Executing command rpcbind -f &
INFO:root:rpcbind -f & command execution starting time: 2021-04-06 12:56:29.382262
INFO:root:waiting for command to complete...
INFO:root:rpcbind -f & command execution completion time: 2021-04-06 12:56:31.390757
INFO:root:Command:rpcbind -f &, ExitCode:0

INFO:root:Executing command mount -t nfs -o nfsvers=4 34.66.17.160:/src/nfs/targetbrowser /triliodata -v
INFO:root:mount -t nfs -o nfsvers=4 34.66.17.160:/src/nfs/targetbrowser /triliodata -v command execution starting time: 2021-04-06 12:56:31.391777
INFO:root:waiting for command to complete...
mount.nfs: timeout set for Tue Apr  6 12:58:31 2021
mount.nfs: trying text-based options 'vers=4.1,addr=34.66.17.160,clientaddr=10.92.2.120'
INFO:root:mount -t nfs -o nfsvers=4 34.66.17.160:/src/nfs/targetbrowser /triliodata -v command execution completion time: 2021-04-06 12:56:33.400695
INFO:root:Command:mount -t nfs -o nfsvers=4 34.66.17.160:/src/nfs/targetbrowser /triliodata -v, ExitCode:0

INFO:root:2021-04-06 12:56:33.401098: waiting for mount operation to complete.
INFO:root:2021-04-06 12:56:33.433721: target mounted successfully.






I0406 12:56:34.812782      19 request.go:655] Throttling request took 1.019634462s, request: GET:https://10.96.0.1:443/apis/rbacmanager.reactiveops.io/v1beta1?timeout=32s
{"component":"meta-mover","file":"cmd/metamover/metamover.go:10","func":"main.main","level":"info","msg":"Starting the Metadata Processing","time":"2021-04-06T12:56:36Z"}
{"component":"meta-mover","file":"cmd/metamover/app/validation.go:51","func":"github.com/trilioData/k8s-triliovault/cmd/metamover/app.runValidateE","level":"info","msg":"Validating the resources from target before the restore operation","time":"2021-04-06T12:56:36Z"}
{"component":"meta-mover","file":"pkg/metamover/validation/validation.go:35","func":"github.com/trilioData/k8s-triliovault/pkg/metamover/validation.Do","level":"info","msg":"Starting the Validation before restore operation with restoreName: res3, trilio resource namespace: pushkar","time":"2021-04-06T12:56:36Z"}
{"component":"meta-mover","file":"pkg/metamover/validation/utils.go:538","func":"github.com/trilioData/k8s-triliovault/pkg/metamover/validation.updateRestoreScopeAppType","level":"info","msg":"Restore scope [Namespace] extracted from target location - backup.json","time":"2021-04-06T12:56:36Z"}
{"component":"meta-mover","file":"pkg/metamover/validation/utils.go:548","func":"github.com/trilioData/k8s-triliovault/pkg/metamover/validation.updateRestoreScopeAppType","level":"info","msg":"Setting Restore scope [Namespace] and app [] extracted from target location - backup.json","time":"2021-04-06T12:56:36Z"}
{"component":"meta-mover","file":"internal/helpers/commons.go:103","func":"github.com/trilioData/k8s-triliovault/internal/helpers.ValidateBackupLocation","level":"info","msg":"Checking if location present: /triliodata/05911af8-04d3-46be-a976-5d572ba096e5/14b90ea4-29db-460f-bdc0-e34e56737b12","time":"2021-04-06T12:56:36Z"}
{"component":"meta-mover","file":"internal/helpers/commons.go:108","func":"github.com/trilioData/k8s-triliovault/internal/helpers.ValidateBackupLocation","level":"info","msg":"Location /triliodata/05911af8-04d3-46be-a976-5d572ba096e5/14b90ea4-29db-460f-bdc0-e34e56737b12 present","time":"2021-04-06T12:56:36Z"}
{"component":"meta-mover","file":"internal/apis/snapshot_manager.go:226","func":"github.com/trilioData/k8s-triliovault/internal/apis.(*FullSnapshot).PullFromTarget","level":"info","msg":"Reading custom snapshot from /triliodata/05911af8-04d3-46be-a976-5d572ba096e5/14b90ea4-29db-460f-bdc0-e34e56737b12/custom","time":"2021-04-06T12:56:36Z"}
{"component":"meta-mover","file":"internal/helpers/restore.go:263","func":"github.com/trilioData/k8s-triliovault/internal/helpers.UpdateRestoreStatus","level":"info","msg":"Updated restore status: InProgress name: res3 namespace: pushkar","time":"2021-04-06T12:56:36Z"}
{"component":"meta-mover","file":"pkg/metamover/validation/utils.go:212","func":"github.com/trilioData/k8s-triliovault/pkg/metamover/validation.ValidateDataSnapshots","level":"info","msg":"Validating data snapshots to check if PVC present in namespace pushkar","time":"2021-04-06T12:56:36Z"}
{"component":"meta-mover","file":"pkg/metamover/validation/utils.go:216","func":"github.com/trilioData/k8s-triliovault/pkg/metamover/validation.ValidateDataSnapshots","level":"info","msg":"Validating all data snapshots for custom applications","time":"2021-04-06T12:56:36Z"}
{"component":"meta-mover","file":"pkg/metamover/validation/utils.go:430","func":"github.com/trilioData/k8s-triliovault/pkg/metamover/validation.ValidateMetaSnapshots","level":"info","msg":"Validating and populating restore cr","time":"2021-04-06T12:56:36Z"}
{"component":"meta-mover","file":"pkg/metamover/validation/utils.go:434","func":"github.com/trilioData/k8s-triliovault/pkg/metamover/validation.ValidateMetaSnapshots","level":"info","msg":"Validating and populating all custom application's metadata and data","time":"2021-04-06T12:56:36Z"}
{"component":"meta-mover","file":"pkg/metamover/validation/custom.go:31","func":"github.com/trilioData/k8s-triliovault/pkg/metamover/validation.(*Custom).Validate","level":"info","msg":"Processing all custom application's metadata","time":"2021-04-06T12:56:36Z"}
{"component":"meta-mover","file":"pkg/metamover/validation/commons.go:41","func":"github.com/trilioData/k8s-triliovault/pkg/metamover/validation.validateResources","level":"info","msg":"Validating the metadata","time":"2021-04-06T12:56:36Z"}
{"component":"meta-mover","file":"pkg/metamover/validation/commons.go:127","func":"github.com/trilioData/k8s-triliovault/pkg/metamover/validation.validateResources","level":"info","msg":"Checking if default present in namespace pushkar","time":"2021-04-06T12:56:36Z"}
{"component":"meta-mover","file":"internal/decorator/decorator.go:179","func":"github.com/trilioData/k8s-triliovault/internal/decorator.(*UnstructResource).IsResourceExists","level":"info","msg":"[Alert] Resource is present name: defaultGVK: /v1, Kind=ServiceAccountrestore namespace:pushkar","time":"2021-04-06T12:56:36Z"}
{"component":"meta-mover","file":"pkg/metamover/validation/commons.go:155","func":"github.com/trilioData/k8s-triliovault/pkg/metamover/validation.validateResources","level":"info","msg":"Checking if default can be deployed in namespace pushkar","time":"2021-04-06T12:56:36Z"}
{"component":"meta-mover","file":"internal/decorator/decorator.go:240","func":"github.com/trilioData/k8s-triliovault/internal/decorator.(*UnstructResource).Cleanup","level":"info","msg":"cleaning metadata of resource to have --export functionality","time":"2021-04-06T12:56:36Z"}
{"component":"meta-mover","file":"internal/decorator/decorator.go:315","func":"github.com/trilioData/k8s-triliovault/internal/decorator.(*UnstructResource).ExportMetadata","level":"info","msg":"cleaning the clustered level fields which are irrelevant and mutated by kube-apiserver","time":"2021-04-06T12:56:36Z"}
{"component":"meta-mover","file":"internal/decorator/decorator.go:244","func":"github.com/trilioData/k8s-triliovault/internal/decorator.(*UnstructResource).Cleanup","level":"info","msg":"Cleaning the namespaced scope mutated metadata","time":"2021-04-06T12:56:36Z"}
{"component":"meta-mover","file":"internal/decorator/decorator.go:228","func":"github.com/trilioData/k8s-triliovault/internal/decorator.(*UnstructResource).IsResourcePatchable","level":"info","msg":"Patch dry run successful for object GVK: /v1, Kind=ServiceAccountname: default","time":"2021-04-06T12:56:36Z"}
{"component":"meta-mover","file":"pkg/metamover/validation/commons.go:127","func":"github.com/trilioData/k8s-triliovault/pkg/metamover/validation.validateResources","level":"info","msg":"Checking if gke-resource-quotas present in namespace pushkar","time":"2021-04-06T12:56:36Z"}
{"component":"meta-mover","file":"internal/decorator/decorator.go:179","func":"github.com/trilioData/k8s-triliovault/internal/decorator.(*UnstructResource).IsResourceExists","level":"info","msg":"[Alert] Resource is present name: gke-resource-quotasGVK: /v1, Kind=ResourceQuotarestore namespace:pushkar","time":"2021-04-06T12:56:36Z"}
{"component":"meta-mover","file":"pkg/metamover/validation/commons.go:155","func":"github.com/trilioData/k8s-triliovault/pkg/metamover/validation.validateResources","level":"info","msg":"Checking if gke-resource-quotas can be deployed in namespace pushkar","time":"2021-04-06T12:56:36Z"}
{"component":"meta-mover","file":"internal/decorator/decorator.go:240","func":"github.com/trilioData/k8s-triliovault/internal/decorator.(*UnstructResource).Cleanup","level":"info","msg":"cleaning metadata of resource to have --export functionality","time":"2021-04-06T12:56:36Z"}
{"component":"meta-mover","file":"internal/decorator/decorator.go:315","func":"github.com/trilioData/k8s-triliovault/internal/decorator.(*UnstructResource).ExportMetadata","level":"info","msg":"cleaning the clustered level fields which are irrelevant and mutated by kube-apiserver","time":"2021-04-06T12:56:36Z"}
{"component":"meta-mover","file":"internal/decorator/decorator.go:244","func":"github.com/trilioData/k8s-triliovault/internal/decorator.(*UnstructResource).Cleanup","level":"info","msg":"Cleaning the namespaced scope mutated metadata","time":"2021-04-06T12:56:36Z"}
{"component":"meta-mover","file":"internal/decorator/decorator.go:228","func":"github.com/trilioData/k8s-triliovault/internal/decorator.(*UnstructResource).IsResourcePatchable","level":"info","msg":"Patch dry run successful for object GVK: /v1, Kind=ResourceQuotaname: gke-resource-quotas","time":"2021-04-06T12:56:36Z"}
{"component":"meta-mover","file":"pkg/metamover/validation/commons.go:177","func":"github.com/trilioData/k8s-triliovault/pkg/metamover/validation.validateResources","level":"info","msg":"Validated the metadata","time":"2021-04-06T12:56:36Z"}
{"component":"meta-mover","file":"pkg/metamover/validation/custom.go:68","func":"github.com/trilioData/k8s-triliovault/pkg/metamover/validation.(*Custom).Validate","level":"info","msg":"Validated all custom application's metadata and data","time":"2021-04-06T12:56:36Z"}
{"component":"meta-mover","file":"internal/helpers/restore.go:263","func":"github.com/trilioData/k8s-triliovault/internal/helpers.UpdateRestoreStatus","level":"info","msg":"Updated restore status: InProgress name: res3 namespace: pushkar","time":"2021-04-06T12:56:36Z"}
{"component":"meta-mover","file":"cmd/metamover/app/validation.go:57","func":"github.com/trilioData/k8s-triliovault/cmd/metamover/app.runValidateE","level":"info","msg":"Validations before restore Completed successfully!!!","time":"2021-04-06T12:56:36Z"}
{"component":"meta-mover","file":"cmd/metamover/app/validation.go:65","func":"github.com/trilioData/k8s-triliovault/cmd/metamover/app.runValidateE","level":"info","msg":"Starting primitive restore operations after Validation phase","time":"2021-04-06T12:56:36Z"}
{"component":"meta-mover","file":"pkg/metamover/restore/restore.go:40","func":"github.com/trilioData/k8s-triliovault/pkg/metamover/restore.Do","level":"info","msg":"Starting the restore process of the metadata from namespace: pushkar, restore resource: res3","time":"2021-04-06T12:56:36Z"}
{"component":"meta-mover","file":"pkg/metamover/restore/restore.go:64","func":"github.com/trilioData/k8s-triliovault/pkg/metamover/restore.Do","level":"info","msg":"prepared the backup location: /triliodata/05911af8-04d3-46be-a976-5d572ba096e5/14b90ea4-29db-460f-bdc0-e34e56737b12","time":"2021-04-06T12:56:36Z"}
{"component":"meta-mover","file":"pkg/metamover/restore/commons.go:848","func":"github.com/trilioData/k8s-triliovault/pkg/metamover/restore.retrieveBackupInfoFromRestore","level":"info","msg":"Backup namespace [pushkar] extracted from backupPlan.json present on target","time":"2021-04-06T12:56:37Z"}
{"component":"meta-mover","file":"internal/helpers/commons.go:103","func":"github.com/trilioData/k8s-triliovault/internal/helpers.ValidateBackupLocation","level":"info","msg":"Checking if location present: /triliodata/05911af8-04d3-46be-a976-5d572ba096e5/14b90ea4-29db-460f-bdc0-e34e56737b12","time":"2021-04-06T12:56:37Z"}
{"component":"meta-mover","file":"internal/helpers/commons.go:108","func":"github.com/trilioData/k8s-triliovault/internal/helpers.ValidateBackupLocation","level":"info","msg":"Location /triliodata/05911af8-04d3-46be-a976-5d572ba096e5/14b90ea4-29db-460f-bdc0-e34e56737b12 present","time":"2021-04-06T12:56:37Z"}
{"component":"meta-mover","file":"internal/apis/snapshot_manager.go:226","func":"github.com/trilioData/k8s-triliovault/internal/apis.(*FullSnapshot).PullFromTarget","level":"info","msg":"Reading custom snapshot from /triliodata/05911af8-04d3-46be-a976-5d572ba096e5/14b90ea4-29db-460f-bdc0-e34e56737b12/custom","time":"2021-04-06T12:56:37Z"}
{"component":"meta-mover","file":"pkg/metamover/restore/restore.go:103","func":"github.com/trilioData/k8s-triliovault/pkg/metamover/restore.Do","level":"info","msg":"found custom snapshot on target, starting restore...","time":"2021-04-06T12:56:37Z"}
{"component":"meta-mover","file":"pkg/metamover/restore/custom.go:19","func":"github.com/trilioData/k8s-triliovault/pkg/metamover/restore.(*Custom).Restore","level":"info","msg":"starting restore process for custom label-based application, in namespace: pushkar","time":"2021-04-06T12:56:37Z"}
{"component":"meta-mover","file":"pkg/metamover/restore/commons.go:409","func":"github.com/trilioData/k8s-triliovault/pkg/metamover/restore.restoreComponentMetadata","level":"info","msg":"Restoring category: [StorageClass.storage.k8s.io]","time":"2021-04-06T12:56:37Z"}
{"component":"meta-mover","file":"internal/helpers/restore.go:263","func":"github.com/trilioData/k8s-triliovault/internal/helpers.UpdateRestoreStatus","level":"info","msg":"Updated restore status: InProgress name: res3 namespace: pushkar","time":"2021-04-06T12:56:37Z"}
{"component":"meta-mover","file":"pkg/metamover/restore/restore.go:124","func":"github.com/trilioData/k8s-triliovault/pkg/metamover/restore.Do","level":"info","msg":"Metadata restored in [pushkar]","time":"2021-04-06T12:56:37Z"}
{"component":"meta-mover","file":"cmd/metamover/app/validation.go:70","func":"github.com/trilioData/k8s-triliovault/cmd/metamover/app.runValidateE","level":"info","msg":"Primitive Restore Metadata operations completed successfully","time":"2021-04-06T12:56:37Z"}
