INFO:root:Calling crd-parser to get the datastore
INFO:root:Parsing the target-crd to get the list of datastores
INFO:root:Fetched the list of datastores to be mounted
INFO:root:mounting datastore of type s3
INFO:root:mounting the S3 datastore by the name aws-target-ns
INFO:root:writing the conf data to the conf file: aws-target-ns_vault.conf

INFO:root:command: /usr/bin/python /opt/tvk/datastore-attacher/mount_utility/run_fuse_in_background.py --conf=./trilio-tmp/aws-target-ns_vault.conf &
INFO:root:Executing command /usr/bin/python /opt/tvk/datastore-attacher/mount_utility/run_fuse_in_background.py --conf=./trilio-tmp/aws-target-ns_vault.conf &
INFO:root:/usr/bin/python /opt/tvk/datastore-attacher/mount_utility/run_fuse_in_background.py --conf=./trilio-tmp/aws-target-ns_vault.conf & command execution starting time: 2021-04-06 12:47:07.977178
INFO:root:waiting for command to complete...
INFO:root:/usr/bin/python /opt/tvk/datastore-attacher/mount_utility/run_fuse_in_background.py --conf=./trilio-tmp/aws-target-ns_vault.conf & command execution completion time: 2021-04-06 12:47:10.001274
INFO:root:Command:/usr/bin/python /opt/tvk/datastore-attacher/mount_utility/run_fuse_in_background.py --conf=./trilio-tmp/aws-target-ns_vault.conf &, ExitCode:0

INFO:root:2021-04-06 12:47:10.001647: waiting for mount operation to complete.
INFO:root:2021-04-06 12:47:12.004193: waiting for mount operation to complete.
INFO:root:2021-04-06 12:47:12.005593: target mounted successfully.
INFO:root:Removing all the vault files from the ./tmp directory


I0406 12:47:13.465972      31 request.go:655] Throttling request took 1.033322135s, request: GET:https://10.96.0.1:443/apis/storage.k8s.io/v1?timeout=32s
{"component":"meta-mover","file":"cmd/metamover/metamover.go:10","func":"main.main","level":"info","msg":"Starting the Metadata Processing","time":"2021-04-06T12:47:14Z"}
{"component":"meta-mover","file":"cmd/metamover/app/validation.go:51","func":"github.com/trilioData/k8s-triliovault/cmd/metamover/app.runValidateE","level":"info","msg":"Validating the resources from target before the restore operation","time":"2021-04-06T12:47:14Z"}
{"component":"meta-mover","file":"pkg/metamover/validation/validation.go:35","func":"github.com/trilioData/k8s-triliovault/pkg/metamover/validation.Do","level":"info","msg":"Starting the Validation before restore operation with restoreName: t223, trilio resource namespace: pushkar","time":"2021-04-06T12:47:14Z"}
2021-04-06 12:47:15.630 13 INFO s3 [-] Starting worker thread[7f64c3fff700].[00m
2021-04-06 12:47:15.646 13 INFO s3 [-] Starting worker thread[7f64c37fe700].[00m
2021-04-06 12:47:15.669 13 INFO s3 [-] Starting worker thread[7f64c2ffd700].[00m
2021-04-06 12:47:15.718 13 INFO s3 [-] Starting worker thread[7f64c27fc700].[00m
2021-04-06 12:47:15.737 13 INFO s3 [-] Starting worker thread[7f64c1ffb700].[00m
{"component":"meta-mover","file":"pkg/metamover/validation/utils.go:538","func":"github.com/trilioData/k8s-triliovault/pkg/metamover/validation.updateRestoreScopeAppType","level":"info","msg":"Restore scope [App] extracted from target location - backup.json","time":"2021-04-06T12:47:16Z"}
{"component":"meta-mover","file":"pkg/metamover/validation/utils.go:548","func":"github.com/trilioData/k8s-triliovault/pkg/metamover/validation.updateRestoreScopeAppType","level":"info","msg":"Setting Restore scope [App] and app [Custom] extracted from target location - backup.json","time":"2021-04-06T12:47:16Z"}
{"component":"meta-mover","file":"internal/helpers/commons.go:103","func":"github.com/trilioData/k8s-triliovault/internal/helpers.ValidateBackupLocation","level":"info","msg":"Checking if location present: /triliodata/497ed961-4a58-4618-ba17-62441d8c4c09/017a96a7-9e1a-409f-8fe8-f8a80d7248af","time":"2021-04-06T12:47:16Z"}
{"component":"meta-mover","file":"internal/helpers/commons.go:108","func":"github.com/trilioData/k8s-triliovault/internal/helpers.ValidateBackupLocation","level":"info","msg":"Location /triliodata/497ed961-4a58-4618-ba17-62441d8c4c09/017a96a7-9e1a-409f-8fe8-f8a80d7248af present","time":"2021-04-06T12:47:16Z"}
{"component":"meta-mover","file":"internal/helpers/restore.go:263","func":"github.com/trilioData/k8s-triliovault/internal/helpers.UpdateRestoreStatus","level":"info","msg":"Updated restore status: InProgress name: t223 namespace: pushkar","time":"2021-04-06T12:47:16Z"}
{"component":"meta-mover","file":"pkg/metamover/validation/utils.go:212","func":"github.com/trilioData/k8s-triliovault/pkg/metamover/validation.ValidateDataSnapshots","level":"info","msg":"Validating data snapshots to check if PVC present in namespace pushkar","time":"2021-04-06T12:47:16Z"}
{"component":"meta-mover","file":"pkg/metamover/validation/utils.go:430","func":"github.com/trilioData/k8s-triliovault/pkg/metamover/validation.ValidateMetaSnapshots","level":"info","msg":"Validating and populating restore cr","time":"2021-04-06T12:47:16Z"}
{"component":"meta-mover","file":"internal/helpers/restore.go:263","func":"github.com/trilioData/k8s-triliovault/internal/helpers.UpdateRestoreStatus","level":"info","msg":"Updated restore status: InProgress name: t223 namespace: pushkar","time":"2021-04-06T12:47:16Z"}
{"component":"meta-mover","file":"cmd/metamover/app/validation.go:57","func":"github.com/trilioData/k8s-triliovault/cmd/metamover/app.runValidateE","level":"info","msg":"Validations before restore Completed successfully!!!","time":"2021-04-06T12:47:16Z"}
{"component":"meta-mover","file":"cmd/metamover/app/validation.go:65","func":"github.com/trilioData/k8s-triliovault/cmd/metamover/app.runValidateE","level":"info","msg":"Starting primitive restore operations after Validation phase","time":"2021-04-06T12:47:16Z"}
{"component":"meta-mover","file":"pkg/metamover/restore/restore.go:40","func":"github.com/trilioData/k8s-triliovault/pkg/metamover/restore.Do","level":"info","msg":"Starting the restore process of the metadata from namespace: pushkar, restore resource: t223","time":"2021-04-06T12:47:16Z"}
{"component":"meta-mover","file":"pkg/metamover/restore/restore.go:64","func":"github.com/trilioData/k8s-triliovault/pkg/metamover/restore.Do","level":"info","msg":"prepared the backup location: /triliodata/497ed961-4a58-4618-ba17-62441d8c4c09/017a96a7-9e1a-409f-8fe8-f8a80d7248af","time":"2021-04-06T12:47:16Z"}
2021-04-06 12:47:16.885 13 INFO s3 [-] Starting worker thread[7f64c1ffb700].[00m
2021-04-06 12:47:16.914 13 INFO s3 [-] Starting worker thread[7f64c27fc700].[00m
2021-04-06 12:47:16.925 13 INFO s3 [-] Starting worker thread[7f64c2ffd700].[00m
2021-04-06 12:47:16.939 13 INFO s3 [-] Starting worker thread[7f64c37fe700].[00m
2021-04-06 12:47:16.995 13 INFO s3 [-] Starting worker thread[7f64c17fa700].[00m
{"component":"meta-mover","file":"pkg/metamover/restore/commons.go:848","func":"github.com/trilioData/k8s-triliovault/pkg/metamover/restore.retrieveBackupInfoFromRestore","level":"info","msg":"Backup namespace [apps1] extracted from backupPlan.json present on target","time":"2021-04-06T12:47:17Z"}
{"component":"meta-mover","file":"internal/helpers/commons.go:103","func":"github.com/trilioData/k8s-triliovault/internal/helpers.ValidateBackupLocation","level":"info","msg":"Checking if location present: /triliodata/497ed961-4a58-4618-ba17-62441d8c4c09/017a96a7-9e1a-409f-8fe8-f8a80d7248af","time":"2021-04-06T12:47:17Z"}
{"component":"meta-mover","file":"internal/helpers/commons.go:108","func":"github.com/trilioData/k8s-triliovault/internal/helpers.ValidateBackupLocation","level":"info","msg":"Location /triliodata/497ed961-4a58-4618-ba17-62441d8c4c09/017a96a7-9e1a-409f-8fe8-f8a80d7248af present","time":"2021-04-06T12:47:17Z"}
{"component":"meta-mover","file":"pkg/metamover/restore/restore.go:124","func":"github.com/trilioData/k8s-triliovault/pkg/metamover/restore.Do","level":"info","msg":"Metadata restored in [pushkar]","time":"2021-04-06T12:47:17Z"}
{"component":"meta-mover","file":"cmd/metamover/app/validation.go:70","func":"github.com/trilioData/k8s-triliovault/cmd/metamover/app.runValidateE","level":"info","msg":"Primitive Restore Metadata operations completed successfully","time":"2021-04-06T12:47:17Z"}
