I0325 09:09:26.886772       1 request.go:655] Throttling request took 1.035937668s, request: GET:https://10.96.0.1:443/apis/scheduling.k8s.io/v1beta1?timeout=32s
time="2021-03-25T09:09:26Z" level=info msg="initializing common tests package"
{"component":"Manager","file":"internal/helpers/olm.go:16","func":"github.com/trilioData/k8s-triliovault/internal/helpers.SetAppScopeIfNotPresent","level":"info","msg":"Setting up the APP_SCOPE environment","time":"2021-03-25T09:09:29Z"}
2021-03-25T09:09:30.357Z	INFO	controller-runtime.injectors-warning	Injectors are deprecated, and will be removed in v0.10.x
2021-03-25T09:09:30.357Z	INFO	controller-runtime.injectors-warning	Injectors are deprecated, and will be removed in v0.10.x
2021-03-25T09:09:30.357Z	INFO	controller-runtime.injectors-warning	Injectors are deprecated, and will be removed in v0.10.x
2021-03-25T09:09:30.357Z	INFO	controller-runtime.injectors-warning	Injectors are deprecated, and will be removed in v0.10.x
2021-03-25T09:09:30.357Z	INFO	controller-runtime.injectors-warning	Injectors are deprecated, and will be removed in v0.10.x
2021-03-25T09:09:30.357Z	INFO	controller-runtime.injectors-warning	Injectors are deprecated, and will be removed in v0.10.x
2021-03-25T09:09:30.357Z	INFO	controller-runtime.injectors-warning	Injectors are deprecated, and will be removed in v0.10.x
2021-03-25T09:09:30.357Z	INFO	controller-runtime.injectors-warning	Injectors are deprecated, and will be removed in v0.10.x
2021-03-25T09:09:30.357Z	INFO	controller-runtime.injectors-warning	Injectors are deprecated, and will be removed in v0.10.x
2021-03-25T09:09:30.357Z	INFO	controller-runtime.injectors-warning	Injectors are deprecated, and will be removed in v0.10.x
2021-03-25T09:09:30.357Z	INFO	controller-runtime.injectors-warning	Injectors are deprecated, and will be removed in v0.10.x
2021-03-25T09:09:30.357Z	INFO	controller-runtime.injectors-warning	Injectors are deprecated, and will be removed in v0.10.x
2021-03-25T09:09:30.357Z	INFO	controller-runtime.injectors-warning	Injectors are deprecated, and will be removed in v0.10.x
2021-03-25T09:09:30.357Z	INFO	controller-runtime.injectors-warning	Injectors are deprecated, and will be removed in v0.10.x
2021-03-25T09:09:30.357Z	INFO	controller-runtime.injectors-warning	Injectors are deprecated, and will be removed in v0.10.x
2021-03-25T09:09:30.357Z	INFO	controller-runtime.injectors-warning	Injectors are deprecated, and will be removed in v0.10.x
2021-03-25T09:09:30.357Z	INFO	controller-runtime.injectors-warning	Injectors are deprecated, and will be removed in v0.10.x
2021-03-25T09:09:30.357Z	INFO	controller-runtime.injectors-warning	Injectors are deprecated, and will be removed in v0.10.x
2021-03-25T09:09:30.357Z	INFO	setup	starting manager
2021-03-25T09:09:30.658Z	INFO	controller-runtime.manager.controller.target	Starting EventSource	{"reconciler group": "triliovault.trilio.io", "reconciler kind": "Target", "source": "kind source: /, Kind="}
2021-03-25T09:09:30.658Z	INFO	controller-runtime.manager.controller.restore	Starting EventSource	{"reconciler group": "triliovault.trilio.io", "reconciler kind": "Restore", "source": "kind source: /, Kind="}
2021-03-25T09:09:30.658Z	INFO	controller-runtime.manager.controller.backupplan	Starting EventSource	{"reconciler group": "triliovault.trilio.io", "reconciler kind": "BackupPlan", "source": "kind source: /, Kind="}
2021-03-25T09:09:30.659Z	INFO	controller-runtime.manager.controller.backup	Starting EventSource	{"reconciler group": "triliovault.trilio.io", "reconciler kind": "Backup", "source": "kind source: /, Kind="}
2021-03-25T09:09:30.659Z	INFO	controller-runtime.manager.controller.backup	Starting EventSource	{"reconciler group": "triliovault.trilio.io", "reconciler kind": "Backup", "source": "kind source: /, Kind="}
2021-03-25T09:09:30.659Z	INFO	controller-runtime.manager.controller.backup	Starting Controller	{"reconciler group": "triliovault.trilio.io", "reconciler kind": "Backup"}
2021-03-25T09:09:30.659Z	INFO	controller-runtime.manager.controller.restore	Starting Controller	{"reconciler group": "triliovault.trilio.io", "reconciler kind": "Restore"}
2021-03-25T09:09:30.659Z	INFO	controller-runtime.manager.controller.backupplan	Starting EventSource	{"reconciler group": "triliovault.trilio.io", "reconciler kind": "BackupPlan", "source": "kind source: /, Kind="}
2021-03-25T09:09:30.659Z	INFO	controller-runtime.manager.controller.backupplan	Starting EventSource	{"reconciler group": "triliovault.trilio.io", "reconciler kind": "BackupPlan", "source": "kind source: /, Kind="}
2021-03-25T09:09:30.659Z	INFO	controller-runtime.manager.controller.backupplan	Starting Controller	{"reconciler group": "triliovault.trilio.io", "reconciler kind": "BackupPlan"}
2021-03-25T09:09:30.759Z	INFO	controller-runtime.manager.controller.target	Starting EventSource	{"reconciler group": "triliovault.trilio.io", "reconciler kind": "Target", "source": "kind source: /, Kind="}
2021-03-25T09:09:30.759Z	INFO	controller-runtime.manager.controller.backup	Starting workers	{"reconciler group": "triliovault.trilio.io", "reconciler kind": "Backup", "worker count": 1}
2021-03-25T09:09:30.759Z	INFO	controller-runtime.manager.controller.target	Starting EventSource	{"reconciler group": "triliovault.trilio.io", "reconciler kind": "Target", "source": "kind source: /, Kind="}
2021-03-25T09:09:30.759Z	INFO	controller-runtime.manager.controller.target	Starting Controller	{"reconciler group": "triliovault.trilio.io", "reconciler kind": "Target"}
2021-03-25T09:09:30.759Z	INFO	controller-runtime.manager.controller.target	Starting workers	{"reconciler group": "triliovault.trilio.io", "reconciler kind": "Target", "worker count": 1}
2021-03-25T09:09:30.759Z	INFO	controller-runtime.manager.controller.restore	Starting workers	{"reconciler group": "triliovault.trilio.io", "reconciler kind": "Restore", "worker count": 1}
2021-03-25T09:09:30.759Z	INFO	controller-runtime.manager.controller.backupplan	Starting workers	{"reconciler group": "triliovault.trilio.io", "reconciler kind": "BackupPlan", "worker count": 1}
E0327 16:19:34.719144       1 reflector.go:138] pkg/cache/internal/informers_map.go:229: Failed to watch *v1.Target: the server could not find the requested resource (get targets.triliovault.trilio.io)
E0327 16:19:36.210273       1 reflector.go:138] pkg/cache/internal/informers_map.go:229: Failed to watch *v1.Target: failed to list *v1.Target: the server could not find the requested resource (get targets.triliovault.trilio.io)
E0327 16:19:38.407703       1 reflector.go:138] pkg/cache/internal/informers_map.go:229: Failed to watch *v1.Target: failed to list *v1.Target: the server could not find the requested resource (get targets.triliovault.trilio.io)
E0327 16:19:43.267178       1 reflector.go:138] pkg/cache/internal/informers_map.go:229: Failed to watch *v1.Target: failed to list *v1.Target: the server could not find the requested resource (get targets.triliovault.trilio.io)
E0327 16:19:53.318041       1 reflector.go:138] pkg/cache/internal/informers_map.go:229: Failed to watch *v1.Target: failed to list *v1.Target: the server could not find the requested resource (get targets.triliovault.trilio.io)
E0328 13:26:43.203300       1 reflector.go:138] pkg/cache/internal/informers_map.go:229: Failed to watch *v1.Target: the server could not find the requested resource (get targets.triliovault.trilio.io)
E0328 13:26:44.670232       1 reflector.go:138] pkg/cache/internal/informers_map.go:229: Failed to watch *v1.Target: failed to list *v1.Target: the server could not find the requested resource (get targets.triliovault.trilio.io)
E0328 13:26:46.346930       1 reflector.go:138] pkg/cache/internal/informers_map.go:229: Failed to watch *v1.Target: failed to list *v1.Target: the server could not find the requested resource (get targets.triliovault.trilio.io)
E0328 13:26:50.985397       1 reflector.go:138] pkg/cache/internal/informers_map.go:229: Failed to watch *v1.Target: failed to list *v1.Target: the server could not find the requested resource (get targets.triliovault.trilio.io)
E0328 13:26:59.328157       1 reflector.go:138] pkg/cache/internal/informers_map.go:229: Failed to watch *v1.Target: failed to list *v1.Target: the server could not find the requested resource (get targets.triliovault.trilio.io)
