I0408 14:21:13.854800       1 request.go:655] Throttling request took 1.042153167s, request: GET:https://10.96.0.1:443/apis/policy/v1beta1?timeout=32s
time="2021-04-08T14:21:14Z" level=info msg="initializing common tests package"
{"component":"Manager","file":"internal/helpers/olm.go:16","func":"github.com/trilioData/k8s-triliovault/internal/helpers.SetAppScopeIfNotPresent","level":"info","msg":"Setting up the APP_SCOPE environment","time":"2021-04-08T14:21:16Z"}
2021-04-08T14:21:17.990Z	INFO	controller-runtime.injectors-warning	Injectors are deprecated, and will be removed in v0.10.x
2021-04-08T14:21:17.990Z	INFO	controller-runtime.injectors-warning	Injectors are deprecated, and will be removed in v0.10.x
2021-04-08T14:21:17.990Z	INFO	controller-runtime.injectors-warning	Injectors are deprecated, and will be removed in v0.10.x
2021-04-08T14:21:17.990Z	INFO	controller-runtime.injectors-warning	Injectors are deprecated, and will be removed in v0.10.x
2021-04-08T14:21:17.990Z	INFO	controller-runtime.injectors-warning	Injectors are deprecated, and will be removed in v0.10.x
2021-04-08T14:21:17.990Z	INFO	controller-runtime.injectors-warning	Injectors are deprecated, and will be removed in v0.10.x
2021-04-08T14:21:17.990Z	INFO	controller-runtime.injectors-warning	Injectors are deprecated, and will be removed in v0.10.x
2021-04-08T14:21:17.990Z	INFO	controller-runtime.injectors-warning	Injectors are deprecated, and will be removed in v0.10.x
2021-04-08T14:21:17.990Z	INFO	controller-runtime.injectors-warning	Injectors are deprecated, and will be removed in v0.10.x
2021-04-08T14:21:17.990Z	INFO	controller-runtime.injectors-warning	Injectors are deprecated, and will be removed in v0.10.x
2021-04-08T14:21:17.990Z	INFO	controller-runtime.injectors-warning	Injectors are deprecated, and will be removed in v0.10.x
2021-04-08T14:21:17.990Z	INFO	controller-runtime.injectors-warning	Injectors are deprecated, and will be removed in v0.10.x
2021-04-08T14:21:17.990Z	INFO	controller-runtime.injectors-warning	Injectors are deprecated, and will be removed in v0.10.x
2021-04-08T14:21:17.990Z	INFO	controller-runtime.injectors-warning	Injectors are deprecated, and will be removed in v0.10.x
2021-04-08T14:21:17.990Z	INFO	controller-runtime.injectors-warning	Injectors are deprecated, and will be removed in v0.10.x
2021-04-08T14:21:17.990Z	INFO	controller-runtime.injectors-warning	Injectors are deprecated, and will be removed in v0.10.x
2021-04-08T14:21:17.990Z	INFO	controller-runtime.injectors-warning	Injectors are deprecated, and will be removed in v0.10.x
2021-04-08T14:21:17.990Z	INFO	controller-runtime.injectors-warning	Injectors are deprecated, and will be removed in v0.10.x
2021-04-08T14:21:17.990Z	INFO	controller-runtime.injectors-warning	Injectors are deprecated, and will be removed in v0.10.x
2021-04-08T14:21:17.990Z	INFO	controller-runtime.injectors-warning	Injectors are deprecated, and will be removed in v0.10.x
2021-04-08T14:21:17.990Z	INFO	setup	starting manager
2021-04-08T14:21:18.303Z	INFO	controller-runtime.manager.controller.backupplan	Starting EventSource	{"reconciler group": "triliovault.trilio.io", "reconciler kind": "BackupPlan", "source": "kind source: /, Kind="}
2021-04-08T14:21:18.303Z	INFO	controller-runtime.manager.controller.backupplan	Starting EventSource	{"reconciler group": "triliovault.trilio.io", "reconciler kind": "BackupPlan", "source": "kind source: /, Kind="}
2021-04-08T14:21:18.303Z	INFO	controller-runtime.manager.controller.target	Starting EventSource	{"reconciler group": "triliovault.trilio.io", "reconciler kind": "Target", "source": "kind source: /, Kind="}
2021-04-08T14:21:18.304Z	INFO	controller-runtime.manager.controller.backupplan	Starting EventSource	{"reconciler group": "triliovault.trilio.io", "reconciler kind": "BackupPlan", "source": "kind source: /, Kind="}
2021-04-08T14:21:18.303Z	INFO	controller-runtime.manager.controller.backup	Starting EventSource	{"reconciler group": "triliovault.trilio.io", "reconciler kind": "Backup", "source": "kind source: /, Kind="}
2021-04-08T14:21:18.304Z	INFO	controller-runtime.manager.controller.backupplan	Starting Controller	{"reconciler group": "triliovault.trilio.io", "reconciler kind": "BackupPlan"}
2021-04-08T14:21:18.304Z	INFO	controller-runtime.manager.controller.restore	Starting EventSource	{"reconciler group": "triliovault.trilio.io", "reconciler kind": "Restore", "source": "kind source: /, Kind="}
2021-04-08T14:21:18.304Z	INFO	controller-runtime.manager.controller.restore	Starting EventSource	{"reconciler group": "triliovault.trilio.io", "reconciler kind": "Restore", "source": "kind source: /, Kind="}
2021-04-08T14:21:18.304Z	INFO	controller-runtime.manager.controller.restore	Starting Controller	{"reconciler group": "triliovault.trilio.io", "reconciler kind": "Restore"}
2021-04-08T14:21:18.304Z	INFO	controller-runtime.manager.controller.backup	Starting EventSource	{"reconciler group": "triliovault.trilio.io", "reconciler kind": "Backup", "source": "kind source: /, Kind="}
2021-04-08T14:21:18.305Z	INFO	controller-runtime.manager.controller.backup	Starting Controller	{"reconciler group": "triliovault.trilio.io", "reconciler kind": "Backup"}
2021-04-08T14:21:18.404Z	INFO	controller-runtime.manager.controller.target	Starting EventSource	{"reconciler group": "triliovault.trilio.io", "reconciler kind": "Target", "source": "kind source: /, Kind="}
2021-04-08T14:21:18.404Z	INFO	controller-runtime.manager.controller.backupplan	Starting workers	{"reconciler group": "triliovault.trilio.io", "reconciler kind": "BackupPlan", "worker count": 1}
2021-04-08T14:21:18.404Z	INFO	controller-runtime.manager.controller.target	Starting EventSource	{"reconciler group": "triliovault.trilio.io", "reconciler kind": "Target", "source": "kind source: /, Kind="}
2021-04-08T14:21:18.405Z	INFO	controller-runtime.manager.controller.target	Starting Controller	{"reconciler group": "triliovault.trilio.io", "reconciler kind": "Target"}
2021-04-08T14:21:18.405Z	INFO	controller-runtime.manager.controller.target	Starting workers	{"reconciler group": "triliovault.trilio.io", "reconciler kind": "Target", "worker count": 1}
2021-04-08T14:21:18.405Z	INFO	controller-runtime.manager.controller.backup	Starting workers	{"reconciler group": "triliovault.trilio.io", "reconciler kind": "Backup", "worker count": 1}
2021-04-08T14:21:18.405Z	INFO	analyzer.Backupplan	Reconciling backupplan	{"backupPlan": "abhi/sample-backupplan"}
2021-04-08T14:21:18.405Z	INFO	analyzer.Target	Reconciling target	{"target": "abhi/sample-target-4"}
2021-04-08T14:21:18.405Z	INFO	analyzer.Backupplan	Performing replace Patch operation	{"backupPlan": "abhi/sample-backupplan"}
2021-04-08T14:21:18.405Z	INFO	analyzer.Backup	Reconciling backup	{"backup": "abhi/sample-backup-custom-2"}
2021-04-08T14:21:18.406Z	INFO	analyzer.Backup	Performing replace Patch operation	{"backup": "abhi/sample-backup-custom-2"}
2021-04-08T14:21:18.506Z	INFO	analyzer.Target	Performing replace Patch operation	{"target": "abhi/sample-target-4"}
2021-04-08T14:21:18.507Z	INFO	controller-runtime.manager.controller.restore	Starting workers	{"reconciler group": "triliovault.trilio.io", "reconciler kind": "Restore", "worker count": 1}
2021-04-08T14:21:18.516Z	INFO	analyzer.Target	Reconciling target	{"target": "abhi/sample-target-4"}
2021-04-08T14:21:18.516Z	INFO	analyzer.Target	Performing replace Patch operation	{"target": "abhi/sample-target-4"}
2021-04-08T14:21:25.975Z	INFO	analyzer.Target	Reconciling target	{"target": "abhi/sample-target-4"}
2021-04-08T14:21:25.975Z	INFO	analyzer.Backupplan	Reconciling backupplan	{"backupPlan": "abhi/sample-backupplan"}
2021-04-08T14:21:25.975Z	INFO	analyzer.Backupplan	Performing replace Patch operation	{"backupPlan": "abhi/sample-backupplan"}
2021-04-08T14:21:25.975Z	INFO	analyzer.Target	Performing replace Patch operation	{"target": "abhi/sample-target-4"}
2021-04-08T14:21:25.990Z	INFO	analyzer.Target	Reconciling target	{"target": "abhi/sample-target-4"}
2021-04-08T14:21:25.990Z	INFO	analyzer.Backupplan	Reconciling backupplan	{"backupPlan": "abhi/sample-backupplan"}
2021-04-08T14:21:25.990Z	INFO	analyzer.Backupplan	Performing replace Patch operation	{"backupPlan": "abhi/sample-backupplan"}
2021-04-08T14:21:25.990Z	INFO	analyzer.Target	Performing replace Patch operation	{"target": "abhi/sample-target-4"}
2021-04-08T14:21:55.736Z	INFO	analyzer.Target	Reconciling target	{"target": "abhi/sample-target-4"}
2021-04-08T14:21:55.737Z	INFO	analyzer.Target	Performing replace Patch operation	{"target": "abhi/sample-target-4"}
2021-04-08T14:23:58.466Z	INFO	analyzer.Target	Reconciling target	{"target": "abhi/sample-target"}
2021-04-08T14:24:19.377Z	INFO	analyzer.Target	Reconciling target	{"target": "abhi/sample-target"}
2021-04-08T14:24:23.921Z	INFO	analyzer.Target	Reconciling target	{"target": "abhi/sample-target-4"}
2021-04-08T14:24:23.922Z	INFO	analyzer.Backupplan	Reconciling backupplan	{"backupPlan": "abhi/sample-backupplan"}
2021-04-08T14:24:23.922Z	INFO	analyzer.Target	Performing replace Patch operation	{"target": "abhi/sample-target-4"}
2021-04-08T14:24:23.922Z	INFO	analyzer.Backupplan	Performing replace Patch operation	{"backupPlan": "abhi/sample-backupplan"}
2021-04-08T14:24:23.933Z	INFO	analyzer.Target	Reconciling target	{"target": "abhi/sample-target-4"}
2021-04-08T14:24:23.933Z	INFO	analyzer.Backupplan	Reconciling backupplan	{"backupPlan": "abhi/sample-backupplan"}
2021-04-08T14:24:23.933Z	INFO	analyzer.Target	Performing replace Patch operation	{"target": "abhi/sample-target-4"}
2021-04-08T14:24:23.933Z	INFO	analyzer.Backupplan	Performing replace Patch operation	{"backupPlan": "abhi/sample-backupplan"}
2021-04-08T14:24:36.648Z	INFO	analyzer.Target	Reconciling target	{"target": "abhi/sample-target-4"}
2021-04-08T14:24:36.648Z	INFO	analyzer.Target	Performing replace Patch operation	{"target": "abhi/sample-target-4"}
2021-04-08T14:24:36.720Z	INFO	analyzer.Target	Reconciling target	{"target": "abhi/sample-target-4"}
2021-04-08T14:24:36.720Z	INFO	analyzer.Backupplan	Reconciling backupplan	{"backupPlan": "abhi/sample-backupplan"}
2021-04-08T14:24:36.720Z	INFO	analyzer.Backupplan	Performing remove Patch operation	{"backupPlan": "abhi/sample-backupplan"}
2021-04-08T14:24:36.720Z	INFO	analyzer.Target	Performing replace Patch operation	{"target": "abhi/sample-target-4"}
2021-04-08T14:24:36.720Z	INFO	analyzer.Backup	Reconciling backup	{"backup": "abhi/sample-backup-custom-2"}
2021-04-08T14:24:36.736Z	INFO	analyzer.Target	Reconciling target	{"target": "abhi/sample-target-4"}
2021-04-08T14:24:36.736Z	INFO	analyzer.Target	Performing replace Patch operation	{"target": "abhi/sample-target-4"}
2021-04-08T14:24:52.661Z	INFO	analyzer.Target	Reconciling target	{"target": "abhi/sample-target-4"}
2021-04-08T14:24:52.661Z	INFO	analyzer.Backupplan	Reconciling backupplan	{"backupPlan": "abhi/sample-backupplan"}
2021-04-08T14:24:52.661Z	INFO	analyzer.Target	Performing remove Patch operation	{"target": "abhi/sample-target-4"}
2021-04-08T14:24:52.673Z	INFO	analyzer.Target	Reconciling target	{"target": "abhi/sample-target-4"}
2021-04-08T14:32:54.574Z	INFO	analyzer.Backupplan	Reconciling backupplan	{"backupPlan": "abhi/sample-backupplan-all"}
2021-04-08T14:32:54.574Z	INFO	analyzer.Target	Reconciling target	{"target": "abhi/sample-target"}
2021-04-08T14:32:54.576Z	INFO	analyzer.Target	Performing add Patch operation	{"target": "abhi/sample-target"}
2021-04-08T14:32:54.602Z	INFO	analyzer.Target	Reconciling target	{"target": "abhi/sample-target"}
2021-04-08T14:32:54.602Z	INFO	analyzer.Target	Performing replace Patch operation	{"target": "abhi/sample-target"}
2021-04-08T14:32:55.918Z	INFO	analyzer.Target	Reconciling target	{"target": "abhi/sample-target"}
2021-04-08T14:32:55.918Z	INFO	analyzer.Target	Performing replace Patch operation	{"target": "abhi/sample-target"}
2021-04-08T14:32:55.919Z	INFO	analyzer.Backupplan	Reconciling backupplan	{"backupPlan": "abhi/sample-backupplan-all"}
2021-04-08T14:32:55.982Z	INFO	analyzer.Target	Reconciling target	{"target": "abhi/sample-target"}
2021-04-08T14:32:55.982Z	INFO	analyzer.Target	Performing replace Patch operation	{"target": "abhi/sample-target"}
2021-04-08T14:32:55.982Z	INFO	analyzer.Backupplan	Reconciling backupplan	{"backupPlan": "abhi/sample-backupplan-all"}
2021-04-08T14:32:57.262Z	INFO	analyzer.Target	Reconciling target	{"target": "abhi/sample-target"}
2021-04-08T14:32:57.262Z	INFO	analyzer.Backupplan	Reconciling backupplan	{"backupPlan": "abhi/sample-backupplan-all"}
2021-04-08T14:32:57.263Z	INFO	analyzer.Target	Performing replace Patch operation	{"target": "abhi/sample-target"}
2021-04-08T14:32:57.291Z	INFO	analyzer.Target	Reconciling target	{"target": "abhi/sample-target"}
2021-04-08T14:32:57.292Z	INFO	analyzer.Target	Performing replace Patch operation	{"target": "abhi/sample-target"}
2021-04-08T14:32:57.292Z	INFO	analyzer.Backupplan	Reconciling backupplan	{"backupPlan": "abhi/sample-backupplan-all"}
2021-04-08T14:33:02.549Z	INFO	analyzer.Target	Reconciling target	{"target": "abhi/sample-target"}
2021-04-08T14:33:02.549Z	INFO	analyzer.Backupplan	Reconciling backupplan	{"backupPlan": "abhi/sample-backupplan-all"}
2021-04-08T14:33:02.549Z	INFO	analyzer.Backupplan	Performing add Patch operation	{"backupPlan": "abhi/sample-backupplan-all"}
2021-04-08T14:33:02.549Z	INFO	analyzer.Target	Performing replace Patch operation	{"target": "abhi/sample-target"}
2021-04-08T14:33:02.549Z	INFO	analyzer.Backup	Reconciling backup	{"backup": "abhi/sample-backup-all"}
2021-04-08T14:33:02.550Z	INFO	analyzer.Backup	Performing add Patch operation	{"backup": "abhi/sample-backup-all"}
2021-04-08T14:33:02.561Z	INFO	analyzer.Target	Reconciling target	{"target": "abhi/sample-target"}
2021-04-08T14:33:02.561Z	INFO	analyzer.Target	Performing replace Patch operation	{"target": "abhi/sample-target"}
2021-04-08T14:33:02.639Z	INFO	analyzer.Target	Reconciling target	{"target": "abhi/sample-target"}
2021-04-08T14:33:02.640Z	INFO	analyzer.Target	Performing replace Patch operation	{"target": "abhi/sample-target"}
2021-04-08T14:33:02.718Z	INFO	analyzer.Target	Reconciling target	{"target": "abhi/sample-target"}
2021-04-08T14:33:02.718Z	INFO	analyzer.Backupplan	Reconciling backupplan	{"backupPlan": "abhi/sample-backupplan-all"}
2021-04-08T14:33:02.718Z	INFO	analyzer.Backup	Reconciling backup	{"backup": "abhi/sample-backup-all"}
2021-04-08T14:33:02.718Z	INFO	analyzer.Backup	Performing replace Patch operation	{"backup": "abhi/sample-backup-all"}
2021-04-08T14:33:02.718Z	INFO	analyzer.Backupplan	Performing replace Patch operation	{"backupPlan": "abhi/sample-backupplan-all"}
2021-04-08T14:33:02.719Z	INFO	analyzer.Target	Performing replace Patch operation	{"target": "abhi/sample-target"}
2021-04-08T14:33:29.253Z	INFO	analyzer.Target	Reconciling target	{"target": "abhi/sample-target"}
2021-04-08T14:33:29.253Z	INFO	analyzer.Target	Performing replace Patch operation	{"target": "abhi/sample-target"}
2021-04-08T14:33:29.303Z	INFO	analyzer.Target	Reconciling target	{"target": "abhi/sample-target"}
2021-04-08T14:33:29.304Z	INFO	analyzer.Target	Performing replace Patch operation	{"target": "abhi/sample-target"}
2021-04-08T14:33:36.474Z	INFO	analyzer.Target	Reconciling target	{"target": "abhi/sample-target"}
2021-04-08T14:33:36.474Z	INFO	analyzer.Target	Performing replace Patch operation	{"target": "abhi/sample-target"}
2021-04-08T14:33:36.853Z	INFO	analyzer.Target	Reconciling target	{"target": "abhi/sample-target"}
2021-04-08T14:33:36.854Z	INFO	analyzer.Target	Performing replace Patch operation	{"target": "abhi/sample-target"}
2021-04-08T14:33:37.925Z	INFO	analyzer.Target	Reconciling target	{"target": "abhi/sample-target"}
2021-04-08T14:33:37.926Z	INFO	analyzer.Target	Performing replace Patch operation	{"target": "abhi/sample-target"}
2021-04-08T14:33:38.242Z	INFO	analyzer.Target	Reconciling target	{"target": "abhi/sample-target"}
2021-04-08T14:33:38.242Z	INFO	analyzer.Target	Performing replace Patch operation	{"target": "abhi/sample-target"}
2021-04-08T14:33:39.651Z	INFO	analyzer.Target	Reconciling target	{"target": "abhi/sample-target"}
2021-04-08T14:33:39.652Z	INFO	analyzer.Target	Performing replace Patch operation	{"target": "abhi/sample-target"}
2021-04-08T14:33:41.839Z	INFO	analyzer.Target	Reconciling target	{"target": "abhi/sample-target"}
2021-04-08T14:33:41.839Z	INFO	analyzer.Target	Performing replace Patch operation	{"target": "abhi/sample-target"}
2021-04-08T14:33:42.842Z	INFO	analyzer.Target	Reconciling target	{"target": "abhi/sample-target"}
2021-04-08T14:33:42.842Z	INFO	analyzer.Target	Performing replace Patch operation	{"target": "abhi/sample-target"}
2021-04-08T14:33:43.242Z	INFO	analyzer.Target	Reconciling target	{"target": "abhi/sample-target"}
2021-04-08T14:33:43.242Z	INFO	analyzer.Target	Performing replace Patch operation	{"target": "abhi/sample-target"}
2021-04-08T14:33:43.842Z	INFO	analyzer.Target	Reconciling target	{"target": "abhi/sample-target"}
2021-04-08T14:33:43.842Z	INFO	analyzer.Target	Performing replace Patch operation	{"target": "abhi/sample-target"}
2021-04-08T14:33:44.060Z	INFO	analyzer.Target	Reconciling target	{"target": "abhi/sample-target"}
2021-04-08T14:33:44.061Z	INFO	analyzer.Target	Performing replace Patch operation	{"target": "abhi/sample-target"}
2021-04-08T14:33:44.668Z	INFO	analyzer.Target	Reconciling target	{"target": "abhi/sample-target"}
2021-04-08T14:33:44.669Z	INFO	analyzer.Target	Performing replace Patch operation	{"target": "abhi/sample-target"}
2021-04-08T14:33:45.254Z	INFO	analyzer.Target	Reconciling target	{"target": "abhi/sample-target"}
2021-04-08T14:33:45.255Z	INFO	analyzer.Target	Performing replace Patch operation	{"target": "abhi/sample-target"}
2021-04-08T14:33:45.558Z	INFO	analyzer.Target	Reconciling target	{"target": "abhi/sample-target"}
2021-04-08T14:33:45.559Z	INFO	analyzer.Target	Performing replace Patch operation	{"target": "abhi/sample-target"}
2021-04-08T14:33:45.690Z	INFO	analyzer.Target	Reconciling target	{"target": "abhi/sample-target"}
2021-04-08T14:33:45.691Z	INFO	analyzer.Target	Performing replace Patch operation	{"target": "abhi/sample-target"}
2021-04-08T14:33:46.045Z	INFO	analyzer.Target	Reconciling target	{"target": "abhi/sample-target"}
2021-04-08T14:33:46.046Z	INFO	analyzer.Target	Performing replace Patch operation	{"target": "abhi/sample-target"}
2021-04-08T14:33:46.443Z	INFO	analyzer.Target	Reconciling target	{"target": "abhi/sample-target"}
2021-04-08T14:33:46.444Z	INFO	analyzer.Target	Performing replace Patch operation	{"target": "abhi/sample-target"}
2021-04-08T14:33:47.847Z	INFO	analyzer.Target	Reconciling target	{"target": "abhi/sample-target"}
2021-04-08T14:33:47.848Z	INFO	analyzer.Target	Performing replace Patch operation	{"target": "abhi/sample-target"}
2021-04-08T14:33:49.040Z	INFO	analyzer.Target	Reconciling target	{"target": "abhi/sample-target"}
2021-04-08T14:33:49.041Z	INFO	analyzer.Target	Performing replace Patch operation	{"target": "abhi/sample-target"}
2021-04-08T14:33:49.842Z	INFO	analyzer.Target	Reconciling target	{"target": "abhi/sample-target"}
2021-04-08T14:33:49.842Z	INFO	analyzer.Target	Performing replace Patch operation	{"target": "abhi/sample-target"}
2021-04-08T14:33:50.039Z	INFO	analyzer.Target	Reconciling target	{"target": "abhi/sample-target"}
2021-04-08T14:33:50.039Z	INFO	analyzer.Target	Performing replace Patch operation	{"target": "abhi/sample-target"}
2021-04-08T14:33:50.250Z	INFO	analyzer.Target	Reconciling target	{"target": "abhi/sample-target"}
2021-04-08T14:33:50.251Z	INFO	analyzer.Target	Performing replace Patch operation	{"target": "abhi/sample-target"}
2021-04-08T14:33:51.251Z	INFO	analyzer.Target	Reconciling target	{"target": "abhi/sample-target"}
2021-04-08T14:33:51.253Z	INFO	analyzer.Target	Performing replace Patch operation	{"target": "abhi/sample-target"}
2021-04-08T14:33:52.645Z	INFO	analyzer.Target	Reconciling target	{"target": "abhi/sample-target"}
2021-04-08T14:33:52.645Z	INFO	analyzer.Target	Performing replace Patch operation	{"target": "abhi/sample-target"}
2021-04-08T14:33:53.758Z	INFO	analyzer.Target	Reconciling target	{"target": "abhi/sample-target"}
2021-04-08T14:33:53.758Z	INFO	analyzer.Target	Performing replace Patch operation	{"target": "abhi/sample-target"}
2021-04-08T14:33:53.853Z	INFO	analyzer.Target	Reconciling target	{"target": "abhi/sample-target"}
2021-04-08T14:33:53.853Z	INFO	analyzer.Target	Performing replace Patch operation	{"target": "abhi/sample-target"}
2021-04-08T14:33:54.047Z	INFO	analyzer.Target	Reconciling target	{"target": "abhi/sample-target"}
2021-04-08T14:33:54.047Z	INFO	analyzer.Target	Performing replace Patch operation	{"target": "abhi/sample-target"}
2021-04-08T14:34:00.566Z	INFO	analyzer.Target	Reconciling target	{"target": "abhi/sample-target"}
2021-04-08T14:34:00.567Z	INFO	analyzer.Target	Performing replace Patch operation	{"target": "abhi/sample-target"}
2021-04-08T14:34:00.635Z	INFO	analyzer.Target	Reconciling target	{"target": "abhi/sample-target"}
2021-04-08T14:34:00.635Z	INFO	analyzer.Target	Performing replace Patch operation	{"target": "abhi/sample-target"}
2021-04-08T14:34:00.726Z	INFO	analyzer.Target	Reconciling target	{"target": "abhi/sample-target"}
2021-04-08T14:34:00.726Z	INFO	analyzer.Target	Performing replace Patch operation	{"target": "abhi/sample-target"}
2021-04-08T14:34:01.076Z	INFO	analyzer.Target	Reconciling target	{"target": "abhi/sample-target"}
2021-04-08T14:34:01.076Z	INFO	analyzer.Target	Performing replace Patch operation	{"target": "abhi/sample-target"}
2021-04-08T14:34:02.652Z	INFO	analyzer.Target	Reconciling target	{"target": "abhi/sample-target"}
2021-04-08T14:34:02.653Z	INFO	analyzer.Target	Performing replace Patch operation	{"target": "abhi/sample-target"}
2021-04-08T14:34:02.664Z	INFO	analyzer.Target	Reconciling target	{"target": "abhi/sample-target"}
2021-04-08T14:34:02.665Z	INFO	analyzer.Target	Performing replace Patch operation	{"target": "abhi/sample-target"}
2021-04-08T14:34:02.841Z	INFO	analyzer.Target	Reconciling target	{"target": "abhi/sample-target"}
2021-04-08T14:34:02.842Z	INFO	analyzer.Target	Performing replace Patch operation	{"target": "abhi/sample-target"}
2021-04-08T14:34:03.277Z	INFO	analyzer.Target	Reconciling target	{"target": "abhi/sample-target"}
2021-04-08T14:34:03.278Z	INFO	analyzer.Target	Performing replace Patch operation	{"target": "abhi/sample-target"}
2021-04-08T14:34:03.292Z	INFO	analyzer.Target	Reconciling target	{"target": "abhi/sample-target"}
2021-04-08T14:34:03.292Z	INFO	analyzer.Target	Performing replace Patch operation	{"target": "abhi/sample-target"}
2021-04-08T14:34:03.484Z	INFO	analyzer.Target	Reconciling target	{"target": "abhi/sample-target"}
2021-04-08T14:34:03.484Z	INFO	analyzer.Target	Performing replace Patch operation	{"target": "abhi/sample-target"}
2021-04-08T14:34:03.891Z	INFO	analyzer.Target	Reconciling target	{"target": "abhi/sample-target"}
2021-04-08T14:34:03.891Z	INFO	analyzer.Target	Performing replace Patch operation	{"target": "abhi/sample-target"}
2021-04-08T14:34:03.901Z	INFO	analyzer.Target	Reconciling target	{"target": "abhi/sample-target"}
2021-04-08T14:34:03.901Z	INFO	analyzer.Target	Performing replace Patch operation	{"target": "abhi/sample-target"}
2021-04-08T14:34:04.263Z	INFO	analyzer.Target	Reconciling target	{"target": "abhi/sample-target"}
2021-04-08T14:34:04.264Z	INFO	analyzer.Target	Performing replace Patch operation	{"target": "abhi/sample-target"}
2021-04-08T14:34:05.118Z	INFO	analyzer.Target	Reconciling target	{"target": "abhi/sample-target"}
2021-04-08T14:34:05.118Z	INFO	analyzer.Target	Performing replace Patch operation	{"target": "abhi/sample-target"}
2021-04-08T14:34:05.130Z	INFO	analyzer.Target	Reconciling target	{"target": "abhi/sample-target"}
2021-04-08T14:34:05.131Z	INFO	analyzer.Target	Performing replace Patch operation	{"target": "abhi/sample-target"}
2021-04-08T14:34:05.318Z	INFO	analyzer.Target	Reconciling target	{"target": "abhi/sample-target"}
2021-04-08T14:34:05.318Z	INFO	analyzer.Target	Performing replace Patch operation	{"target": "abhi/sample-target"}
2021-04-08T14:34:05.653Z	INFO	analyzer.Target	Reconciling target	{"target": "abhi/sample-target"}
2021-04-08T14:34:05.653Z	INFO	analyzer.Target	Performing replace Patch operation	{"target": "abhi/sample-target"}
2021-04-08T14:34:05.661Z	INFO	analyzer.Target	Reconciling target	{"target": "abhi/sample-target"}
2021-04-08T14:34:05.662Z	INFO	analyzer.Target	Performing replace Patch operation	{"target": "abhi/sample-target"}
2021-04-08T14:34:05.866Z	INFO	analyzer.Target	Reconciling target	{"target": "abhi/sample-target"}
2021-04-08T14:34:05.867Z	INFO	analyzer.Target	Performing replace Patch operation	{"target": "abhi/sample-target"}
2021-04-08T14:34:06.452Z	INFO	analyzer.Target	Reconciling target	{"target": "abhi/sample-target"}
2021-04-08T14:34:06.452Z	INFO	analyzer.Target	Performing replace Patch operation	{"target": "abhi/sample-target"}
2021-04-08T14:34:06.462Z	INFO	analyzer.Target	Reconciling target	{"target": "abhi/sample-target"}
2021-04-08T14:34:06.462Z	INFO	analyzer.Target	Performing replace Patch operation	{"target": "abhi/sample-target"}
2021-04-08T14:34:06.681Z	INFO	analyzer.Target	Reconciling target	{"target": "abhi/sample-target"}
2021-04-08T14:34:06.682Z	INFO	analyzer.Target	Performing replace Patch operation	{"target": "abhi/sample-target"}
2021-04-08T14:35:56.367Z	INFO	analyzer.Target	Reconciling target	{"target": "abhi/sample-target"}
2021-04-08T14:35:56.368Z	INFO	analyzer.Target	Performing replace Patch operation	{"target": "abhi/sample-target"}
2021-04-08T14:35:57.636Z	INFO	analyzer.Target	Reconciling target	{"target": "abhi/sample-target"}
2021-04-08T14:35:57.637Z	INFO	analyzer.Target	Performing replace Patch operation	{"target": "abhi/sample-target"}
2021-04-08T14:35:57.656Z	INFO	analyzer.Target	Reconciling target	{"target": "abhi/sample-target"}
2021-04-08T14:35:57.657Z	INFO	analyzer.Target	Performing replace Patch operation	{"target": "abhi/sample-target"}
2021-04-08T14:36:00.897Z	INFO	analyzer.Target	Reconciling target	{"target": "abhi/sample-target"}
2021-04-08T14:36:00.902Z	INFO	analyzer.Target	Performing replace Patch operation	{"target": "abhi/sample-target"}
2021-04-08T14:36:01.757Z	INFO	analyzer.Target	Reconciling target	{"target": "abhi/sample-target"}
2021-04-08T14:36:01.758Z	INFO	analyzer.Target	Performing replace Patch operation	{"target": "abhi/sample-target"}
2021-04-08T14:36:01.770Z	INFO	analyzer.Target	Reconciling target	{"target": "abhi/sample-target"}
2021-04-08T14:36:01.771Z	INFO	analyzer.Target	Performing replace Patch operation	{"target": "abhi/sample-target"}
2021-04-08T14:36:26.051Z	INFO	analyzer.Target	Reconciling target	{"target": "abhi/sample-target"}
2021-04-08T14:36:26.051Z	INFO	analyzer.Target	Performing replace Patch operation	{"target": "abhi/sample-target"}
2021-04-08T14:36:26.949Z	INFO	analyzer.Target	Reconciling target	{"target": "abhi/sample-target"}
2021-04-08T14:36:26.950Z	INFO	analyzer.Target	Performing replace Patch operation	{"target": "abhi/sample-target"}
2021-04-08T14:36:26.961Z	INFO	analyzer.Target	Reconciling target	{"target": "abhi/sample-target"}
2021-04-08T14:36:26.963Z	INFO	analyzer.Target	Performing replace Patch operation	{"target": "abhi/sample-target"}
2021-04-08T14:36:45.324Z	INFO	analyzer.Target	Reconciling target	{"target": "abhi/sample-target"}
2021-04-08T14:36:45.325Z	INFO	analyzer.Target	Performing replace Patch operation	{"target": "abhi/sample-target"}
2021-04-08T14:36:46.374Z	INFO	analyzer.Target	Reconciling target	{"target": "abhi/sample-target"}
2021-04-08T14:36:46.374Z	INFO	analyzer.Target	Performing replace Patch operation	{"target": "abhi/sample-target"}
2021-04-08T14:36:46.392Z	INFO	analyzer.Target	Reconciling target	{"target": "abhi/sample-target"}
2021-04-08T14:36:46.398Z	INFO	analyzer.Target	Performing replace Patch operation	{"target": "abhi/sample-target"}
2021-04-08T14:36:47.561Z	INFO	analyzer.Target	Reconciling target	{"target": "abhi/sample-target"}
2021-04-08T14:36:47.562Z	INFO	analyzer.Target	Performing replace Patch operation	{"target": "abhi/sample-target"}
2021-04-08T14:36:48.586Z	INFO	analyzer.Target	Reconciling target	{"target": "abhi/sample-target"}
2021-04-08T14:36:48.586Z	INFO	analyzer.Target	Performing replace Patch operation	{"target": "abhi/sample-target"}
2021-04-08T14:36:48.596Z	INFO	analyzer.Target	Reconciling target	{"target": "abhi/sample-target"}
2021-04-08T14:36:48.597Z	INFO	analyzer.Target	Performing replace Patch operation	{"target": "abhi/sample-target"}
2021-04-08T14:36:52.195Z	INFO	analyzer.Target	Reconciling target	{"target": "abhi/sample-target"}
2021-04-08T14:36:52.196Z	INFO	analyzer.Target	Performing replace Patch operation	{"target": "abhi/sample-target"}
2021-04-08T14:36:52.784Z	INFO	analyzer.Target	Reconciling target	{"target": "abhi/sample-target"}
2021-04-08T14:36:52.784Z	INFO	analyzer.Target	Performing replace Patch operation	{"target": "abhi/sample-target"}
2021-04-08T14:36:52.792Z	INFO	analyzer.Target	Reconciling target	{"target": "abhi/sample-target"}
2021-04-08T14:36:52.793Z	INFO	analyzer.Target	Performing replace Patch operation	{"target": "abhi/sample-target"}
2021-04-08T14:37:15.089Z	INFO	analyzer.Target	Reconciling target	{"target": "abhi/sample-target"}
2021-04-08T14:37:15.090Z	INFO	analyzer.Target	Performing replace Patch operation	{"target": "abhi/sample-target"}
2021-04-08T14:37:16.548Z	INFO	analyzer.Target	Reconciling target	{"target": "abhi/sample-target"}
2021-04-08T14:37:16.549Z	INFO	analyzer.Target	Performing replace Patch operation	{"target": "abhi/sample-target"}
2021-04-08T14:37:16.559Z	INFO	analyzer.Target	Reconciling target	{"target": "abhi/sample-target"}
2021-04-08T14:37:16.559Z	INFO	analyzer.Target	Performing replace Patch operation	{"target": "abhi/sample-target"}
2021-04-08T14:37:16.798Z	INFO	analyzer.Target	Reconciling target	{"target": "abhi/sample-target"}
2021-04-08T14:37:16.798Z	INFO	analyzer.Target	Performing replace Patch operation	{"target": "abhi/sample-target"}
2021-04-08T14:37:17.982Z	INFO	analyzer.Target	Reconciling target	{"target": "abhi/sample-target"}
2021-04-08T14:37:17.982Z	INFO	analyzer.Target	Performing replace Patch operation	{"target": "abhi/sample-target"}
2021-04-08T14:37:17.999Z	INFO	analyzer.Target	Reconciling target	{"target": "abhi/sample-target"}
2021-04-08T14:37:17.999Z	INFO	analyzer.Target	Performing replace Patch operation	{"target": "abhi/sample-target"}
2021-04-08T14:37:31.166Z	INFO	analyzer.Target	Reconciling target	{"target": "abhi/sample-target"}
2021-04-08T14:37:31.166Z	INFO	analyzer.Backup	Reconciling backup	{"backup": "abhi/sample-backup-all"}
2021-04-08T14:37:31.167Z	INFO	analyzer.Backupplan	Reconciling backupplan	{"backupPlan": "abhi/sample-backupplan-all"}
2021-04-08T14:37:31.167Z	INFO	analyzer.Backupplan	Performing replace Patch operation	{"backupPlan": "abhi/sample-backupplan-all"}
2021-04-08T14:37:31.167Z	INFO	analyzer.Target	Performing replace Patch operation	{"target": "abhi/sample-target"}
2021-04-08T14:37:31.168Z	INFO	analyzer.Backup	Performing replace Patch operation	{"backup": "abhi/sample-backup-all"}
2021-04-08T14:37:31.361Z	INFO	analyzer.Target	Reconciling target	{"target": "abhi/sample-target"}
2021-04-08T14:37:31.362Z	INFO	analyzer.Target	Performing replace Patch operation	{"target": "abhi/sample-target"}
2021-04-08T14:37:31.945Z	INFO	analyzer.Target	Reconciling target	{"target": "abhi/sample-target"}
2021-04-08T14:37:31.945Z	INFO	analyzer.Target	Performing replace Patch operation	{"target": "abhi/sample-target"}
2021-04-08T14:37:32.071Z	INFO	analyzer.Target	Reconciling target	{"target": "abhi/sample-target"}
2021-04-08T14:37:32.071Z	INFO	analyzer.Target	Performing replace Patch operation	{"target": "abhi/sample-target"}
2021-04-08T14:38:27.558Z	INFO	analyzer.Target	Reconciling target	{"target": "abhi/sample-target"}
2021-04-08T14:38:27.558Z	INFO	analyzer.Target	Performing replace Patch operation	{"target": "abhi/sample-target"}
2021-04-08T14:38:27.722Z	INFO	analyzer.Target	Reconciling target	{"target": "abhi/sample-target"}
2021-04-08T14:38:27.722Z	INFO	analyzer.Target	Performing replace Patch operation	{"target": "abhi/sample-target"}
2021-04-08T14:38:27.723Z	INFO	analyzer.Backupplan	Reconciling backupplan	{"backupPlan": "abhi/sample-backupplan-all"}
2021-04-08T14:38:27.723Z	INFO	analyzer.Backupplan	Performing replace Patch operation	{"backupPlan": "abhi/sample-backupplan-all"}
2021-04-08T14:38:27.723Z	INFO	analyzer.Backup	Reconciling backup	{"backup": "abhi/sample-backup-all"}
2021-04-08T14:38:27.723Z	INFO	analyzer.Backup	Performing replace Patch operation	{"backup": "abhi/sample-backup-all"}
2021-04-08T14:38:42.670Z	INFO	analyzer.Target	Reconciling target	{"target": "abhi/sample-target"}
2021-04-08T14:38:42.670Z	INFO	analyzer.Backupplan	Reconciling backupplan	{"backupPlan": "abhi/sample-backupplan-all"}
2021-04-08T14:38:42.671Z	INFO	analyzer.Backupplan	Performing replace Patch operation	{"backupPlan": "abhi/sample-backupplan-all"}
2021-04-08T14:38:42.671Z	INFO	analyzer.Target	Performing replace Patch operation	{"target": "abhi/sample-target"}
2021-04-08T14:38:42.670Z	INFO	analyzer.Backup	Reconciling backup	{"backup": "abhi/sample-backup-all"}
2021-04-08T14:38:42.671Z	INFO	analyzer.Backup	Performing replace Patch operation	{"backup": "abhi/sample-backup-all"}
