I0320 10:04:07.627431       1 request.go:655] Throttling request took 1.001572071s, request: GET:https://10.96.0.1:443/apis/etcd.database.coreos.com/v1beta2?timeout=32s
time="2021-03-20T10:04:07Z" level=info msg="Setting up the APP_SCOPE environment"
time="2021-03-20T10:04:07Z" level=info msg="TLS cert and key found"
time="2021-03-20T10:04:07Z" level=info msg="Server started"
time="2021-03-26T13:56:21Z" level=info msg="Calling /mutate"
time="2021-03-26T13:56:21Z" level=info msg="AdmissionReview for Kind=triliovault.trilio.io/v1, Kind=Target, Namespace=praf Name=sample-target-1 UID=16f0be89-2b05-4bbe-bc2f-c0e6e15c1a21 patchOperation=UPDATE UserInfo={system:serviceaccount:praf:k8s-triliovault 30733998-0545-48a9-9bcf-227abf3f3eb6 [system:serviceaccounts system:serviceaccounts:praf system:authenticated] map[]}"
time="2021-03-26T13:56:21Z" level=info msg="Getting CR object from the AdmissionReview request"
time="2021-03-26T13:56:21Z" level=info msg="Checking if target update is possible"
time="2021-03-26T13:56:21Z" level=info msg="Getting CR object for sample-target-1 in praf namespace"
time="2021-03-26T13:56:21Z" level=info msg="Target sample-target-1 CR object found &{TypeMeta:{Kind: APIVersion:} ObjectMeta:{Name:sample-target-1 GenerateName: Namespace:praf SelfLink:/apis/triliovault.trilio.io/v1/namespaces/praf/targets/sample-target-1 UID:13719621-b9b0-4c33-9e71-62248fb15ccc ResourceVersion:74471728 Generation:3 CreationTimestamp:2021-03-20 09:23:43 +0000 UTC DeletionTimestamp:2021-03-26 13:56:21 +0000 UTC DeletionGracePeriodSeconds:0xc00030b700 Labels:map[] Annotations:map[targetSpecHash:3725611344] OwnerReferences:[] Finalizers:[target-delete-finalizer] ClusterName: ManagedFields:[]} Spec:{Type:NFS Vendor:Other NFSCredentials:{NfsExport:34.66.17.160:/src/nfs/kubedata NfsOptions:nfsvers=4} ObjectStoreCredentials:{URL: AccessKey: SecretKey: BucketName: Region:} EnableBrowsing:true ThresholdCapacity:<nil>} Status:{Condition:[{Status: Timestamp:2021-03-20 09:23:43 +0000 UTC Reason:Target credentials changed. Phase:} {Status:InProgress Timestamp:2021-03-20 09:23:43 +0000 UTC Reason:Validation InProgress Phase:Validation} {Status:Completed Timestamp:2021-03-20 09:24:13 +0000 UTC Reason:Validation Completed Phase:Validation} {Status:InProgress Timestamp:2021-03-20 09:24:13 +0000 UTC Reason:Browsing is enabled, waiting for target browser deployment and service to come up. Phase:TargetBrowsing} {Status:Completed Timestamp:2021-03-20 09:38:42 +0000 UTC Reason:Successfully enabled target browser Phase:TargetBrowsing} {Status:InProgress Timestamp:2021-03-20 10:03:18 +0000 UTC Reason:Updating existing target browser deployment and service Phase:TargetBrowsing} {Status:Completed Timestamp:2021-03-20 10:03:18 +0000 UTC Reason:Successfully enabled target browser Phase:TargetBrowsing}] Status:Available BrowsingEnabled:true Stats:<nil>}}"
time="2021-03-26T13:56:21Z" level=info msg="Target CR Object Reference &ObjectReference{Kind:Target,Namespace:praf,Name:sample-target-1,UID:13719621-b9b0-4c33-9e71-62248fb15ccc,APIVersion:triliovault.trilio.io/v1,ResourceVersion:74471728,FieldPath:,}"
time="2021-03-26T13:56:21Z" level=info msg="AdmissionResponse: patch="
time="2021-03-26T13:56:21Z" level=info msg="Ready to write response ..."
time="2021-03-26T13:56:21Z" level=info msg="Calling /validate"
time="2021-03-26T13:56:21Z" level=info msg="AdmissionReview for Kind=triliovault.trilio.io/v1, Kind=Target, Namespace=praf Name=sample-target-1 UID=37c537a7-c9ff-4a09-9eeb-2403b8be9db2 patchOperation=UPDATE UserInfo={system:serviceaccount:praf:k8s-triliovault 30733998-0545-48a9-9bcf-227abf3f3eb6 [system:serviceaccounts system:serviceaccounts:praf system:authenticated] map[]}"
time="2021-03-26T13:56:21Z" level=info msg="Getting CR object from the request"
time="2021-03-26T13:56:21Z" level=info msg="Ready to write response ..."
time="2021-03-26T13:56:21Z" level=info msg="Calling /mutate"
time="2021-03-26T13:56:21Z" level=info msg="AdmissionReview for Kind=triliovault.trilio.io/v1, Kind=Target, Namespace=praf Name=sample-target-1 UID=43a733af-2c71-42b5-9c7f-e496d8053d61 patchOperation=UPDATE UserInfo={system:serviceaccount:praf:k8s-triliovault 30733998-0545-48a9-9bcf-227abf3f3eb6 [system:serviceaccounts system:serviceaccounts:praf system:authenticated] map[]}"
time="2021-03-26T13:56:21Z" level=info msg="Getting CR object from the AdmissionReview request"
time="2021-03-26T13:56:21Z" level=info msg="Checking if target update is possible"
time="2021-03-26T13:56:21Z" level=info msg="Getting CR object for sample-target-1 in praf namespace"
time="2021-03-26T13:56:21Z" level=info msg="Target sample-target-1 CR object found &{TypeMeta:{Kind: APIVersion:} ObjectMeta:{Name:sample-target-1 GenerateName: Namespace:praf SelfLink:/apis/triliovault.trilio.io/v1/namespaces/praf/targets/sample-target-1 UID:13719621-b9b0-4c33-9e71-62248fb15ccc ResourceVersion:74471728 Generation:3 CreationTimestamp:2021-03-20 09:23:43 +0000 UTC DeletionTimestamp:2021-03-26 13:56:21 +0000 UTC DeletionGracePeriodSeconds:0xc0007cf850 Labels:map[] Annotations:map[targetSpecHash:3725611344] OwnerReferences:[] Finalizers:[target-delete-finalizer] ClusterName: ManagedFields:[]} Spec:{Type:NFS Vendor:Other NFSCredentials:{NfsExport:34.66.17.160:/src/nfs/kubedata NfsOptions:nfsvers=4} ObjectStoreCredentials:{URL: AccessKey: SecretKey: BucketName: Region:} EnableBrowsing:true ThresholdCapacity:<nil>} Status:{Condition:[{Status: Timestamp:2021-03-20 09:23:43 +0000 UTC Reason:Target credentials changed. Phase:} {Status:InProgress Timestamp:2021-03-20 09:23:43 +0000 UTC Reason:Validation InProgress Phase:Validation} {Status:Completed Timestamp:2021-03-20 09:24:13 +0000 UTC Reason:Validation Completed Phase:Validation} {Status:InProgress Timestamp:2021-03-20 09:24:13 +0000 UTC Reason:Browsing is enabled, waiting for target browser deployment and service to come up. Phase:TargetBrowsing} {Status:Completed Timestamp:2021-03-20 09:38:42 +0000 UTC Reason:Successfully enabled target browser Phase:TargetBrowsing} {Status:InProgress Timestamp:2021-03-20 10:03:18 +0000 UTC Reason:Updating existing target browser deployment and service Phase:TargetBrowsing} {Status:Completed Timestamp:2021-03-20 10:03:18 +0000 UTC Reason:Successfully enabled target browser Phase:TargetBrowsing}] Status:Available BrowsingEnabled:true Stats:<nil>}}"
time="2021-03-26T13:56:21Z" level=info msg="Target CR Object Reference &ObjectReference{Kind:Target,Namespace:praf,Name:sample-target-1,UID:13719621-b9b0-4c33-9e71-62248fb15ccc,APIVersion:triliovault.trilio.io/v1,ResourceVersion:74471728,FieldPath:,}"
time="2021-03-26T13:56:21Z" level=info msg="AdmissionResponse: patch="
time="2021-03-26T13:56:21Z" level=info msg="Ready to write response ..."
time="2021-03-26T13:56:21Z" level=info msg="Calling /validate"
time="2021-03-26T13:56:21Z" level=info msg="AdmissionReview for Kind=triliovault.trilio.io/v1, Kind=Target, Namespace=praf Name=sample-target-1 UID=4979cf37-3f8f-4302-bf7c-5cea0f3753ba patchOperation=UPDATE UserInfo={system:serviceaccount:praf:k8s-triliovault 30733998-0545-48a9-9bcf-227abf3f3eb6 [system:serviceaccounts system:serviceaccounts:praf system:authenticated] map[]}"
time="2021-03-26T13:56:21Z" level=info msg="Getting CR object from the request"
time="2021-03-26T13:56:21Z" level=info msg="Ready to write response ..."
