I0317 05:40:55.982411       6 request.go:655] Throttling request took 1.006361301s, request: GET:https://10.96.0.1:443/apis/snapshot.storage.k8s.io/v1beta1?timeout=32s
I0317 05:41:36.005732       1 main.go:258] Starting NGINX Ingress controller Version=edge GitCommit=177af78c
2021/03/17 05:41:36 [notice] 20#20: using the "epoll" event method
2021/03/17 05:41:36 [notice] 20#20: nginx/1.19.8
2021/03/17 05:41:36 [notice] 20#20: built by gcc 8.3.1 20191121 (Red Hat 8.3.1-5) (GCC) 
2021/03/17 05:41:36 [notice] 20#20: OS: Linux 4.19.150+
2021/03/17 05:41:36 [notice] 20#20: getrlimit(RLIMIT_NOFILE): 1048576:1048576
2021/03/17 05:41:36 [notice] 20#20: start worker processes
2021/03/17 05:41:36 [notice] 20#20: start worker process 21
2021/03/17 05:41:36 [notice] 20#20: start worker process 22
2021/03/17 05:41:36 [notice] 20#20: start worker process 23
2021/03/17 05:41:36 [notice] 20#20: start worker process 24
I0317 05:41:37.641949       1 leaderelection.go:243] attempting to acquire leader lease himan/nginx-ingress-leader-election...
W0317 05:41:37.828217       1 controller.go:3055] Using the DEPRECATED annotation 'kubernetes.io/ingress.class'. The 'ingressClassName' field will be ignored.
W0317 05:41:37.828453       1 controller.go:2174] Error retrieving endpoints for the service k8s-triliovault-web-backend: service himan/k8s-triliovault-web-backend doesn't exist
W0317 05:41:37.828473       1 controller.go:2174] Error retrieving endpoints for the service k8s-triliovault-web: service himan/k8s-triliovault-web doesn't exist
I0317 05:41:37.937568       1 leaderelection.go:253] successfully acquired lease himan/nginx-ingress-leader-election
2021/03/17 05:41:38 [notice] 20#20: signal 1 (SIGHUP) received from 28, reconfiguring
2021/03/17 05:41:38 [notice] 20#20: reconfiguring
2021/03/17 05:41:38 [notice] 20#20: using the "epoll" event method
2021/03/17 05:41:38 [notice] 20#20: start worker processes
2021/03/17 05:41:38 [notice] 20#20: start worker process 30
2021/03/17 05:41:38 [notice] 20#20: start worker process 31
2021/03/17 05:41:38 [notice] 20#20: start worker process 32
2021/03/17 05:41:38 [notice] 20#20: start worker process 33
2021/03/17 05:41:38 [notice] 21#21: gracefully shutting down
2021/03/17 05:41:38 [notice] 21#21: exiting
2021/03/17 05:41:38 [notice] 21#21: exit
2021/03/17 05:41:38 [notice] 23#23: gracefully shutting down
2021/03/17 05:41:38 [notice] 23#23: exiting
2021/03/17 05:41:38 [notice] 23#23: exit
2021/03/17 05:41:38 [notice] 22#22: gracefully shutting down
2021/03/17 05:41:38 [notice] 22#22: exiting
2021/03/17 05:41:38 [notice] 24#24: gracefully shutting down
2021/03/17 05:41:38 [notice] 24#24: exiting
2021/03/17 05:41:38 [notice] 24#24: exit
2021/03/17 05:41:38 [notice] 22#22: exit
2021/03/17 05:41:38 [notice] 20#20: signal 17 (SIGCHLD) received from 21
2021/03/17 05:41:38 [notice] 20#20: worker process 21 exited with code 0
2021/03/17 05:41:38 [notice] 20#20: signal 29 (SIGIO) received
2021/03/17 05:41:38 [notice] 20#20: signal 17 (SIGCHLD) received from 23
2021/03/17 05:41:38 [notice] 20#20: worker process 23 exited with code 0
2021/03/17 05:41:38 [notice] 20#20: worker process 24 exited with code 0
2021/03/17 05:41:38 [notice] 20#20: signal 29 (SIGIO) received
2021/03/17 05:41:38 [notice] 20#20: signal 17 (SIGCHLD) received from 22
2021/03/17 05:41:38 [notice] 20#20: worker process 22 exited with code 0
2021/03/17 05:41:38 [notice] 20#20: signal 29 (SIGIO) received
I0317 05:41:38.561815       1 event.go:282] Event(v1.ObjectReference{Kind:"Ingress", Namespace:"himan", Name:"k8s-triliovault-ingress", UID:"878b3870-a2a8-4103-8b9f-453d8e8b246b", APIVersion:"networking.k8s.io/v1beta1", ResourceVersion:"58362081", FieldPath:""}): type: 'Normal' reason: 'AddedOrUpdated' Configuration for himan/k8s-triliovault-ingress was added or updated 
2021/03/17 05:41:38 [notice] 20#20: signal 1 (SIGHUP) received from 34, reconfiguring
2021/03/17 05:41:38 [notice] 20#20: reconfiguring
2021/03/17 05:41:38 [notice] 20#20: using the "epoll" event method
2021/03/17 05:41:38 [notice] 20#20: start worker processes
2021/03/17 05:41:38 [notice] 20#20: start worker process 35
2021/03/17 05:41:38 [notice] 20#20: start worker process 36
2021/03/17 05:41:38 [notice] 20#20: start worker process 37
2021/03/17 05:41:38 [notice] 20#20: start worker process 38
2021/03/17 05:41:38 [notice] 30#30: gracefully shutting down
2021/03/17 05:41:38 [notice] 31#31: gracefully shutting down
2021/03/17 05:41:38 [notice] 30#30: exiting
2021/03/17 05:41:38 [notice] 31#31: exiting
2021/03/17 05:41:38 [notice] 31#31: exit
2021/03/17 05:41:38 [notice] 30#30: exit
2021/03/17 05:41:38 [notice] 32#32: gracefully shutting down
2021/03/17 05:41:38 [notice] 32#32: exiting
2021/03/17 05:41:38 [notice] 32#32: exit
2021/03/17 05:41:38 [notice] 33#33: gracefully shutting down
2021/03/17 05:41:38 [notice] 33#33: exiting
2021/03/17 05:41:38 [notice] 33#33: exit
2021/03/17 05:41:38 [notice] 20#20: signal 17 (SIGCHLD) received from 30
2021/03/17 05:41:38 [notice] 20#20: worker process 30 exited with code 0
2021/03/17 05:41:38 [notice] 20#20: signal 29 (SIGIO) received
2021/03/17 05:41:38 [notice] 20#20: signal 17 (SIGCHLD) received from 31
2021/03/17 05:41:38 [notice] 20#20: worker process 31 exited with code 0
2021/03/17 05:41:38 [notice] 20#20: signal 29 (SIGIO) received
I0317 05:41:38.865218       1 event.go:282] Event(v1.ObjectReference{Kind:"Ingress", Namespace:"himan", Name:"k8s-triliovault-ingress", UID:"878b3870-a2a8-4103-8b9f-453d8e8b246b", APIVersion:"networking.k8s.io/v1beta1", ResourceVersion:"58362081", FieldPath:""}): type: 'Normal' reason: 'AddedOrUpdated' Configuration for himan/k8s-triliovault-ingress was added or updated 
2021/03/17 05:41:38 [notice] 20#20: signal 17 (SIGCHLD) received from 32
2021/03/17 05:41:38 [notice] 20#20: worker process 32 exited with code 0
2021/03/17 05:41:38 [notice] 20#20: signal 29 (SIGIO) received
2021/03/17 05:41:38 [notice] 20#20: signal 17 (SIGCHLD) received from 33
2021/03/17 05:41:38 [notice] 20#20: worker process 33 exited with code 0
2021/03/17 05:41:38 [notice] 20#20: signal 29 (SIGIO) received
2021/03/17 05:41:39 [notice] 20#20: signal 1 (SIGHUP) received from 39, reconfiguring
2021/03/17 05:41:39 [notice] 20#20: reconfiguring
2021/03/17 05:41:39 [notice] 20#20: using the "epoll" event method
2021/03/17 05:41:39 [notice] 20#20: start worker processes
2021/03/17 05:41:39 [notice] 20#20: start worker process 40
2021/03/17 05:41:39 [notice] 20#20: start worker process 41
2021/03/17 05:41:39 [notice] 20#20: start worker process 42
2021/03/17 05:41:39 [notice] 20#20: start worker process 43
2021/03/17 05:41:39 [notice] 36#36: gracefully shutting down
2021/03/17 05:41:39 [notice] 35#35: gracefully shutting down
2021/03/17 05:41:39 [notice] 35#35: exiting
2021/03/17 05:41:39 [notice] 36#36: exiting
2021/03/17 05:41:39 [notice] 35#35: exit
2021/03/17 05:41:39 [notice] 36#36: exit
2021/03/17 05:41:39 [notice] 38#38: gracefully shutting down
2021/03/17 05:41:39 [notice] 38#38: exiting
2021/03/17 05:41:39 [notice] 38#38: exit
2021/03/17 05:41:39 [notice] 37#37: gracefully shutting down
2021/03/17 05:41:39 [notice] 37#37: exiting
2021/03/17 05:41:39 [notice] 37#37: exit
I0317 05:41:39.656543       1 event.go:282] Event(v1.ObjectReference{Kind:"Ingress", Namespace:"himan", Name:"k8s-triliovault-ingress", UID:"878b3870-a2a8-4103-8b9f-453d8e8b246b", APIVersion:"networking.k8s.io/v1beta1", ResourceVersion:"58362081", FieldPath:""}): type: 'Normal' reason: 'AddedOrUpdated' Configuration for himan/k8s-triliovault-ingress was added or updated 
2021/03/17 05:41:39 [notice] 20#20: signal 17 (SIGCHLD) received from 35
2021/03/17 05:41:39 [notice] 20#20: worker process 35 exited with code 0
2021/03/17 05:41:39 [notice] 20#20: signal 29 (SIGIO) received
2021/03/17 05:41:39 [notice] 20#20: signal 17 (SIGCHLD) received from 38
2021/03/17 05:41:39 [notice] 20#20: worker process 36 exited with code 0
2021/03/17 05:41:39 [notice] 20#20: worker process 37 exited with code 0
2021/03/17 05:41:39 [notice] 20#20: worker process 38 exited with code 0
2021/03/17 05:41:39 [notice] 20#20: signal 29 (SIGIO) received
2021/03/17 05:41:39 [notice] 20#20: signal 1 (SIGHUP) received from 44, reconfiguring
2021/03/17 05:41:39 [notice] 20#20: reconfiguring
2021/03/17 05:41:39 [notice] 20#20: using the "epoll" event method
2021/03/17 05:41:39 [notice] 20#20: start worker processes
2021/03/17 05:41:39 [notice] 20#20: start worker process 45
2021/03/17 05:41:39 [notice] 20#20: start worker process 46
2021/03/17 05:41:39 [notice] 20#20: start worker process 47
2021/03/17 05:41:39 [notice] 20#20: start worker process 48
2021/03/17 05:41:40 [notice] 40#40: gracefully shutting down
2021/03/17 05:41:40 [notice] 40#40: exiting
2021/03/17 05:41:40 [notice] 40#40: exit
2021/03/17 05:41:40 [notice] 41#41: gracefully shutting down
2021/03/17 05:41:40 [notice] 42#42: gracefully shutting down
2021/03/17 05:41:40 [notice] 42#42: exiting
2021/03/17 05:41:40 [notice] 42#42: exit
2021/03/17 05:41:40 [notice] 41#41: exiting
2021/03/17 05:41:40 [notice] 41#41: exit
2021/03/17 05:41:40 [notice] 43#43: gracefully shutting down
2021/03/17 05:41:40 [notice] 43#43: exiting
2021/03/17 05:41:40 [notice] 43#43: exit
2021/03/17 05:41:40 [notice] 20#20: signal 17 (SIGCHLD) received from 40
2021/03/17 05:41:40 [notice] 20#20: worker process 40 exited with code 0
2021/03/17 05:41:40 [notice] 20#20: signal 29 (SIGIO) received
2021/03/17 05:41:40 [notice] 20#20: signal 17 (SIGCHLD) received from 42
2021/03/17 05:41:40 [notice] 20#20: worker process 42 exited with code 0
2021/03/17 05:41:40 [notice] 20#20: worker process 43 exited with code 0
2021/03/17 05:41:40 [notice] 20#20: signal 29 (SIGIO) received
2021/03/17 05:41:40 [notice] 20#20: signal 17 (SIGCHLD) received from 41
2021/03/17 05:41:40 [notice] 20#20: worker process 41 exited with code 0
2021/03/17 05:41:40 [notice] 20#20: signal 29 (SIGIO) received
I0317 05:41:40.158803       1 event.go:282] Event(v1.ObjectReference{Kind:"Secret", Namespace:"himan", Name:"k8s-triliovault-ingress-tls-certs", UID:"25a3cba5-adc2-40b7-8e55-e1fc088fef94", APIVersion:"v1", ResourceVersion:"58362300", FieldPath:""}): type: 'Normal' reason: 'Updated' the special Secret himan/k8s-triliovault-ingress-tls-certs was updated
2021/03/23 19:59:32 [notice] 20#20: signal 1 (SIGHUP) received from 49, reconfiguring
2021/03/23 19:59:32 [notice] 20#20: reconfiguring
2021/03/23 19:59:32 [notice] 20#20: using the "epoll" event method
2021/03/23 19:59:32 [notice] 20#20: start worker processes
2021/03/23 19:59:32 [notice] 20#20: start worker process 50
2021/03/23 19:59:32 [notice] 20#20: start worker process 51
2021/03/23 19:59:32 [notice] 20#20: start worker process 52
2021/03/23 19:59:32 [notice] 20#20: start worker process 53
2021/03/23 19:59:32 [notice] 45#45: gracefully shutting down
2021/03/23 19:59:32 [notice] 45#45: exiting
2021/03/23 19:59:32 [notice] 46#46: gracefully shutting down
2021/03/23 19:59:32 [notice] 45#45: exit
2021/03/23 19:59:32 [notice] 46#46: exiting
2021/03/23 19:59:32 [notice] 46#46: exit
2021/03/23 19:59:32 [notice] 47#47: gracefully shutting down
2021/03/23 19:59:32 [notice] 47#47: exiting
2021/03/23 19:59:32 [notice] 47#47: exit
2021/03/23 19:59:32 [notice] 48#48: gracefully shutting down
2021/03/23 19:59:32 [notice] 48#48: exiting
2021/03/23 19:59:32 [notice] 48#48: exit
2021/03/23 19:59:32 [notice] 20#20: signal 17 (SIGCHLD) received from 45
2021/03/23 19:59:32 [notice] 20#20: worker process 45 exited with code 0
2021/03/23 19:59:32 [notice] 20#20: signal 29 (SIGIO) received
2021/03/23 19:59:32 [notice] 20#20: signal 17 (SIGCHLD) received from 46
2021/03/23 19:59:32 [notice] 20#20: worker process 46 exited with code 0
2021/03/23 19:59:32 [notice] 20#20: signal 29 (SIGIO) received
2021/03/23 19:59:32 [notice] 20#20: signal 17 (SIGCHLD) received from 47
2021/03/23 19:59:32 [notice] 20#20: worker process 47 exited with code 0
2021/03/23 19:59:32 [notice] 20#20: signal 29 (SIGIO) received
2021/03/23 19:59:32 [notice] 20#20: signal 17 (SIGCHLD) received from 48
2021/03/23 19:59:32 [notice] 20#20: worker process 48 exited with code 0
2021/03/23 19:59:32 [notice] 20#20: signal 29 (SIGIO) received
W0323 20:01:46.182136       1 controller.go:2174] Error retrieving endpoints for the service k8s-triliovault-web-backend: No endpoints for target port 9443 in service k8s-triliovault-web-backend
2021/03/23 20:01:46 [notice] 20#20: signal 1 (SIGHUP) received from 54, reconfiguring
2021/03/23 20:01:46 [notice] 20#20: reconfiguring
2021/03/23 20:01:46 [notice] 20#20: using the "epoll" event method
2021/03/23 20:01:46 [notice] 20#20: start worker processes
2021/03/23 20:01:46 [notice] 20#20: start worker process 55
2021/03/23 20:01:46 [notice] 20#20: start worker process 56
2021/03/23 20:01:46 [notice] 20#20: start worker process 57
2021/03/23 20:01:46 [notice] 20#20: start worker process 58
2021/03/23 20:01:46 [notice] 51#51: gracefully shutting down
2021/03/23 20:01:46 [notice] 52#52: gracefully shutting down
2021/03/23 20:01:46 [notice] 53#53: gracefully shutting down
2021/03/23 20:01:46 [notice] 52#52: exiting
2021/03/23 20:01:46 [notice] 53#53: exiting
2021/03/23 20:01:46 [notice] 51#51: exiting
2021/03/23 20:01:46 [notice] 50#50: gracefully shutting down
2021/03/23 20:01:46 [notice] 50#50: exiting
2021/03/23 20:01:46 [notice] 50#50: exit
2021/03/23 20:01:46 [notice] 51#51: exit
2021/03/23 20:01:46 [notice] 52#52: exit
2021/03/23 20:01:46 [notice] 53#53: exit
2021/03/23 20:01:46 [notice] 20#20: signal 17 (SIGCHLD) received from 50
2021/03/23 20:01:46 [notice] 20#20: worker process 50 exited with code 0
2021/03/23 20:01:46 [notice] 20#20: signal 29 (SIGIO) received
2021/03/23 20:01:46 [notice] 20#20: signal 17 (SIGCHLD) received from 53
2021/03/23 20:01:46 [notice] 20#20: worker process 53 exited with code 0
2021/03/23 20:01:46 [notice] 20#20: signal 29 (SIGIO) received
2021/03/23 20:01:46 [notice] 20#20: signal 17 (SIGCHLD) received from 51
2021/03/23 20:01:46 [notice] 20#20: worker process 51 exited with code 0
2021/03/23 20:01:46 [notice] 20#20: signal 29 (SIGIO) received
2021/03/23 20:01:46 [notice] 20#20: signal 17 (SIGCHLD) received from 52
2021/03/23 20:01:46 [notice] 20#20: worker process 52 exited with code 0
2021/03/23 20:01:46 [notice] 20#20: signal 29 (SIGIO) received
2021/03/23 20:02:50 [notice] 20#20: signal 1 (SIGHUP) received from 59, reconfiguring
2021/03/23 20:02:50 [notice] 20#20: reconfiguring
2021/03/23 20:02:50 [notice] 20#20: using the "epoll" event method
2021/03/23 20:02:50 [notice] 20#20: start worker processes
2021/03/23 20:02:50 [notice] 20#20: start worker process 60
2021/03/23 20:02:50 [notice] 20#20: start worker process 61
2021/03/23 20:02:50 [notice] 20#20: start worker process 62
2021/03/23 20:02:50 [notice] 20#20: start worker process 63
2021/03/23 20:02:51 [notice] 56#56: gracefully shutting down
2021/03/23 20:02:51 [notice] 56#56: exiting
2021/03/23 20:02:51 [notice] 58#58: gracefully shutting down
2021/03/23 20:02:51 [notice] 58#58: exiting
2021/03/23 20:02:51 [notice] 57#57: gracefully shutting down
2021/03/23 20:02:51 [notice] 57#57: exiting
2021/03/23 20:02:51 [notice] 56#56: exit
2021/03/23 20:02:51 [notice] 57#57: exit
2021/03/23 20:02:51 [notice] 58#58: exit
2021/03/23 20:02:51 [notice] 55#55: gracefully shutting down
2021/03/23 20:02:51 [notice] 55#55: exiting
2021/03/23 20:02:51 [notice] 55#55: exit
2021/03/23 20:02:51 [notice] 20#20: signal 17 (SIGCHLD) received from 56
2021/03/23 20:02:51 [notice] 20#20: worker process 56 exited with code 0
2021/03/23 20:02:51 [notice] 20#20: worker process 57 exited with code 0
2021/03/23 20:02:51 [notice] 20#20: worker process 58 exited with code 0
2021/03/23 20:02:51 [notice] 20#20: signal 29 (SIGIO) received
2021/03/23 20:02:51 [notice] 20#20: signal 17 (SIGCHLD) received from 55
2021/03/23 20:02:51 [notice] 20#20: worker process 55 exited with code 0
2021/03/23 20:02:51 [notice] 20#20: signal 29 (SIGIO) received
2021/03/24 01:25:02 [notice] 20#20: signal 1 (SIGHUP) received from 64, reconfiguring
2021/03/24 01:25:02 [notice] 20#20: reconfiguring
2021/03/24 01:25:02 [notice] 20#20: using the "epoll" event method
2021/03/24 01:25:02 [notice] 20#20: start worker processes
2021/03/24 01:25:02 [notice] 20#20: start worker process 65
2021/03/24 01:25:02 [notice] 20#20: start worker process 66
2021/03/24 01:25:02 [notice] 20#20: start worker process 67
2021/03/24 01:25:02 [notice] 20#20: start worker process 68
2021/03/24 01:25:02 [notice] 61#61: gracefully shutting down
2021/03/24 01:25:02 [notice] 61#61: exiting
2021/03/24 01:25:02 [notice] 60#60: gracefully shutting down
2021/03/24 01:25:02 [notice] 61#61: exit
2021/03/24 01:25:02 [notice] 60#60: exiting
2021/03/24 01:25:02 [notice] 62#62: gracefully shutting down
2021/03/24 01:25:02 [notice] 62#62: exiting
2021/03/24 01:25:02 [notice] 62#62: exit
2021/03/24 01:25:02 [notice] 60#60: exit
2021/03/24 01:25:02 [notice] 63#63: gracefully shutting down
2021/03/24 01:25:02 [notice] 63#63: exiting
2021/03/24 01:25:02 [notice] 63#63: exit
2021/03/24 01:25:02 [notice] 20#20: signal 17 (SIGCHLD) received from 63
2021/03/24 01:25:02 [notice] 20#20: worker process 60 exited with code 0
2021/03/24 01:25:02 [notice] 20#20: worker process 61 exited with code 0
2021/03/24 01:25:02 [notice] 20#20: worker process 62 exited with code 0
2021/03/24 01:25:02 [notice] 20#20: worker process 63 exited with code 0
2021/03/24 01:25:02 [notice] 20#20: signal 29 (SIGIO) received
E0402 10:52:52.814481       1 leaderelection.go:325] error retrieving resource lock himan/nginx-ingress-leader-election: Get "https://10.96.0.1:443/api/v1/namespaces/himan/configmaps/nginx-ingress-leader-election": dial tcp 10.96.0.1:443: connect: connection refused
E0402 10:53:00.319300       1 leaderelection.go:325] error retrieving resource lock himan/nginx-ingress-leader-election: Get "https://10.96.0.1:443/api/v1/namespaces/himan/configmaps/nginx-ingress-leader-election": dial tcp 10.96.0.1:443: connect: connection refused
I0402 10:53:07.813782       1 leaderelection.go:278] failed to renew lease himan/nginx-ingress-leader-election: timed out waiting for the condition
