INFO:root:Calling crd-parser to get the datastore
INFO:root:Parsing the target-crd to get the list of datastores
INFO:root:Fetched the list of datastores to be mounted
INFO:root:mounting datastore of type s3
INFO:root:mounting the S3 datastore by the name s3
INFO:root:writing the conf data to the conf file: s3_vault.conf

INFO:root:command: /usr/bin/python /opt/tvk/datastore-attacher/mount_utility/run_fuse_in_background.py --conf=./trilio-tmp/s3_vault.conf &
INFO:root:Executing command /usr/bin/python /opt/tvk/datastore-attacher/mount_utility/run_fuse_in_background.py --conf=./trilio-tmp/s3_vault.conf &
INFO:root:/usr/bin/python /opt/tvk/datastore-attacher/mount_utility/run_fuse_in_background.py --conf=./trilio-tmp/s3_vault.conf & command execution starting time: 2021-04-08 11:00:23.453868
INFO:root:/usr/bin/python /opt/tvk/datastore-attacher/mount_utility/run_fuse_in_background.py --conf=./trilio-tmp/s3_vault.conf & command execution completion time: 2021-04-08 11:00:23.459739
INFO:root:Command:/usr/bin/python /opt/tvk/datastore-attacher/mount_utility/run_fuse_in_background.py --conf=./trilio-tmp/s3_vault.conf &, ExitCode:0

INFO:root:2021-04-08 11:00:23.460191: waiting for mount operation to complete.
INFO:root:2021-04-08 11:00:25.462151: waiting for mount operation to complete.
INFO:root:2021-04-08 11:00:27.464562: waiting for mount operation to complete.
INFO:root:2021-04-08 11:00:27.465492: target mounted successfully.
INFO:root:Removing all the vault files from the ./tmp directory


I0408 11:00:28.783513      31 request.go:655] Throttling request took 1.044680458s, request: GET:https://10.96.0.1:443/apis/policy/v1beta1?timeout=32s
{"component":"meta-mover","file":"cmd/metamover/metamover.go:10","func":"main.main","level":"info","msg":"Starting the Metadata Processing","time":"2021-04-08T11:00:30Z"}
{"component":"meta-mover","file":"cmd/metamover/app/snapshot.go:62","func":"github.com/trilioData/k8s-triliovault/cmd/metamover/app.runSnapshotE","level":"info","msg":"starting Metadata Snapshot","time":"2021-04-08T11:00:30Z"}
{"component":"meta-mover","file":"pkg/metamover/snapshot/snapshot_utils.go:50","func":"github.com/trilioData/k8s-triliovault/pkg/metamover/snapshot.getBackupPlanByRef","level":"info","msg":"Updated Object kind: , name: bk2 and namespace: ajay","time":"2021-04-08T11:00:30Z"}
{"component":"meta-mover","file":"pkg/metamover/snapshot/snapshot_utils.go:67","func":"github.com/trilioData/k8s-triliovault/pkg/metamover/snapshot.GetFullMetaDataSnapshot","level":"info","msg":"Checking if metadata snapshot for applications are needed...","time":"2021-04-08T11:00:30Z"}
{"component":"meta-mover","file":"pkg/metamover/snapshot/snapshot_utils.go:119","func":"github.com/trilioData/k8s-triliovault/pkg/metamover/snapshot.fullMetadataSnapshot","level":"info","msg":"Snapshot operation started for applications specified in backupPlan in ajay namespace","time":"2021-04-08T11:00:30Z"}
{"component":"meta-mover","file":"pkg/metamover/snapshot/helpers/utils.go:738","func":"github.com/trilioData/k8s-triliovault/pkg/metamover/snapshot/helpers.GetStorageClassFromDataSnapshot","level":"info","msg":"Found Storage Class resource reference in PVC, adding Storage Class: [csi-gce-pd] to dependent resources list","time":"2021-04-08T11:00:32Z"}
{"component":"meta-mover","file":"pkg/metamover/snapshot/parser/commons.go:965","func":"github.com/trilioData/k8s-triliovault/pkg/metamover/snapshot/parser.(*Component).ParseForDataComponents","level":"info","msg":"Skip this resource...Found nil parser for DataComponent, for GVK: policy/v1beta1, Kind=PodSecurityPolicy","time":"2021-04-08T11:00:32Z"}
{"component":"meta-mover","file":"pkg/metamover/snapshot/parser/commons.go:1022","func":"github.com/trilioData/k8s-triliovault/pkg/metamover/snapshot/parser.(*Component).ParseForDependentResources","level":"info","msg":"Skip this resource...Found nil parser during resource dependency check for GVKpolicy/v1beta1, Kind=PodSecurityPolicy","time":"2021-04-08T11:00:32Z"}
{"component":"meta-mover","file":"pkg/metamover/snapshot/parser/parser.go:516","func":"github.com/trilioData/k8s-triliovault/pkg/metamover/snapshot/parser.(*RoleBindingKindParser).DependentResources","level":"info","msg":"Found ClusterRole resource reference in ClusterRoleBinding, taking backup of ClusterRole: [aj-clusterrole-test]","time":"2021-04-08T11:00:32Z"}
{"component":"meta-mover","file":"pkg/metamover/snapshot/parser/commons.go:965","func":"github.com/trilioData/k8s-triliovault/pkg/metamover/snapshot/parser.(*Component).ParseForDataComponents","level":"info","msg":"Skip this resource...Found nil parser for DataComponent, for GVK: rbac.authorization.k8s.io/v1, Kind=ClusterRole","time":"2021-04-08T11:00:32Z"}
{"component":"meta-mover","file":"pkg/metamover/snapshot/parser/commons.go:1022","func":"github.com/trilioData/k8s-triliovault/pkg/metamover/snapshot/parser.(*Component).ParseForDependentResources","level":"info","msg":"Skip this resource...Found nil parser during resource dependency check for GVKrbac.authorization.k8s.io/v1, Kind=ClusterRole","time":"2021-04-08T11:00:32Z"}
{"component":"meta-mover","file":"pkg/metamover/snapshot/parser/commons.go:965","func":"github.com/trilioData/k8s-triliovault/pkg/metamover/snapshot/parser.(*Component).ParseForDataComponents","level":"info","msg":"Skip this resource...Found nil parser for DataComponent, for GVK: admissionregistration.k8s.io/v1, Kind=MutatingWebhookConfiguration","time":"2021-04-08T11:00:32Z"}
{"component":"meta-mover","file":"pkg/metamover/snapshot/parser/commons.go:1022","func":"github.com/trilioData/k8s-triliovault/pkg/metamover/snapshot/parser.(*Component).ParseForDependentResources","level":"info","msg":"Skip this resource...Found nil parser during resource dependency check for GVKadmissionregistration.k8s.io/v1, Kind=MutatingWebhookConfiguration","time":"2021-04-08T11:00:32Z"}
{"component":"meta-mover","file":"pkg/metamover/snapshot/parser/commons.go:965","func":"github.com/trilioData/k8s-triliovault/pkg/metamover/snapshot/parser.(*Component).ParseForDataComponents","level":"info","msg":"Skip this resource...Found nil parser for DataComponent, for GVK: admissionregistration.k8s.io/v1, Kind=ValidatingWebhookConfiguration","time":"2021-04-08T11:00:32Z"}
{"component":"meta-mover","file":"pkg/metamover/snapshot/parser/commons.go:1022","func":"github.com/trilioData/k8s-triliovault/pkg/metamover/snapshot/parser.(*Component).ParseForDependentResources","level":"info","msg":"Skip this resource...Found nil parser during resource dependency check for GVKadmissionregistration.k8s.io/v1, Kind=ValidatingWebhookConfiguration","time":"2021-04-08T11:00:32Z"}
{"component":"meta-mover","file":"pkg/metamover/snapshot/parser/commons.go:965","func":"github.com/trilioData/k8s-triliovault/pkg/metamover/snapshot/parser.(*Component).ParseForDataComponents","level":"info","msg":"Skip this resource...Found nil parser for DataComponent, for GVK: scheduling.k8s.io/v1, Kind=PriorityClass","time":"2021-04-08T11:00:32Z"}
{"component":"meta-mover","file":"pkg/metamover/snapshot/parser/commons.go:1022","func":"github.com/trilioData/k8s-triliovault/pkg/metamover/snapshot/parser.(*Component).ParseForDependentResources","level":"info","msg":"Skip this resource...Found nil parser during resource dependency check for GVKscheduling.k8s.io/v1, Kind=PriorityClass","time":"2021-04-08T11:00:32Z"}
{"component":"meta-mover","file":"internal/apis/snapshot_manager.go:171","func":"github.com/trilioData/k8s-triliovault/internal/apis.(*FullSnapshot).PushToTarget","level":"info","msg":"Created the destination directory for the backup: /triliodata/29bf53f2-5c99-4d82-af16-1fc0f9627db0/69be9316-daae-4c67-a604-fc6d343bbb00","time":"2021-04-08T11:00:34Z"}
2021-04-08 11:00:37.739 13 INFO s3 [-] Starting worker thread[7f06997fa700].[00m
2021-04-08 11:00:37.752 13 INFO s3 [-] Starting worker thread[7f0698ff9700].[00m
2021-04-08 11:00:37.760 13 INFO s3 [-] Starting worker thread[7f0677fff700].[00m
2021-04-08 11:00:37.834 13 INFO s3 [-] Starting worker thread[7f06777fe700].[00m
2021-04-08 11:00:37.846 13 INFO s3 [-] Starting worker thread[7f0676ffd700].[00m
2021-04-08 11:00:43.046 13 INFO s3 [-] Starting worker thread[7f06767fc700].[00m
2021-04-08 11:00:43.066 13 INFO s3 [-] Starting worker thread[7f06757fa700].[00m
2021-04-08 11:00:43.137 13 INFO s3 [-] Starting worker thread[7f0674ff9700].[00m
2021-04-08 11:00:43.145 13 INFO s3 [-] Starting worker thread[7f0657fff700].[00m
2021-04-08 11:00:43.222 13 INFO s3 [-] Starting worker thread[7f06577fe700].[00m
2021-04-08 11:00:46.741 13 INFO s3 [-] Starting worker thread[7f06757fa700].[00m
2021-04-08 11:00:46.759 13 INFO s3 [-] Starting worker thread[7f0674ff9700].[00m
2021-04-08 11:00:46.830 13 INFO s3 [-] Starting worker thread[7f06577fe700].[00m
2021-04-08 11:00:46.853 13 INFO s3 [-] Starting worker thread[7f0654ff9700].[00m
2021-04-08 11:00:46.930 13 INFO s3 [-] Starting worker thread[7f0637fff700].[00m
2021-04-08 11:00:50.140 13 INFO s3 [-] Starting worker thread[7f0674ff9700].[00m
2021-04-08 11:00:50.225 13 INFO s3 [-] Starting worker thread[7f06577fe700].[00m
2021-04-08 11:00:50.234 13 INFO s3 [-] Starting worker thread[7f0654ff9700].[00m
2021-04-08 11:00:50.248 13 INFO s3 [-] Starting worker thread[7f0637fff700].[00m
2021-04-08 11:00:50.264 13 INFO s3 [-] Starting worker thread[7f0636ffd700].[00m
{"component":"meta-mover","file":"cmd/metamover/app/snapshot.go:69","func":"github.com/trilioData/k8s-triliovault/cmd/metamover/app.runSnapshotE","level":"info","msg":"MetaData Snapshot Completed successfully!!!","time":"2021-04-08T11:00:51Z"}
