I0406 06:36:54.416063       1 request.go:655] Throttling request took 1.03054469s, request: GET:https://10.96.0.1:443/apis/coordination.k8s.io/v1beta1?timeout=32s
time="2021-04-06T06:36:54Z" level=info msg="initializing common tests package"
{"component":"Manager","file":"internal/helpers/olm.go:16","func":"github.com/trilioData/k8s-triliovault/internal/helpers.SetAppScopeIfNotPresent","level":"info","msg":"Setting up the APP_SCOPE environment","time":"2021-04-06T06:36:57Z"}
2021-04-06T06:36:58.489Z	INFO	controller-runtime.injectors-warning	Injectors are deprecated, and will be removed in v0.10.x
2021-04-06T06:36:58.489Z	INFO	controller-runtime.injectors-warning	Injectors are deprecated, and will be removed in v0.10.x
2021-04-06T06:36:58.489Z	INFO	controller-runtime.injectors-warning	Injectors are deprecated, and will be removed in v0.10.x
2021-04-06T06:36:58.489Z	INFO	controller-runtime.injectors-warning	Injectors are deprecated, and will be removed in v0.10.x
2021-04-06T06:36:58.489Z	INFO	controller-runtime.injectors-warning	Injectors are deprecated, and will be removed in v0.10.x
2021-04-06T06:36:58.489Z	INFO	controller-runtime.injectors-warning	Injectors are deprecated, and will be removed in v0.10.x
2021-04-06T06:36:58.489Z	INFO	controller-runtime.injectors-warning	Injectors are deprecated, and will be removed in v0.10.x
2021-04-06T06:36:58.489Z	INFO	controller-runtime.injectors-warning	Injectors are deprecated, and will be removed in v0.10.x
2021-04-06T06:36:58.489Z	INFO	controller-runtime.injectors-warning	Injectors are deprecated, and will be removed in v0.10.x
2021-04-06T06:36:58.489Z	INFO	controller-runtime.injectors-warning	Injectors are deprecated, and will be removed in v0.10.x
2021-04-06T06:36:58.489Z	INFO	controller-runtime.injectors-warning	Injectors are deprecated, and will be removed in v0.10.x
2021-04-06T06:36:58.489Z	INFO	controller-runtime.injectors-warning	Injectors are deprecated, and will be removed in v0.10.x
2021-04-06T06:36:58.489Z	INFO	controller-runtime.injectors-warning	Injectors are deprecated, and will be removed in v0.10.x
2021-04-06T06:36:58.489Z	INFO	controller-runtime.injectors-warning	Injectors are deprecated, and will be removed in v0.10.x
2021-04-06T06:36:58.489Z	INFO	controller-runtime.injectors-warning	Injectors are deprecated, and will be removed in v0.10.x
2021-04-06T06:36:58.489Z	INFO	controller-runtime.injectors-warning	Injectors are deprecated, and will be removed in v0.10.x
2021-04-06T06:36:58.489Z	INFO	controller-runtime.injectors-warning	Injectors are deprecated, and will be removed in v0.10.x
2021-04-06T06:36:58.489Z	INFO	controller-runtime.injectors-warning	Injectors are deprecated, and will be removed in v0.10.x
2021-04-06T06:36:58.489Z	INFO	controller-runtime.injectors-warning	Injectors are deprecated, and will be removed in v0.10.x
2021-04-06T06:36:58.489Z	INFO	controller-runtime.injectors-warning	Injectors are deprecated, and will be removed in v0.10.x
2021-04-06T06:36:58.489Z	INFO	setup	starting manager
2021-04-06T06:36:58.792Z	INFO	controller-runtime.manager.controller.backupplan	Starting EventSource	{"reconciler group": "triliovault.trilio.io", "reconciler kind": "BackupPlan", "source": "kind source: /, Kind="}
2021-04-06T06:36:58.793Z	INFO	controller-runtime.manager.controller.backupplan	Starting EventSource	{"reconciler group": "triliovault.trilio.io", "reconciler kind": "BackupPlan", "source": "kind source: /, Kind="}
2021-04-06T06:36:58.792Z	INFO	controller-runtime.manager.controller.restore	Starting EventSource	{"reconciler group": "triliovault.trilio.io", "reconciler kind": "Restore", "source": "kind source: /, Kind="}
2021-04-06T06:36:58.793Z	INFO	controller-runtime.manager.controller.backupplan	Starting EventSource	{"reconciler group": "triliovault.trilio.io", "reconciler kind": "BackupPlan", "source": "kind source: /, Kind="}
2021-04-06T06:36:58.793Z	INFO	controller-runtime.manager.controller.restore	Starting EventSource	{"reconciler group": "triliovault.trilio.io", "reconciler kind": "Restore", "source": "kind source: /, Kind="}
2021-04-06T06:36:58.793Z	INFO	controller-runtime.manager.controller.restore	Starting Controller	{"reconciler group": "triliovault.trilio.io", "reconciler kind": "Restore"}
2021-04-06T06:36:58.793Z	INFO	controller-runtime.manager.controller.restore	Starting workers	{"reconciler group": "triliovault.trilio.io", "reconciler kind": "Restore", "worker count": 1}
2021-04-06T06:36:58.793Z	INFO	controller-runtime.manager.controller.backupplan	Starting Controller	{"reconciler group": "triliovault.trilio.io", "reconciler kind": "BackupPlan"}
2021-04-06T06:36:58.793Z	INFO	controller-runtime.manager.controller.backupplan	Starting workers	{"reconciler group": "triliovault.trilio.io", "reconciler kind": "BackupPlan", "worker count": 1}
2021-04-06T06:36:58.793Z	INFO	controller-runtime.manager.controller.backup	Starting EventSource	{"reconciler group": "triliovault.trilio.io", "reconciler kind": "Backup", "source": "kind source: /, Kind="}
2021-04-06T06:36:58.794Z	INFO	analyzer.Backupplan	Reconciling backupplan	{"backupPlan": "ajay/bp"}
2021-04-06T06:36:58.794Z	INFO	controller-runtime.manager.controller.backup	Starting EventSource	{"reconciler group": "triliovault.trilio.io", "reconciler kind": "Backup", "source": "kind source: /, Kind="}
2021-04-06T06:36:58.794Z	INFO	controller-runtime.manager.controller.backup	Starting Controller	{"reconciler group": "triliovault.trilio.io", "reconciler kind": "Backup"}
2021-04-06T06:36:58.794Z	INFO	controller-runtime.manager.controller.backup	Starting workers	{"reconciler group": "triliovault.trilio.io", "reconciler kind": "Backup", "worker count": 1}
2021-04-06T06:36:58.796Z	INFO	controller-runtime.manager.controller.target	Starting EventSource	{"reconciler group": "triliovault.trilio.io", "reconciler kind": "Target", "source": "kind source: /, Kind="}
2021-04-06T06:36:58.897Z	INFO	controller-runtime.manager.controller.target	Starting EventSource	{"reconciler group": "triliovault.trilio.io", "reconciler kind": "Target", "source": "kind source: /, Kind="}
2021-04-06T06:36:58.897Z	INFO	controller-runtime.manager.controller.target	Starting EventSource	{"reconciler group": "triliovault.trilio.io", "reconciler kind": "Target", "source": "kind source: /, Kind="}
2021-04-06T06:36:58.897Z	INFO	controller-runtime.manager.controller.target	Starting Controller	{"reconciler group": "triliovault.trilio.io", "reconciler kind": "Target"}
2021-04-06T06:36:58.897Z	INFO	controller-runtime.manager.controller.target	Starting workers	{"reconciler group": "triliovault.trilio.io", "reconciler kind": "Target", "worker count": 1}
2021-04-06T06:36:58.898Z	INFO	analyzer.Target	Reconciling target	{"target": "ajay/s3"}
2021-04-06T06:36:58.999Z	INFO	analyzer.Target	Performing add Patch operation	{"target": "ajay/s3"}
2021-04-06T06:36:59.038Z	INFO	analyzer.Target	Reconciling target	{"target": "ajay/s3"}
2021-04-06T06:36:59.039Z	INFO	analyzer.Target	Performing replace Patch operation	{"target": "ajay/s3"}
2021-04-06T06:37:07.335Z	INFO	analyzer.Target	Reconciling target	{"target": "ajay/s3"}
2021-04-06T06:37:07.336Z	INFO	analyzer.Target	Performing replace Patch operation	{"target": "ajay/s3"}
2021-04-06T06:37:12.104Z	INFO	analyzer.Target	Reconciling target	{"target": "ajay/s3"}
2021-04-06T06:37:12.104Z	INFO	analyzer.Target	Performing replace Patch operation	{"target": "ajay/s3"}
2021-04-06T06:37:21.631Z	INFO	analyzer.Target	Reconciling target	{"target": "ajay/s3"}
2021-04-06T06:37:21.632Z	INFO	analyzer.Target	Performing replace Patch operation	{"target": "ajay/s3"}
2021-04-06T06:37:31.439Z	INFO	analyzer.Target	Reconciling target	{"target": "ajay/s3"}
2021-04-06T06:37:31.440Z	INFO	analyzer.Target	Performing replace Patch operation	{"target": "ajay/s3"}
2021-04-06T06:38:00.156Z	INFO	analyzer.Target	Reconciling target	{"target": "ajay/s3"}
2021-04-06T06:38:00.157Z	INFO	analyzer.Target	Performing replace Patch operation	{"target": "ajay/s3"}
2021-04-06T06:38:22.769Z	INFO	analyzer.Target	Reconciling target	{"target": "ajay/s3"}
2021-04-06T06:38:22.778Z	INFO	analyzer.Backupplan	Reconciling backupplan	{"backupPlan": "ajay/bp"}
2021-04-06T06:38:22.779Z	INFO	analyzer.Target	Performing replace Patch operation	{"target": "ajay/s3"}
2021-04-06T06:38:22.784Z	INFO	analyzer.Backupplan	Reconciling backupplan	{"backupPlan": "ajay/bp"}
2021-04-06T06:38:22.790Z	INFO	analyzer.Target	Reconciling target	{"target": "ajay/s3"}
2021-04-06T06:38:22.790Z	INFO	analyzer.Target	Performing replace Patch operation	{"target": "ajay/s3"}
2021-04-06T06:48:02.995Z	INFO	analyzer.Target	Reconciling target	{"target": "ajay/s3"}
2021-04-06T06:48:02.996Z	INFO	analyzer.Target	Performing replace Patch operation	{"target": "ajay/s3"}
2021-04-06T06:48:02.995Z	INFO	analyzer.Backup	Reconciling backup	{"backup": "ajay/bk1"}
2021-04-06T06:48:02.998Z	INFO	analyzer.Backup	Performing add Patch operation	{"backup": "ajay/bk1"}
2021-04-06T06:48:02.995Z	INFO	analyzer.Backupplan	Reconciling backupplan	{"backupPlan": "ajay/bp"}
2021-04-06T06:48:02.998Z	INFO	analyzer.Backupplan	Performing add Patch operation	{"backupPlan": "ajay/bp"}
2021-04-06T06:48:03.010Z	INFO	analyzer.Target	Reconciling target	{"target": "ajay/s3"}
2021-04-06T06:48:03.011Z	INFO	analyzer.Target	Performing replace Patch operation	{"target": "ajay/s3"}
2021-04-06T06:48:03.102Z	INFO	analyzer.Target	Reconciling target	{"target": "ajay/s3"}
2021-04-06T06:48:03.103Z	INFO	analyzer.Target	Performing replace Patch operation	{"target": "ajay/s3"}
2021-04-06T06:48:03.167Z	INFO	analyzer.Backupplan	Reconciling backupplan	{"backupPlan": "ajay/bp"}
2021-04-06T06:48:03.167Z	INFO	analyzer.Target	Reconciling target	{"target": "ajay/s3"}
2021-04-06T06:48:03.167Z	INFO	analyzer.Backup	Reconciling backup	{"backup": "ajay/bk1"}
2021-04-06T06:48:03.168Z	INFO	analyzer.Backup	Performing replace Patch operation	{"backup": "ajay/bk1"}
2021-04-06T06:48:03.168Z	INFO	analyzer.Backupplan	Performing replace Patch operation	{"backupPlan": "ajay/bp"}
2021-04-06T06:48:03.168Z	INFO	analyzer.Target	Performing replace Patch operation	{"target": "ajay/s3"}
2021-04-06T06:48:03.187Z	INFO	analyzer.Target	Reconciling target	{"target": "ajay/s3"}
2021-04-06T06:48:03.188Z	INFO	analyzer.Target	Performing replace Patch operation	{"target": "ajay/s3"}
2021-04-06T06:48:04.593Z	INFO	analyzer.Target	Reconciling target	{"target": "ajay/s3"}
2021-04-06T06:48:04.593Z	INFO	analyzer.Target	Performing replace Patch operation	{"target": "ajay/s3"}
2021-04-06T06:48:27.216Z	INFO	analyzer.Target	Reconciling target	{"target": "ajay/s3"}
2021-04-06T06:48:27.216Z	INFO	analyzer.Target	Performing replace Patch operation	{"target": "ajay/s3"}
2021-04-06T06:48:27.227Z	INFO	analyzer.Target	Reconciling target	{"target": "ajay/s3"}
2021-04-06T06:48:27.230Z	INFO	analyzer.Target	Performing replace Patch operation	{"target": "ajay/s3"}
2021-04-06T06:48:35.630Z	INFO	analyzer.Target	Reconciling target	{"target": "ajay/s3"}
2021-04-06T06:48:35.643Z	INFO	analyzer.Target	Performing replace Patch operation	{"target": "ajay/s3"}
2021-04-06T06:49:01.413Z	INFO	analyzer.Target	Reconciling target	{"target": "ajay/s3"}
2021-04-06T06:49:01.413Z	INFO	analyzer.Target	Performing replace Patch operation	{"target": "ajay/s3"}
2021-04-06T06:49:01.420Z	INFO	analyzer.Backup	Reconciling backup	{"backup": "ajay/bk1"}
2021-04-06T06:49:01.420Z	INFO	analyzer.Backup	Performing replace Patch operation	{"backup": "ajay/bk1"}
2021-04-06T06:49:01.420Z	INFO	analyzer.Backupplan	Reconciling backupplan	{"backupPlan": "ajay/bp"}
2021-04-06T06:49:01.420Z	INFO	analyzer.Backupplan	Performing replace Patch operation	{"backupPlan": "ajay/bp"}
2021-04-06T06:49:19.669Z	INFO	analyzer.Target	Reconciling target	{"target": "ajay/s3"}
2021-04-06T06:49:19.671Z	INFO	analyzer.Target	Performing replace Patch operation	{"target": "ajay/s3"}
2021-04-06T06:49:19.781Z	INFO	analyzer.Target	Reconciling target	{"target": "ajay/s3"}
2021-04-06T06:49:19.781Z	INFO	analyzer.Target	Performing replace Patch operation	{"target": "ajay/s3"}
2021-04-06T06:49:19.782Z	INFO	analyzer.Backupplan	Reconciling backupplan	{"backupPlan": "ajay/bp"}
2021-04-06T06:49:19.782Z	INFO	analyzer.Backupplan	Performing remove Patch operation	{"backupPlan": "ajay/bp"}
2021-04-06T06:49:19.782Z	INFO	analyzer.Backup	Reconciling backup	{"backup": "ajay/bk1"}
2021-04-06T06:49:19.816Z	INFO	analyzer.Target	Reconciling target	{"target": "ajay/s3"}
2021-04-06T06:49:19.816Z	INFO	analyzer.Target	Performing replace Patch operation	{"target": "ajay/s3"}
2021-04-06T06:51:41.600Z	INFO	analyzer.Target	Reconciling target	{"target": "ajay/s3"}
2021-04-06T06:51:41.600Z	INFO	analyzer.Target	Performing replace Patch operation	{"target": "ajay/s3"}
2021-04-06T06:51:41.601Z	INFO	analyzer.Backupplan	Reconciling backupplan	{"backupPlan": "ajay/bp"}
2021-04-06T06:51:41.601Z	INFO	analyzer.Backupplan	Performing add Patch operation	{"backupPlan": "ajay/bp"}
2021-04-06T06:51:41.601Z	INFO	analyzer.Backup	Reconciling backup	{"backup": "ajay/bk1"}
2021-04-06T06:51:41.601Z	INFO	analyzer.Backup	Performing add Patch operation	{"backup": "ajay/bk1"}
2021-04-06T06:51:41.612Z	INFO	analyzer.Target	Reconciling target	{"target": "ajay/s3"}
2021-04-06T06:51:41.612Z	INFO	analyzer.Target	Performing replace Patch operation	{"target": "ajay/s3"}
2021-04-06T06:51:41.804Z	INFO	analyzer.Target	Reconciling target	{"target": "ajay/s3"}
2021-04-06T06:51:41.805Z	INFO	analyzer.Target	Performing replace Patch operation	{"target": "ajay/s3"}
2021-04-06T06:51:41.902Z	INFO	analyzer.Target	Reconciling target	{"target": "ajay/s3"}
2021-04-06T06:51:41.902Z	INFO	analyzer.Target	Performing replace Patch operation	{"target": "ajay/s3"}
2021-04-06T06:51:41.904Z	INFO	analyzer.Backupplan	Reconciling backupplan	{"backupPlan": "ajay/bp"}
2021-04-06T06:51:41.904Z	INFO	analyzer.Backupplan	Performing replace Patch operation	{"backupPlan": "ajay/bp"}
2021-04-06T06:51:41.904Z	INFO	analyzer.Backup	Reconciling backup	{"backup": "ajay/bk1"}
2021-04-06T06:51:41.904Z	INFO	analyzer.Backup	Performing replace Patch operation	{"backup": "ajay/bk1"}
2021-04-06T06:51:41.937Z	INFO	analyzer.Target	Reconciling target	{"target": "ajay/s3"}
2021-04-06T06:51:41.937Z	INFO	analyzer.Target	Performing replace Patch operation	{"target": "ajay/s3"}
2021-04-06T06:51:42.965Z	INFO	analyzer.Target	Reconciling target	{"target": "ajay/s3"}
2021-04-06T06:51:42.965Z	INFO	analyzer.Target	Performing replace Patch operation	{"target": "ajay/s3"}
2021-04-06T06:52:03.456Z	INFO	analyzer.Target	Reconciling target	{"target": "ajay/s3"}
2021-04-06T06:52:03.457Z	INFO	analyzer.Target	Performing replace Patch operation	{"target": "ajay/s3"}
2021-04-06T06:52:03.467Z	INFO	analyzer.Target	Reconciling target	{"target": "ajay/s3"}
2021-04-06T06:52:03.467Z	INFO	analyzer.Target	Performing replace Patch operation	{"target": "ajay/s3"}
2021-04-06T06:52:22.736Z	INFO	analyzer.Target	Reconciling target	{"target": "ajay/s3"}
2021-04-06T06:52:22.736Z	INFO	analyzer.Target	Performing replace Patch operation	{"target": "ajay/s3"}
2021-04-06T06:52:22.803Z	INFO	analyzer.Target	Reconciling target	{"target": "ajay/s3"}
2021-04-06T06:52:22.803Z	INFO	analyzer.Target	Performing replace Patch operation	{"target": "ajay/s3"}
2021-04-06T06:52:23.104Z	INFO	analyzer.Target	Reconciling target	{"target": "ajay/s3"}
2021-04-06T06:52:23.104Z	INFO	analyzer.Target	Performing replace Patch operation	{"target": "ajay/s3"}
2021-04-06T06:52:23.156Z	INFO	analyzer.Target	Reconciling target	{"target": "ajay/s3"}
2021-04-06T06:52:23.156Z	INFO	analyzer.Target	Performing replace Patch operation	{"target": "ajay/s3"}
2021-04-06T06:52:30.143Z	INFO	analyzer.Target	Reconciling target	{"target": "ajay/s3"}
2021-04-06T06:52:30.143Z	INFO	analyzer.Target	Performing replace Patch operation	{"target": "ajay/s3"}
2021-04-06T06:53:52.677Z	INFO	analyzer.Target	Reconciling target	{"target": "ajay/s3"}
2021-04-06T06:53:52.677Z	INFO	analyzer.Target	Performing replace Patch operation	{"target": "ajay/s3"}
2021-04-06T06:53:52.689Z	INFO	analyzer.Target	Reconciling target	{"target": "ajay/s3"}
2021-04-06T06:53:52.690Z	INFO	analyzer.Target	Performing replace Patch operation	{"target": "ajay/s3"}
2021-04-06T06:53:52.757Z	INFO	analyzer.Target	Reconciling target	{"target": "ajay/s3"}
2021-04-06T06:53:52.759Z	INFO	analyzer.Target	Performing replace Patch operation	{"target": "ajay/s3"}
2021-04-06T06:53:52.973Z	INFO	analyzer.Target	Reconciling target	{"target": "ajay/s3"}
2021-04-06T06:53:52.974Z	INFO	analyzer.Target	Performing replace Patch operation	{"target": "ajay/s3"}
2021-04-06T07:09:46.335Z	INFO	analyzer.Target	Reconciling target	{"target": "ajay/s3"}
2021-04-06T07:09:46.339Z	INFO	analyzer.Target	Performing replace Patch operation	{"target": "ajay/s3"}
2021-04-06T07:09:47.287Z	INFO	analyzer.Target	Reconciling target	{"target": "ajay/s3"}
2021-04-06T07:09:47.288Z	INFO	analyzer.Target	Performing replace Patch operation	{"target": "ajay/s3"}
2021-04-06T07:09:47.306Z	INFO	analyzer.Target	Reconciling target	{"target": "ajay/s3"}
2021-04-06T07:09:47.306Z	INFO	analyzer.Target	Performing replace Patch operation	{"target": "ajay/s3"}
2021-04-06T07:10:13.704Z	INFO	analyzer.Backupplan	Reconciling backupplan	{"backupPlan": "ajay/bp"}
2021-04-06T07:10:13.705Z	INFO	analyzer.Backupplan	Performing replace Patch operation	{"backupPlan": "ajay/bp"}
2021-04-06T07:10:13.705Z	INFO	analyzer.Target	Reconciling target	{"target": "ajay/s3"}
2021-04-06T07:10:13.706Z	INFO	analyzer.Target	Performing replace Patch operation	{"target": "ajay/s3"}
2021-04-06T07:10:13.706Z	INFO	analyzer.Backup	Reconciling backup	{"backup": "ajay/bk1"}
2021-04-06T07:10:13.706Z	INFO	analyzer.Backup	Performing replace Patch operation	{"backup": "ajay/bk1"}
2021-04-06T07:10:13.763Z	INFO	analyzer.Backupplan	Reconciling backupplan	{"backupPlan": "ajay/bp"}
2021-04-06T07:10:13.763Z	INFO	analyzer.Backupplan	Performing replace Patch operation	{"backupPlan": "ajay/bp"}
2021-04-06T07:10:13.765Z	INFO	analyzer.Backup	Reconciling backup	{"backup": "ajay/bk1"}
2021-04-06T07:10:13.765Z	INFO	analyzer.Backup	Performing replace Patch operation	{"backup": "ajay/bk1"}
2021-04-06T07:10:13.766Z	INFO	analyzer.Target	Reconciling target	{"target": "ajay/s3"}
2021-04-06T07:10:13.766Z	INFO	analyzer.Target	Performing replace Patch operation	{"target": "ajay/s3"}
2021-04-06T16:27:59.195Z	INFO	analyzer.Target	Reconciling target	{"target": "ajay/s3"}
2021-04-06T16:27:59.196Z	INFO	analyzer.Target	Performing replace Patch operation	{"target": "ajay/s3"}
2021-04-06T16:36:56.905Z	INFO	analyzer.Target	Reconciling target	{"target": "ajay/s3"}
2021-04-06T16:36:56.906Z	INFO	analyzer.Target	Performing replace Patch operation	{"target": "ajay/s3"}
2021-04-07T02:17:57.165Z	INFO	analyzer.Target	Reconciling target	{"target": "ajay/s3"}
2021-04-07T02:17:57.166Z	INFO	analyzer.Target	Performing replace Patch operation	{"target": "ajay/s3"}
2021-04-07T02:35:53.655Z	INFO	analyzer.Target	Reconciling target	{"target": "ajay/s3"}
2021-04-07T02:35:53.656Z	INFO	analyzer.Target	Performing replace Patch operation	{"target": "ajay/s3"}
2021-04-07T12:07:55.121Z	INFO	analyzer.Target	Reconciling target	{"target": "ajay/s3"}
2021-04-07T12:07:55.123Z	INFO	analyzer.Target	Performing replace Patch operation	{"target": "ajay/s3"}
2021-04-07T12:34:50.404Z	INFO	analyzer.Target	Reconciling target	{"target": "ajay/s3"}
2021-04-07T12:34:50.405Z	INFO	analyzer.Target	Performing replace Patch operation	{"target": "ajay/s3"}
2021-04-07T21:57:53.088Z	INFO	analyzer.Target	Reconciling target	{"target": "ajay/s3"}
2021-04-07T21:57:53.090Z	INFO	analyzer.Target	Performing replace Patch operation	{"target": "ajay/s3"}
2021-04-07T22:33:47.154Z	INFO	analyzer.Target	Reconciling target	{"target": "ajay/s3"}
2021-04-07T22:33:47.154Z	INFO	analyzer.Target	Performing replace Patch operation	{"target": "ajay/s3"}
2021-04-08T07:47:51.052Z	INFO	analyzer.Target	Reconciling target	{"target": "ajay/s3"}
2021-04-08T07:47:51.054Z	INFO	analyzer.Target	Performing replace Patch operation	{"target": "ajay/s3"}
2021-04-08T08:32:43.905Z	INFO	analyzer.Target	Reconciling target	{"target": "ajay/s3"}
2021-04-08T08:32:43.906Z	INFO	analyzer.Target	Performing replace Patch operation	{"target": "ajay/s3"}
2021-04-08T10:59:51.575Z	INFO	analyzer.Target	Reconciling target	{"target": "ajay/s3"}
2021-04-08T10:59:51.576Z	INFO	analyzer.Backupplan	Reconciling backupplan	{"backupPlan": "ajay/bp"}
2021-04-08T10:59:51.576Z	INFO	analyzer.Backup	Reconciling backup	{"backup": "ajay/bk2"}
2021-04-08T10:59:51.576Z	INFO	analyzer.Backup	Performing add Patch operation	{"backup": "ajay/bk2"}
2021-04-08T10:59:51.577Z	INFO	analyzer.Target	Performing replace Patch operation	{"target": "ajay/s3"}
2021-04-08T10:59:51.618Z	INFO	analyzer.Backupplan	Performing replace Patch operation	{"backupPlan": "ajay/bp"}
2021-04-08T10:59:51.664Z	INFO	analyzer.Target	Reconciling target	{"target": "ajay/s3"}
2021-04-08T10:59:51.667Z	INFO	analyzer.Target	Performing replace Patch operation	{"target": "ajay/s3"}
2021-04-08T10:59:51.739Z	INFO	analyzer.Target	Reconciling target	{"target": "ajay/s3"}
2021-04-08T10:59:51.739Z	INFO	analyzer.Target	Performing replace Patch operation	{"target": "ajay/s3"}
2021-04-08T10:59:52.429Z	INFO	analyzer.Target	Reconciling target	{"target": "ajay/s3"}
2021-04-08T10:59:52.429Z	INFO	analyzer.Target	Performing replace Patch operation	{"target": "ajay/s3"}
2021-04-08T10:59:52.429Z	INFO	analyzer.Backup	Reconciling backup	{"backup": "ajay/bk2"}
2021-04-08T10:59:52.429Z	INFO	analyzer.Backup	Performing replace Patch operation	{"backup": "ajay/bk2"}
2021-04-08T10:59:52.429Z	INFO	analyzer.Backupplan	Reconciling backupplan	{"backupPlan": "ajay/bp"}
2021-04-08T10:59:52.430Z	INFO	analyzer.Backupplan	Performing replace Patch operation	{"backupPlan": "ajay/bp"}
2021-04-08T10:59:53.267Z	INFO	analyzer.Target	Reconciling target	{"target": "ajay/s3"}
2021-04-08T10:59:53.267Z	INFO	analyzer.Target	Performing replace Patch operation	{"target": "ajay/s3"}
2021-04-08T11:00:33.172Z	INFO	analyzer.Target	Reconciling target	{"target": "ajay/s3"}
2021-04-08T11:00:33.172Z	INFO	analyzer.Target	Performing replace Patch operation	{"target": "ajay/s3"}
2021-04-08T11:00:53.047Z	INFO	analyzer.Target	Reconciling target	{"target": "ajay/s3"}
2021-04-08T11:00:53.048Z	INFO	analyzer.Target	Performing replace Patch operation	{"target": "ajay/s3"}
2021-04-08T11:00:53.119Z	INFO	analyzer.Target	Reconciling target	{"target": "ajay/s3"}
2021-04-08T11:00:53.129Z	INFO	analyzer.Target	Performing replace Patch operation	{"target": "ajay/s3"}
2021-04-08T11:00:53.140Z	INFO	analyzer.Target	Reconciling target	{"target": "ajay/s3"}
2021-04-08T11:00:53.141Z	INFO	analyzer.Target	Performing replace Patch operation	{"target": "ajay/s3"}
2021-04-08T11:00:53.435Z	INFO	analyzer.Target	Reconciling target	{"target": "ajay/s3"}
2021-04-08T11:00:53.439Z	INFO	analyzer.Target	Performing replace Patch operation	{"target": "ajay/s3"}
2021-04-08T11:00:53.476Z	INFO	analyzer.Target	Reconciling target	{"target": "ajay/s3"}
2021-04-08T11:00:53.477Z	INFO	analyzer.Target	Performing replace Patch operation	{"target": "ajay/s3"}
2021-04-08T11:00:53.489Z	INFO	analyzer.Target	Reconciling target	{"target": "ajay/s3"}
2021-04-08T11:00:53.489Z	INFO	analyzer.Target	Performing replace Patch operation	{"target": "ajay/s3"}
2021-04-08T11:01:03.548Z	INFO	analyzer.Target	Reconciling target	{"target": "ajay/s3"}
2021-04-08T11:01:03.550Z	INFO	analyzer.Target	Performing replace Patch operation	{"target": "ajay/s3"}
2021-04-08T11:01:55.448Z	INFO	analyzer.Target	Reconciling target	{"target": "ajay/s3"}
2021-04-08T11:01:55.448Z	INFO	analyzer.Target	Performing replace Patch operation	{"target": "ajay/s3"}
2021-04-08T11:01:55.600Z	INFO	analyzer.Target	Reconciling target	{"target": "ajay/s3"}
2021-04-08T11:01:55.600Z	INFO	analyzer.Target	Performing replace Patch operation	{"target": "ajay/s3"}
2021-04-08T11:01:55.628Z	INFO	analyzer.Target	Reconciling target	{"target": "ajay/s3"}
2021-04-08T11:01:55.630Z	INFO	analyzer.Target	Performing replace Patch operation	{"target": "ajay/s3"}
2021-04-08T11:06:28.068Z	INFO	analyzer.Target	Reconciling target	{"target": "ajay/s3"}
2021-04-08T11:06:28.068Z	INFO	analyzer.Target	Performing replace Patch operation	{"target": "ajay/s3"}
2021-04-08T11:06:29.437Z	INFO	analyzer.Target	Reconciling target	{"target": "ajay/s3"}
2021-04-08T11:06:29.439Z	INFO	analyzer.Target	Performing replace Patch operation	{"target": "ajay/s3"}
2021-04-08T11:06:53.196Z	INFO	analyzer.Target	Reconciling target	{"target": "ajay/s3"}
2021-04-08T11:06:53.197Z	INFO	analyzer.Backupplan	Reconciling backupplan	{"backupPlan": "ajay/bp"}
2021-04-08T11:06:53.197Z	INFO	analyzer.Backup	Reconciling backup	{"backup": "ajay/bk2"}
2021-04-08T11:06:53.197Z	INFO	analyzer.Backup	Performing replace Patch operation	{"backup": "ajay/bk2"}
2021-04-08T11:06:53.198Z	INFO	analyzer.Backupplan	Performing replace Patch operation	{"backupPlan": "ajay/bp"}
2021-04-08T11:06:53.217Z	INFO	analyzer.Target	Performing replace Patch operation	{"target": "ajay/s3"}
2021-04-08T17:37:49.021Z	INFO	analyzer.Target	Reconciling target	{"target": "ajay/s3"}
2021-04-08T17:37:49.022Z	INFO	analyzer.Target	Performing replace Patch operation	{"target": "ajay/s3"}
2021-04-08T17:37:49.111Z	INFO	analyzer.Target	Reconciling target	{"target": "ajay/s3"}
2021-04-08T17:37:49.111Z	INFO	analyzer.Target	Performing replace Patch operation	{"target": "ajay/s3"}
2021-04-08T18:31:40.654Z	INFO	analyzer.Target	Reconciling target	{"target": "ajay/s3"}
2021-04-08T18:31:40.655Z	INFO	analyzer.Target	Performing replace Patch operation	{"target": "ajay/s3"}
2021-04-09T03:27:46.983Z	INFO	analyzer.Target	Reconciling target	{"target": "ajay/s3"}
2021-04-09T03:27:46.984Z	INFO	analyzer.Target	Performing replace Patch operation	{"target": "ajay/s3"}
2021-04-09T04:30:37.405Z	INFO	analyzer.Target	Reconciling target	{"target": "ajay/s3"}
2021-04-09T04:30:37.406Z	INFO	analyzer.Target	Performing replace Patch operation	{"target": "ajay/s3"}
