I0406 06:36:39.307363       6 request.go:655] Throttling request took 1.041289989s, request: GET:https://10.96.0.1:443/apis/etcd.database.coreos.com/v1beta2?timeout=32s
I0406 06:37:59.548188       1 main.go:258] Starting NGINX Ingress controller Version=edge GitCommit=177af78c
2021/04/06 06:38:00 [notice] 19#19: using the "epoll" event method
2021/04/06 06:38:00 [notice] 19#19: nginx/1.19.8
2021/04/06 06:38:00 [notice] 19#19: built by gcc 8.3.1 20191121 (Red Hat 8.3.1-5) (GCC) 
2021/04/06 06:38:00 [notice] 19#19: OS: Linux 4.19.150+
2021/04/06 06:38:00 [notice] 19#19: getrlimit(RLIMIT_NOFILE): 1048576:1048576
2021/04/06 06:38:00 [notice] 19#19: start worker processes
2021/04/06 06:38:00 [notice] 19#19: start worker process 21
2021/04/06 06:38:00 [notice] 19#19: start worker process 22
2021/04/06 06:38:00 [notice] 19#19: start worker process 23
2021/04/06 06:38:00 [notice] 19#19: start worker process 24
2021/04/06 06:38:01 [notice] 19#19: signal 1 (SIGHUP) received from 30, reconfiguring
2021/04/06 06:38:01 [notice] 19#19: reconfiguring
2021/04/06 06:38:01 [notice] 19#19: using the "epoll" event method
2021/04/06 06:38:01 [notice] 19#19: start worker processes
2021/04/06 06:38:01 [notice] 19#19: start worker process 31
2021/04/06 06:38:01 [notice] 19#19: start worker process 32
2021/04/06 06:38:01 [notice] 19#19: start worker process 33
2021/04/06 06:38:01 [notice] 19#19: start worker process 34
2021/04/06 06:38:01 [notice] 21#21: gracefully shutting down
2021/04/06 06:38:01 [notice] 21#21: exiting
2021/04/06 06:38:01 [notice] 21#21: exit
2021/04/06 06:38:01 [notice] 23#23: gracefully shutting down
2021/04/06 06:38:01 [notice] 22#22: gracefully shutting down
2021/04/06 06:38:01 [notice] 22#22: exiting
2021/04/06 06:38:01 [notice] 23#23: exiting
2021/04/06 06:38:01 [notice] 23#23: exit
2021/04/06 06:38:01 [notice] 22#22: exit
2021/04/06 06:38:01 [notice] 24#24: gracefully shutting down
2021/04/06 06:38:01 [notice] 24#24: exiting
2021/04/06 06:38:01 [notice] 24#24: exit
2021/04/06 06:38:01 [notice] 19#19: signal 17 (SIGCHLD) received from 23
2021/04/06 06:38:01 [notice] 19#19: worker process 21 exited with code 0
2021/04/06 06:38:01 [notice] 19#19: worker process 23 exited with code 0
2021/04/06 06:38:01 [notice] 19#19: signal 29 (SIGIO) received
2021/04/06 06:38:01 [notice] 19#19: signal 17 (SIGCHLD) received from 24
2021/04/06 06:38:01 [notice] 19#19: worker process 22 exited with code 0
2021/04/06 06:38:01 [notice] 19#19: worker process 24 exited with code 0
2021/04/06 06:38:01 [notice] 19#19: signal 29 (SIGIO) received
I0406 06:38:01.356978       1 event.go:282] Event(v1.ObjectReference{Kind:"Secret", Namespace:"ajay", Name:"k8s-triliovault-ingress-tls-certs", UID:"f8368073-9331-43a5-94ba-181c396268f5", APIVersion:"v1", ResourceVersion:"95141113", FieldPath:""}): type: 'Normal' reason: 'Updated' the special Secret ajay/k8s-triliovault-ingress-tls-certs was updated
W0406 06:38:01.358267       1 controller.go:3055] Using the DEPRECATED annotation 'kubernetes.io/ingress.class'. The 'ingressClassName' field will be ignored.
2021/04/06 06:38:01 [notice] 19#19: signal 1 (SIGHUP) received from 35, reconfiguring
2021/04/06 06:38:01 [notice] 19#19: reconfiguring
2021/04/06 06:38:01 [notice] 19#19: using the "epoll" event method
2021/04/06 06:38:01 [notice] 19#19: start worker processes
2021/04/06 06:38:01 [notice] 19#19: start worker process 36
2021/04/06 06:38:01 [notice] 19#19: start worker process 37
2021/04/06 06:38:01 [notice] 19#19: start worker process 38
2021/04/06 06:38:01 [notice] 19#19: start worker process 39
2021/04/06 06:38:01 [notice] 32#32: gracefully shutting down
2021/04/06 06:38:01 [notice] 32#32: exiting
2021/04/06 06:38:01 [notice] 32#32: exit
2021/04/06 06:38:01 [notice] 34#34: gracefully shutting down
2021/04/06 06:38:01 [notice] 34#34: exiting
2021/04/06 06:38:01 [notice] 34#34: exit
2021/04/06 06:38:01 [notice] 31#31: gracefully shutting down
2021/04/06 06:38:01 [notice] 31#31: exiting
2021/04/06 06:38:01 [notice] 31#31: exit
2021/04/06 06:38:01 [notice] 33#33: gracefully shutting down
2021/04/06 06:38:01 [notice] 33#33: exiting
2021/04/06 06:38:01 [notice] 33#33: exit
2021/04/06 06:38:01 [notice] 19#19: signal 17 (SIGCHLD) received from 34
2021/04/06 06:38:01 [notice] 19#19: worker process 31 exited with code 0
2021/04/06 06:38:01 [notice] 19#19: worker process 32 exited with code 0
2021/04/06 06:38:01 [notice] 19#19: worker process 34 exited with code 0
2021/04/06 06:38:01 [notice] 19#19: signal 29 (SIGIO) received
2021/04/06 06:38:01 [notice] 19#19: signal 17 (SIGCHLD) received from 33
2021/04/06 06:38:01 [notice] 19#19: worker process 33 exited with code 0
2021/04/06 06:38:01 [notice] 19#19: signal 29 (SIGIO) received
I0406 06:38:01.660357       1 event.go:282] Event(v1.ObjectReference{Kind:"Ingress", Namespace:"ajay", Name:"k8s-triliovault-ingress", UID:"c4fef335-4bc8-48d9-b292-84f8de6bc2a1", APIVersion:"networking.k8s.io/v1beta1", ResourceVersion:"74471743", FieldPath:""}): type: 'Normal' reason: 'AddedOrUpdated' Configuration for ajay/k8s-triliovault-ingress was added or updated 
