I0405 12:11:53.465700       6 request.go:655] Throttling request took 1.026717553s, request: GET:https://10.96.0.1:443/apis/snapshot.storage.k8s.io/v1beta1?timeout=32s
I0405 12:12:14.396928       1 main.go:258] Starting NGINX Ingress controller Version=edge GitCommit=177af78c
2021/04/05 12:12:14 [notice] 20#20: using the "epoll" event method
2021/04/05 12:12:14 [notice] 20#20: nginx/1.19.8
2021/04/05 12:12:14 [notice] 20#20: built by gcc 8.3.1 20191121 (Red Hat 8.3.1-5) (GCC) 
2021/04/05 12:12:14 [notice] 20#20: OS: Linux 4.19.150+
2021/04/05 12:12:14 [notice] 20#20: getrlimit(RLIMIT_NOFILE): 1048576:1048576
2021/04/05 12:12:14 [notice] 20#20: start worker processes
2021/04/05 12:12:14 [notice] 20#20: start worker process 21
2021/04/05 12:12:14 [notice] 20#20: start worker process 22
2021/04/05 12:12:14 [notice] 20#20: start worker process 23
2021/04/05 12:12:14 [notice] 20#20: start worker process 24
W0405 12:12:14.897365       1 controller.go:3055] Using the DEPRECATED annotation 'kubernetes.io/ingress.class'. The 'ingressClassName' field will be ignored.
2021/04/05 12:12:15 [notice] 20#20: signal 1 (SIGHUP) received from 28, reconfiguring
2021/04/05 12:12:15 [notice] 20#20: reconfiguring
2021/04/05 12:12:15 [notice] 20#20: using the "epoll" event method
2021/04/05 12:12:15 [notice] 20#20: start worker processes
2021/04/05 12:12:15 [notice] 20#20: start worker process 30
2021/04/05 12:12:15 [notice] 20#20: start worker process 31
2021/04/05 12:12:15 [notice] 20#20: start worker process 32
2021/04/05 12:12:15 [notice] 20#20: start worker process 33
2021/04/05 12:12:15 [notice] 22#22: gracefully shutting down
2021/04/05 12:12:15 [notice] 21#21: gracefully shutting down
2021/04/05 12:12:15 [notice] 22#22: exiting
2021/04/05 12:12:15 [notice] 21#21: exiting
2021/04/05 12:12:15 [notice] 23#23: gracefully shutting down
2021/04/05 12:12:15 [notice] 23#23: exiting
2021/04/05 12:12:15 [notice] 21#21: exit
2021/04/05 12:12:15 [notice] 22#22: exit
2021/04/05 12:12:15 [notice] 24#24: gracefully shutting down
2021/04/05 12:12:15 [notice] 24#24: exiting
2021/04/05 12:12:15 [notice] 24#24: exit
2021/04/05 12:12:15 [notice] 23#23: exit
2021/04/05 12:12:15 [notice] 20#20: signal 17 (SIGCHLD) received from 22
2021/04/05 12:12:15 [notice] 20#20: worker process 22 exited with code 0
2021/04/05 12:12:15 [notice] 20#20: signal 29 (SIGIO) received
2021/04/05 12:12:15 [notice] 20#20: signal 17 (SIGCHLD) received from 24
2021/04/05 12:12:15 [notice] 20#20: worker process 24 exited with code 0
2021/04/05 12:12:15 [notice] 20#20: signal 29 (SIGIO) received
2021/04/05 12:12:15 [notice] 20#20: signal 17 (SIGCHLD) received from 21
2021/04/05 12:12:15 [notice] 20#20: worker process 21 exited with code 0
2021/04/05 12:12:15 [notice] 20#20: signal 29 (SIGIO) received
2021/04/05 12:12:15 [notice] 20#20: signal 17 (SIGCHLD) received from 23
2021/04/05 12:12:15 [notice] 20#20: worker process 23 exited with code 0
2021/04/05 12:12:15 [notice] 20#20: signal 29 (SIGIO) received
I0405 12:12:15.446982       1 event.go:282] Event(v1.ObjectReference{Kind:"Ingress", Namespace:"ms", Name:"k8s-triliovault-ingress", UID:"fe4c8147-a047-4060-b65c-1b8c754940c8", APIVersion:"networking.k8s.io/v1beta1", ResourceVersion:"92772815", FieldPath:""}): type: 'Normal' reason: 'AddedOrUpdated' Configuration for ms/k8s-triliovault-ingress was added or updated 
2021/04/05 12:12:15 [notice] 20#20: signal 1 (SIGHUP) received from 34, reconfiguring
2021/04/05 12:12:15 [notice] 20#20: reconfiguring
2021/04/05 12:12:15 [notice] 20#20: using the "epoll" event method
2021/04/05 12:12:15 [notice] 20#20: start worker processes
2021/04/05 12:12:15 [notice] 20#20: start worker process 35
2021/04/05 12:12:15 [notice] 20#20: start worker process 36
2021/04/05 12:12:15 [notice] 20#20: start worker process 37
2021/04/05 12:12:15 [notice] 20#20: start worker process 38
2021/04/05 12:12:15 [notice] 31#31: gracefully shutting down
2021/04/05 12:12:15 [notice] 33#33: gracefully shutting down
2021/04/05 12:12:15 [notice] 32#32: gracefully shutting down
2021/04/05 12:12:15 [notice] 33#33: exiting
2021/04/05 12:12:15 [notice] 32#32: exiting
2021/04/05 12:12:15 [notice] 32#32: exit
2021/04/05 12:12:15 [notice] 31#31: exiting
2021/04/05 12:12:15 [notice] 30#30: gracefully shutting down
2021/04/05 12:12:15 [notice] 30#30: exiting
2021/04/05 12:12:15 [notice] 31#31: exit
2021/04/05 12:12:15 [notice] 30#30: exit
2021/04/05 12:12:15 [notice] 33#33: exit
I0405 12:12:15.718771       1 event.go:282] Event(v1.ObjectReference{Kind:"Secret", Namespace:"ms", Name:"k8s-triliovault-ingress-tls-certs", UID:"ebeeb4e8-4293-4ea7-a861-734f037cba62", APIVersion:"v1", ResourceVersion:"93105233", FieldPath:""}): type: 'Normal' reason: 'Updated' the special Secret ms/k8s-triliovault-ingress-tls-certs was updated
2021/04/05 12:12:15 [notice] 20#20: signal 17 (SIGCHLD) received from 33
2021/04/05 12:12:15 [notice] 20#20: worker process 33 exited with code 0
2021/04/05 12:12:15 [notice] 20#20: signal 29 (SIGIO) received
2021/04/05 12:12:15 [notice] 20#20: signal 17 (SIGCHLD) received from 31
2021/04/05 12:12:15 [notice] 20#20: worker process 31 exited with code 0
2021/04/05 12:12:15 [notice] 20#20: worker process 32 exited with code 0
2021/04/05 12:12:15 [notice] 20#20: signal 29 (SIGIO) received
2021/04/05 12:12:15 [notice] 20#20: signal 17 (SIGCHLD) received from 30
2021/04/05 12:12:15 [notice] 20#20: worker process 30 exited with code 0
2021/04/05 12:12:15 [notice] 20#20: signal 29 (SIGIO) received
2021/04/05 12:28:46 [notice] 20#20: signal 1 (SIGHUP) received from 39, reconfiguring
2021/04/05 12:28:46 [notice] 20#20: reconfiguring
2021/04/05 12:28:46 [notice] 20#20: using the "epoll" event method
2021/04/05 12:28:46 [notice] 20#20: start worker processes
2021/04/05 12:28:46 [notice] 20#20: start worker process 40
2021/04/05 12:28:46 [notice] 20#20: start worker process 41
2021/04/05 12:28:46 [notice] 20#20: start worker process 42
2021/04/05 12:28:46 [notice] 20#20: start worker process 43
2021/04/05 12:28:46 [notice] 35#35: gracefully shutting down
2021/04/05 12:28:46 [notice] 35#35: exiting
2021/04/05 12:28:46 [notice] 35#35: exit
2021/04/05 12:28:46 [notice] 36#36: gracefully shutting down
2021/04/05 12:28:46 [notice] 36#36: exiting
2021/04/05 12:28:46 [notice] 36#36: exit
2021/04/05 12:28:46 [notice] 37#37: gracefully shutting down
2021/04/05 12:28:46 [notice] 37#37: exiting
2021/04/05 12:28:46 [notice] 37#37: exit
2021/04/05 12:28:46 [notice] 38#38: gracefully shutting down
2021/04/05 12:28:46 [notice] 38#38: exiting
2021/04/05 12:28:46 [notice] 38#38: exit
2021/04/05 12:28:46 [notice] 20#20: signal 17 (SIGCHLD) received from 35
2021/04/05 12:28:46 [notice] 20#20: worker process 35 exited with code 0
2021/04/05 12:28:46 [notice] 20#20: signal 29 (SIGIO) received
2021/04/05 12:28:46 [notice] 20#20: signal 17 (SIGCHLD) received from 38
2021/04/05 12:28:46 [notice] 20#20: worker process 38 exited with code 0
2021/04/05 12:28:46 [notice] 20#20: signal 29 (SIGIO) received
2021/04/05 12:28:46 [notice] 20#20: signal 17 (SIGCHLD) received from 37
2021/04/05 12:28:46 [notice] 20#20: worker process 36 exited with code 0
2021/04/05 12:28:46 [notice] 20#20: worker process 37 exited with code 0
2021/04/05 12:28:46 [notice] 20#20: signal 29 (SIGIO) received
2021/04/05 12:28:46 [notice] 20#20: signal 1 (SIGHUP) received from 44, reconfiguring
2021/04/05 12:28:46 [notice] 20#20: reconfiguring
2021/04/05 12:28:46 [notice] 20#20: using the "epoll" event method
2021/04/05 12:28:46 [notice] 20#20: start worker processes
2021/04/05 12:28:46 [notice] 20#20: start worker process 45
2021/04/05 12:28:46 [notice] 20#20: start worker process 46
2021/04/05 12:28:46 [notice] 20#20: start worker process 47
2021/04/05 12:28:46 [notice] 20#20: start worker process 48
2021/04/05 12:28:47 [notice] 43#43: gracefully shutting down
2021/04/05 12:28:47 [notice] 40#40: gracefully shutting down
2021/04/05 12:28:47 [notice] 43#43: exiting
2021/04/05 12:28:47 [notice] 40#40: exiting
2021/04/05 12:28:47 [notice] 40#40: exit
2021/04/05 12:28:47 [notice] 43#43: exit
2021/04/05 12:28:47 [notice] 42#42: gracefully shutting down
2021/04/05 12:28:47 [notice] 42#42: exiting
2021/04/05 12:28:47 [notice] 42#42: exit
2021/04/05 12:28:47 [notice] 41#41: gracefully shutting down
2021/04/05 12:28:47 [notice] 41#41: exiting
2021/04/05 12:28:47 [notice] 41#41: exit
2021/04/05 12:28:47 [notice] 20#20: signal 17 (SIGCHLD) received from 42
2021/04/05 12:28:47 [notice] 20#20: worker process 41 exited with code 0
2021/04/05 12:28:47 [notice] 20#20: worker process 42 exited with code 0
2021/04/05 12:28:47 [notice] 20#20: worker process 43 exited with code 0
2021/04/05 12:28:47 [notice] 20#20: signal 29 (SIGIO) received
2021/04/05 12:28:47 [notice] 20#20: signal 17 (SIGCHLD) received from 40
2021/04/05 12:28:47 [notice] 20#20: worker process 40 exited with code 0
2021/04/05 12:28:47 [notice] 20#20: signal 29 (SIGIO) received
